00000220	                        	                                	ST0=FFFFFFFFFFFFFFFF ST1=FFFFFFFFFFFFFFFF ST2=FFFFFFFFFFFFFFFF ST3=FFFFFFFFFFFFFFFF ST4=FFFFFFFFFFFFFFFF ST5=FFFFFFFFFFFFFFFF ST6=FFFFFFFFFFFFFFFF ST7=FFFFFFFFFFFFFFFF CTRL=FFFF CS=001B DS=0023 ES=0023 FS=003B GS=0000 SS=0023 EAX=0012FE1C EBX=00000000 ECX=0012FFBC EDX=00250608 ESI=0012FD2C EDI=00250688 EBP=0012FCEC ESP=0012FCCC EFL=00000346 XMM0= XMM1= XMM2= XMM3= XMM4= XMM5= XMM6= XMM7= MXCSR=FFFFFFFF MM0= MM1= MM2= MM3= MM4= MM5= MM6= MM7= 	
00000220	.text:0040172D          	jz      short near ptr unk_401732	                                        	
00000220	.text:00401734          	pop     ebp                     	EBP=0012FFF0 ESP=0012FFC4               	
00000220	.text:00401735          	retn                            	ESP=0012FFC8                            	
00000220	.text:00401736          	jz      short loc_40173B        	                                        	
00000220	.text:00401738          	jnz     short loc_40173B        	                                        	
00000220	.text:0040173C          	push    eax                     	ESP=0012FEDC                            	
00000220	.text:0040173C          	push    eax                     	ESP=0012FEE0                            	
00000220	.text:0040173C          	push    eax                     	ESP=0012FEE4                            	
00000220	.text:0040173C          	push    eax                     	ESP=0012FEE8                            	
00000220	.text:0040173C          	push    eax                     	ESP=0012FEEC                            	
00000220	.text:0040173C          	push    eax                     	ESP=0012FEF0                            	
00000220	.text:0040173C          	push    eax                     	ESP=0012FEF4                            	
00000220	.text:0040173C          	push    eax                     	ESP=0012FEF8                            	
00000220	.text:0040173C          	push    eax                     	ESP=0012FEFC                            	
00000220	.text:0040173C          	push    eax                     	ESP=0012FF00                            	
00000220	.text:0040173C          	push    eax                     	ESP=0012FF04                            	
00000220	.text:0040173C          	push    eax                     	ESP=0012FF08                            	
00000220	.text:0040173C          	push    eax                     	ESP=0012FF0C                            	
00000220	.text:0040173C          	push    eax                     	ESP=0012FF10                            	
00000220	.text:0040173C          	push    eax                     	ESP=0012FF14                            	
00000220	.text:0040173C          	push    eax                     	ESP=0012FF18                            	
00000220	.text:0040173C          	push    eax                     	ESP=0012FF1C                            	
00000220	.text:0040173C          	push    eax                     	ESP=0012FF20                            	
00000220	.text:0040173C          	push    eax                     	ESP=0012FF24                            	
00000220	.text:0040173C          	push    eax                     	ESP=0012FF28                            	
00000220	.text:0040173C          	push    eax                     	ESP=0012FF2C                            	
00000220	.text:0040173C          	push    eax                     	ESP=0012FF30                            	
00000220	.text:0040173C          	push    eax                     	ESP=0012FF34                            	
00000220	.text:0040173C          	push    eax                     	ESP=0012FF38                            	
00000220	.text:0040173C          	push    eax                     	ESP=0012FF3C                            	
00000220	.text:0040173C          	push    eax                     	ESP=0012FF40                            	
00000220	.text:0040173C          	push    eax                     	ESP=0012FF44                            	
00000220	.text:0040173C          	push    eax                     	ESP=0012FF48                            	
00000220	.text:0040173C          	push    eax                     	ESP=0012FF4C                            	
00000220	.text:0040173C          	push    eax                     	ESP=0012FF50                            	
00000220	.text:0040173C          	push    eax                     	ESP=0012FF54                            	
00000220	.text:0040173C          	push    eax                     	ESP=0012FF58                            	
00000220	.text:0040173C          	push    eax                     	ESP=0012FF5C                            	
00000220	.text:0040173C          	push    eax                     	ESP=0012FF60                            	
00000220	.text:0040173C          	push    eax                     	ESP=0012FF64                            	
00000220	.text:0040173C          	push    eax                     	ESP=0012FF68                            	
00000220	.text:0040173C          	push    eax                     	ESP=0012FF6C                            	
00000220	.text:0040173C          	push    eax                     	ESP=0012FF70                            	
00000220	.text:0040173C          	push    eax                     	ESP=0012FF74                            	
00000220	.text:0040173C          	push    eax                     	ESP=0012FF78                            	
00000220	.text:0040173C          	push    eax                     	ESP=0012FF7C                            	
00000220	.text:0040173D          	jnz     short loc_401742        	                                        	
00000220	.text:00401749          	ror     dword ptr [esp], 1Fh    	                                        	
00000220	.text:0040174D          	sub     dword ptr [esp], 0FFFFE8A5h	CF=1                                    	
00000220	.text:0040174D          	sub     dword ptr [esp], 0FFFFE8A5h	CF=1 AF=1                               	
00000220	.text:0040174D          	sub     dword ptr [esp], 0FFFFE8A5h	CF=1 PF=0                               	
00000220	.text:0040174D          	sub     dword ptr [esp], 0FFFFE8A5h	CF=1 PF=0 AF=1                          	
00000220	.text:00401754          	jnz     short locret_401758     	                                        	
00000220	.text:0040175B          	push    eax                     	ESP=0012FEE0                            	
00000220	.text:0040175B          	push    eax                     	ESP=0012FEE4                            	
00000220	.text:0040175B          	push    eax                     	ESP=0012FEE8                            	
00000220	.text:0040175B          	push    eax                     	ESP=0012FEEC                            	
00000220	.text:0040175B          	push    eax                     	ESP=0012FEF0                            	
00000220	.text:0040175B          	push    eax                     	ESP=0012FEF4                            	
00000220	.text:0040175B          	push    eax                     	ESP=0012FEF8                            	
00000220	.text:0040175B          	push    eax                     	ESP=0012FEFC                            	
00000220	.text:0040175B          	push    eax                     	ESP=0012FF00                            	
00000220	.text:0040175B          	push    eax                     	ESP=0012FF04                            	
00000220	.text:0040175B          	push    eax                     	ESP=0012FF08                            	
00000220	.text:0040175B          	push    eax                     	ESP=0012FF0C                            	
00000220	.text:0040175B          	push    eax                     	ESP=0012FF10                            	
00000220	.text:0040175B          	push    eax                     	ESP=0012FF14                            	
00000220	.text:0040175B          	push    eax                     	ESP=0012FF18                            	
00000220	.text:0040175B          	push    eax                     	ESP=0012FF1C                            	
00000220	.text:0040175B          	push    eax                     	ESP=0012FF20                            	
00000220	.text:0040175B          	push    eax                     	ESP=0012FF24                            	
00000220	.text:0040175B          	push    eax                     	ESP=0012FF28                            	
00000220	.text:0040175B          	push    eax                     	ESP=0012FF2C                            	
00000220	.text:0040175B          	push    eax                     	ESP=0012FF30                            	
00000220	.text:0040175B          	push    eax                     	ESP=0012FF34                            	
00000220	.text:0040175B          	push    eax                     	ESP=0012FF38                            	
00000220	.text:0040175B          	push    eax                     	ESP=0012FF3C                            	
00000220	.text:0040175B          	push    eax                     	ESP=0012FF40                            	
00000220	.text:0040175B          	push    eax                     	ESP=0012FF44                            	
00000220	.text:0040175B          	push    eax                     	ESP=0012FF48                            	
00000220	.text:0040175B          	push    eax                     	ESP=0012FF4C                            	
00000220	.text:0040175B          	push    eax                     	ESP=0012FF50                            	
00000220	.text:0040175B          	push    eax                     	ESP=0012FF54                            	
00000220	.text:0040175B          	push    eax                     	ESP=0012FF58                            	
00000220	.text:0040175B          	push    eax                     	ESP=0012FF5C                            	
00000220	.text:0040175B          	push    eax                     	ESP=0012FF60                            	
00000220	.text:0040175B          	push    eax                     	ESP=0012FF64                            	
00000220	.text:0040175B          	push    eax                     	ESP=0012FF68                            	
00000220	.text:0040175B          	push    eax                     	ESP=0012FF6C                            	
00000220	.text:0040175B          	push    eax                     	ESP=0012FF70                            	
00000220	.text:0040175B          	push    eax                     	ESP=0012FF74                            	
00000220	.text:0040175B          	push    eax                     	ESP=0012FF78                            	
00000220	.text:0040175B          	push    eax                     	ESP=0012FF7C                            	
00000220	.text:0040175B          	push    eax                     	ESP=0012FF80                            	
00000220	.text:0040175C          	add     esp, 0FFFFFF24h         	ESP=0012FE04 AF=0                       	
00000220	.text:0040175C          	add     esp, 0FFFFFF24h         	ESP=0012FE08 AF=0                       	
00000220	.text:0040175C          	add     esp, 0FFFFFF24h         	ESP=0012FE0C PF=1 AF=0                  	
00000220	.text:0040175C          	add     esp, 0FFFFFF24h         	ESP=0012FE10                            	
00000220	.text:0040175C          	add     esp, 0FFFFFF24h         	ESP=0012FE14 PF=1 AF=0                  	
00000220	.text:0040175C          	add     esp, 0FFFFFF24h         	ESP=0012FE18 PF=1 AF=0                  	
00000220	.text:0040175C          	add     esp, 0FFFFFF24h         	ESP=0012FE1C AF=0                       	
00000220	.text:0040175C          	add     esp, 0FFFFFF24h         	ESP=0012FE20                            	
00000220	.text:0040175C          	add     esp, 0FFFFFF24h         	ESP=0012FE24 PF=1 AF=0                  	
00000220	.text:0040175C          	add     esp, 0FFFFFF24h         	ESP=0012FE28 PF=1 AF=0                  	
00000220	.text:0040175C          	add     esp, 0FFFFFF24h         	ESP=0012FE2C AF=0                       	
00000220	.text:0040175C          	add     esp, 0FFFFFF24h         	ESP=0012FE30 PF=1                       	
00000220	.text:0040175C          	add     esp, 0FFFFFF24h         	ESP=0012FE34 AF=0                       	
00000220	.text:0040175C          	add     esp, 0FFFFFF24h         	ESP=0012FE38 AF=0                       	
00000220	.text:0040175C          	add     esp, 0FFFFFF24h         	ESP=0012FE3C PF=1 AF=0                  	
00000220	.text:0040175C          	add     esp, 0FFFFFF24h         	ESP=0012FE40                            	
00000220	.text:0040175C          	add     esp, 0FFFFFF24h         	ESP=0012FE44 PF=1 AF=0                  	
00000220	.text:0040175C          	add     esp, 0FFFFFF24h         	ESP=0012FE48 PF=1 AF=0                  	
00000220	.text:0040175C          	add     esp, 0FFFFFF24h         	ESP=0012FE4C AF=0                       	
00000220	.text:0040175C          	add     esp, 0FFFFFF24h         	ESP=0012FE50 PF=1                       	
00000220	.text:0040175C          	add     esp, 0FFFFFF24h         	ESP=0012FE54 AF=0                       	
00000220	.text:0040175C          	add     esp, 0FFFFFF24h         	ESP=0012FE58 AF=0                       	
00000220	.text:0040175C          	add     esp, 0FFFFFF24h         	ESP=0012FE5C PF=1 AF=0                  	
00000220	.text:0040175C          	add     esp, 0FFFFFF24h         	ESP=0012FE60 PF=1                       	
00000220	.text:0040175C          	add     esp, 0FFFFFF24h         	ESP=0012FE64 AF=0                       	
00000220	.text:0040175C          	add     esp, 0FFFFFF24h         	ESP=0012FE68 AF=0                       	
00000220	.text:0040175C          	add     esp, 0FFFFFF24h         	ESP=0012FE6C PF=1 AF=0                  	
00000220	.text:0040175C          	add     esp, 0FFFFFF24h         	ESP=0012FE70                            	
00000220	.text:0040175C          	add     esp, 0FFFFFF24h         	ESP=0012FE74 PF=1 AF=0                  	
00000220	.text:0040175C          	add     esp, 0FFFFFF24h         	ESP=0012FE78 PF=1 AF=0                  	
00000220	.text:0040175C          	add     esp, 0FFFFFF24h         	ESP=0012FE7C AF=0                       	
00000220	.text:0040175C          	add     esp, 0FFFFFF24h         	ESP=0012FE80                            	
00000220	.text:0040175C          	add     esp, 0FFFFFF24h         	ESP=0012FE84 PF=1 AF=0                  	
00000220	.text:0040175C          	add     esp, 0FFFFFF24h         	ESP=0012FE88 PF=1 AF=0                  	
00000220	.text:0040175C          	add     esp, 0FFFFFF24h         	ESP=0012FE8C AF=0                       	
00000220	.text:0040175C          	add     esp, 0FFFFFF24h         	ESP=0012FE90 PF=1                       	
00000220	.text:0040175C          	add     esp, 0FFFFFF24h         	ESP=0012FE94 AF=0                       	
00000220	.text:0040175C          	add     esp, 0FFFFFF24h         	ESP=0012FE98 AF=0                       	
00000220	.text:0040175C          	add     esp, 0FFFFFF24h         	ESP=0012FE9C PF=1 AF=0                  	
00000220	.text:0040175C          	add     esp, 0FFFFFF24h         	ESP=0012FEA0 PF=1                       	
00000220	.text:0040175C          	add     esp, 0FFFFFF24h         	ESP=0012FEA4 AF=0                       	
00000220	.text:00401762          	jnz     short loc_401766        	                                        	
00000220	.text:00401768          	mov     dword ptr [ebx+0D8h], 9FAB3165h	                                        	
00000220	.text:00401772          	mov     dword ptr [ebx+0D4h], 3960C446h	                                        	
00000220	.text:0040177C          	mov     dword ptr [ebx+0D0h], 0A8EF74F1h	                                        	
00000220	.text:00401790          	mov     dword ptr [ebx+0C8h], 0BDB54632h	                                        	
00000220	.text:0040179A          	mov     dword ptr [ebx+0C4h], 0EF26678Eh	                                        	
00000220	.text:004017A4          	mov     dword ptr [ebx+0C0h], 0EB0DC9EBh	                                        	
00000220	.text:004017B8          	mov     dword ptr [ebx+0B8h], 344A408Eh	                                        	
00000220	.text:004017C2          	mov     ax, 6EBh                	EAX=000006EB                            	
00000220	.text:004017C6          	xor     eax, eax                	EAX=00000000 CF=0 AF=0 ZF=1             	
00000220	.text:004017C6          	xor     eax, eax                	EAX=00000000 CF=0 PF=1 AF=0 ZF=1        	
00000220	.text:004017C6          	xor     eax, eax                	EAX=00000000 CF=0 PF=1 ZF=1             	
00000220	.text:004017C6          	xor     eax, eax                	EAX=00000000 CF=0 ZF=1                  	
00000220	.text:004017C8          	jz      short near ptr unk_4017C4	                                        	
00000220	.text:004017D6          	push    0                       	ESP=0012FE00                            	
00000220	.text:004017D6          	push    0                       	ESP=0012FE04                            	
00000220	.text:004017D6          	push    0                       	ESP=0012FE08                            	
00000220	.text:004017D6          	push    0                       	ESP=0012FE0C                            	
00000220	.text:004017D6          	push    0                       	ESP=0012FE10                            	
00000220	.text:004017D6          	push    0                       	ESP=0012FE14                            	
00000220	.text:004017D6          	push    0                       	ESP=0012FE18                            	
00000220	.text:004017D6          	push    0                       	ESP=0012FE1C                            	
00000220	.text:004017D6          	push    0                       	ESP=0012FE20                            	
00000220	.text:004017D6          	push    0                       	ESP=0012FE24                            	
00000220	.text:004017D6          	push    0                       	ESP=0012FE28                            	
00000220	.text:004017D6          	push    0                       	ESP=0012FE2C                            	
00000220	.text:004017D6          	push    0                       	ESP=0012FE30                            	
00000220	.text:004017D6          	push    0                       	ESP=0012FE34                            	
00000220	.text:004017D6          	push    0                       	ESP=0012FE38                            	
00000220	.text:004017D6          	push    0                       	ESP=0012FE3C                            	
00000220	.text:004017D6          	push    0                       	ESP=0012FE40                            	
00000220	.text:004017D6          	push    0                       	ESP=0012FE44                            	
00000220	.text:004017D6          	push    0                       	ESP=0012FE48                            	
00000220	.text:004017D6          	push    0                       	ESP=0012FE4C                            	
00000220	.text:004017D6          	push    0                       	ESP=0012FE50                            	
00000220	.text:004017D6          	push    0                       	ESP=0012FE54                            	
00000220	.text:004017D6          	push    0                       	ESP=0012FE58                            	
00000220	.text:004017D6          	push    0                       	ESP=0012FE5C                            	
00000220	.text:004017D6          	push    0                       	ESP=0012FE60                            	
00000220	.text:004017D6          	push    0                       	ESP=0012FE64                            	
00000220	.text:004017D6          	push    0                       	ESP=0012FE68                            	
00000220	.text:004017D6          	push    0                       	ESP=0012FE6C                            	
00000220	.text:004017D6          	push    0                       	ESP=0012FE70                            	
00000220	.text:004017D6          	push    0                       	ESP=0012FE74                            	
00000220	.text:004017D6          	push    0                       	ESP=0012FE78                            	
00000220	.text:004017D6          	push    0                       	ESP=0012FE7C                            	
00000220	.text:004017D6          	push    0                       	ESP=0012FE80                            	
00000220	.text:004017D6          	push    0                       	ESP=0012FE84                            	
00000220	.text:004017D6          	push    0                       	ESP=0012FE88                            	
00000220	.text:004017D6          	push    0                       	ESP=0012FE8C                            	
00000220	.text:004017D6          	push    0                       	ESP=0012FE90                            	
00000220	.text:004017D6          	push    0                       	ESP=0012FE94                            	
00000220	.text:004017D6          	push    0                       	ESP=0012FE98                            	
00000220	.text:004017D6          	push    0                       	ESP=0012FE9C                            	
00000220	.text:004017D6          	push    0                       	ESP=0012FEA0                            	
00000220	.text:004017D8          	popf                            	ESP=0012FE04 PF=0 ZF=0                  	
00000220	.text:004017D8          	popf                            	ESP=0012FE08 PF=0 ZF=0                  	
00000220	.text:004017D8          	popf                            	ESP=0012FE0C PF=0 ZF=0                  	
00000220	.text:004017D8          	popf                            	ESP=0012FE10 PF=0 ZF=0                  	
00000220	.text:004017D8          	popf                            	ESP=0012FE14 PF=0 ZF=0                  	
00000220	.text:004017D8          	popf                            	ESP=0012FE18 PF=0 ZF=0                  	
00000220	.text:004017D8          	popf                            	ESP=0012FE1C PF=0 ZF=0                  	
00000220	.text:004017D8          	popf                            	ESP=0012FE20 PF=0 ZF=0                  	
00000220	.text:004017D8          	popf                            	ESP=0012FE24 PF=0 ZF=0                  	
00000220	.text:004017D8          	popf                            	ESP=0012FE28 PF=0 ZF=0                  	
00000220	.text:004017D8          	popf                            	ESP=0012FE2C PF=0 ZF=0                  	
00000220	.text:004017D8          	popf                            	ESP=0012FE30 PF=0 ZF=0                  	
00000220	.text:004017D8          	popf                            	ESP=0012FE34 PF=0 ZF=0                  	
00000220	.text:004017D8          	popf                            	ESP=0012FE38 PF=0 ZF=0                  	
00000220	.text:004017D8          	popf                            	ESP=0012FE3C PF=0 ZF=0                  	
00000220	.text:004017D8          	popf                            	ESP=0012FE40 PF=0 ZF=0                  	
00000220	.text:004017D8          	popf                            	ESP=0012FE44 PF=0 ZF=0                  	
00000220	.text:004017D8          	popf                            	ESP=0012FE48 PF=0 ZF=0                  	
00000220	.text:004017D8          	popf                            	ESP=0012FE4C PF=0 ZF=0                  	
00000220	.text:004017D8          	popf                            	ESP=0012FE50 PF=0 ZF=0                  	
00000220	.text:004017D8          	popf                            	ESP=0012FE54 PF=0 ZF=0                  	
00000220	.text:004017D8          	popf                            	ESP=0012FE58 PF=0 ZF=0                  	
00000220	.text:004017D8          	popf                            	ESP=0012FE5C PF=0 ZF=0                  	
00000220	.text:004017D8          	popf                            	ESP=0012FE60 PF=0 ZF=0                  	
00000220	.text:004017D8          	popf                            	ESP=0012FE64 PF=0 ZF=0                  	
00000220	.text:004017D8          	popf                            	ESP=0012FE68 PF=0 ZF=0                  	
00000220	.text:004017D8          	popf                            	ESP=0012FE6C PF=0 ZF=0                  	
00000220	.text:004017D8          	popf                            	ESP=0012FE70 PF=0 ZF=0                  	
00000220	.text:004017D8          	popf                            	ESP=0012FE74 PF=0 ZF=0                  	
00000220	.text:004017D8          	popf                            	ESP=0012FE78 PF=0 ZF=0                  	
00000220	.text:004017D8          	popf                            	ESP=0012FE7C PF=0 ZF=0                  	
00000220	.text:004017D8          	popf                            	ESP=0012FE80 PF=0 ZF=0                  	
00000220	.text:004017D8          	popf                            	ESP=0012FE84 PF=0 ZF=0                  	
00000220	.text:004017D8          	popf                            	ESP=0012FE88 PF=0 ZF=0                  	
00000220	.text:004017D8          	popf                            	ESP=0012FE8C PF=0 ZF=0                  	
00000220	.text:004017D8          	popf                            	ESP=0012FE90 PF=0 ZF=0                  	
00000220	.text:004017D8          	popf                            	ESP=0012FE94 PF=0 ZF=0                  	
00000220	.text:004017D8          	popf                            	ESP=0012FE98 PF=0 ZF=0                  	
00000220	.text:004017D8          	popf                            	ESP=0012FE9C PF=0 ZF=0                  	
00000220	.text:004017D8          	popf                            	ESP=0012FEA0 PF=0 ZF=0                  	
00000220	.text:004017D8          	popf                            	ESP=0012FEA4 PF=0 ZF=0                  	
00000220	.text:004017D9          	jnz     short loc_4017DC        	                                        	
00000220	.text:004017E6          	jnz     short loc_4017E9        	                                        	
00000220	.text:004017F3          	mov     ax, 5EBh                	EAX=000005EB                            	
00000220	.text:004017F7          	xor     eax, eax                	EAX=00000000 PF=1 ZF=1                  	
00000220	.text:004017F9          	jz      short near ptr dword_4017F4+1	                                        	
00000220	.text:004017FD          	popf                            	ESP=0012FE04 PF=0 ZF=0                  	
00000220	.text:004017FD          	popf                            	ESP=0012FE08 PF=0 ZF=0                  	
00000220	.text:004017FD          	popf                            	ESP=0012FE0C PF=0 ZF=0                  	
00000220	.text:004017FD          	popf                            	ESP=0012FE10 PF=0 ZF=0                  	
00000220	.text:004017FD          	popf                            	ESP=0012FE14 PF=0 ZF=0                  	
00000220	.text:004017FD          	popf                            	ESP=0012FE18 PF=0 ZF=0                  	
00000220	.text:004017FD          	popf                            	ESP=0012FE1C PF=0 ZF=0                  	
00000220	.text:004017FD          	popf                            	ESP=0012FE20 PF=0 ZF=0                  	
00000220	.text:004017FD          	popf                            	ESP=0012FE24 PF=0 ZF=0                  	
00000220	.text:004017FD          	popf                            	ESP=0012FE28 PF=0 ZF=0                  	
00000220	.text:004017FD          	popf                            	ESP=0012FE2C PF=0 ZF=0                  	
00000220	.text:004017FD          	popf                            	ESP=0012FE30 PF=0 ZF=0                  	
00000220	.text:004017FD          	popf                            	ESP=0012FE34 PF=0 ZF=0                  	
00000220	.text:004017FD          	popf                            	ESP=0012FE38 PF=0 ZF=0                  	
00000220	.text:004017FD          	popf                            	ESP=0012FE3C PF=0 ZF=0                  	
00000220	.text:004017FD          	popf                            	ESP=0012FE40 PF=0 ZF=0                  	
00000220	.text:004017FD          	popf                            	ESP=0012FE44 PF=0 ZF=0                  	
00000220	.text:004017FD          	popf                            	ESP=0012FE48 PF=0 ZF=0                  	
00000220	.text:004017FD          	popf                            	ESP=0012FE4C PF=0 ZF=0                  	
00000220	.text:004017FD          	popf                            	ESP=0012FE50 PF=0 ZF=0                  	
00000220	.text:004017FD          	popf                            	ESP=0012FE54 PF=0 ZF=0                  	
00000220	.text:004017FD          	popf                            	ESP=0012FE58 PF=0 ZF=0                  	
00000220	.text:004017FD          	popf                            	ESP=0012FE5C PF=0 ZF=0                  	
00000220	.text:004017FD          	popf                            	ESP=0012FE60 PF=0 ZF=0                  	
00000220	.text:004017FD          	popf                            	ESP=0012FE64 PF=0 ZF=0                  	
00000220	.text:004017FD          	popf                            	ESP=0012FE68 PF=0 ZF=0                  	
00000220	.text:004017FD          	popf                            	ESP=0012FE6C PF=0 ZF=0                  	
00000220	.text:004017FD          	popf                            	ESP=0012FE70 PF=0 ZF=0                  	
00000220	.text:004017FD          	popf                            	ESP=0012FE74 PF=0 ZF=0                  	
00000220	.text:004017FD          	popf                            	ESP=0012FE78 PF=0 ZF=0                  	
00000220	.text:004017FD          	popf                            	ESP=0012FE7C PF=0 ZF=0                  	
00000220	.text:004017FD          	popf                            	ESP=0012FE80 PF=0 ZF=0                  	
00000220	.text:004017FD          	popf                            	ESP=0012FE84 PF=0 ZF=0                  	
00000220	.text:004017FD          	popf                            	ESP=0012FE88 PF=0 ZF=0                  	
00000220	.text:004017FD          	popf                            	ESP=0012FE8C PF=0 ZF=0                  	
00000220	.text:004017FD          	popf                            	ESP=0012FE90 PF=0 ZF=0                  	
00000220	.text:004017FD          	popf                            	ESP=0012FE94 PF=0 ZF=0                  	
00000220	.text:004017FD          	popf                            	ESP=0012FE98 PF=0 ZF=0                  	
00000220	.text:004017FD          	popf                            	ESP=0012FE9C PF=0 ZF=0                  	
00000220	.text:004017FD          	popf                            	ESP=0012FEA0 PF=0 ZF=0                  	
00000220	.text:004017FD          	popf                            	ESP=0012FEA4 PF=0 ZF=0                  	
00000220	.text:004017FE          	mov     dword ptr [ebx+0A8h], 4CCE61B8h	                                        	
00000220	.text:00401808          	jnz     short loc_40180B        	                                        	
00000220	.text:00401815          	jz      short loc_40181A        	                                        	
00000220	.text:00401817          	jnz     short loc_40181A        	                                        	
00000220	.text:00401824          	mov     ax, 6EBh                	EAX=000006EB                            	
00000220	.text:00401828          	xor     eax, eax                	EAX=00000000 PF=1 ZF=1                  	
00000220	.text:0040182A          	jz      short near ptr dword_401824+2	                                        	
00000220	.text:00401838          	jnz     short loc_40183E        	                                        	
00000220	.text:0040183A          	jz      short loc_40183E        	                                        	
00000220	.text:00401848          	push    eax                     	ESP=0012FE00                            	
00000220	.text:00401848          	push    eax                     	ESP=0012FE04                            	
00000220	.text:00401848          	push    eax                     	ESP=0012FE08                            	
00000220	.text:00401848          	push    eax                     	ESP=0012FE0C                            	
00000220	.text:00401848          	push    eax                     	ESP=0012FE10                            	
00000220	.text:00401848          	push    eax                     	ESP=0012FE14                            	
00000220	.text:00401848          	push    eax                     	ESP=0012FE18                            	
00000220	.text:00401848          	push    eax                     	ESP=0012FE1C                            	
00000220	.text:00401848          	push    eax                     	ESP=0012FE20                            	
00000220	.text:00401848          	push    eax                     	ESP=0012FE24                            	
00000220	.text:00401848          	push    eax                     	ESP=0012FE28                            	
00000220	.text:00401848          	push    eax                     	ESP=0012FE2C                            	
00000220	.text:00401848          	push    eax                     	ESP=0012FE30                            	
00000220	.text:00401848          	push    eax                     	ESP=0012FE34                            	
00000220	.text:00401848          	push    eax                     	ESP=0012FE38                            	
00000220	.text:00401848          	push    eax                     	ESP=0012FE3C                            	
00000220	.text:00401848          	push    eax                     	ESP=0012FE40                            	
00000220	.text:00401848          	push    eax                     	ESP=0012FE44                            	
00000220	.text:00401848          	push    eax                     	ESP=0012FE48                            	
00000220	.text:00401848          	push    eax                     	ESP=0012FE4C                            	
00000220	.text:00401848          	push    eax                     	ESP=0012FE50                            	
00000220	.text:00401848          	push    eax                     	ESP=0012FE54                            	
00000220	.text:00401848          	push    eax                     	ESP=0012FE58                            	
00000220	.text:00401848          	push    eax                     	ESP=0012FE5C                            	
00000220	.text:00401848          	push    eax                     	ESP=0012FE60                            	
00000220	.text:00401848          	push    eax                     	ESP=0012FE64                            	
00000220	.text:00401848          	push    eax                     	ESP=0012FE68                            	
00000220	.text:00401848          	push    eax                     	ESP=0012FE6C                            	
00000220	.text:00401848          	push    eax                     	ESP=0012FE70                            	
00000220	.text:00401848          	push    eax                     	ESP=0012FE74                            	
00000220	.text:00401848          	push    eax                     	ESP=0012FE78                            	
00000220	.text:00401848          	push    eax                     	ESP=0012FE7C                            	
00000220	.text:00401848          	push    eax                     	ESP=0012FE80                            	
00000220	.text:00401848          	push    eax                     	ESP=0012FE84                            	
00000220	.text:00401848          	push    eax                     	ESP=0012FE88                            	
00000220	.text:00401848          	push    eax                     	ESP=0012FE8C                            	
00000220	.text:00401848          	push    eax                     	ESP=0012FE90                            	
00000220	.text:00401848          	push    eax                     	ESP=0012FE94                            	
00000220	.text:00401848          	push    eax                     	ESP=0012FE98                            	
00000220	.text:00401848          	push    eax                     	ESP=0012FE9C                            	
00000220	.text:00401848          	push    eax                     	ESP=0012FEA0                            	
00000220	.text:00401849          	popf                            	ESP=0012FE04 PF=0 ZF=0                  	
00000220	.text:00401849          	popf                            	ESP=0012FE08 PF=0 ZF=0                  	
00000220	.text:00401849          	popf                            	ESP=0012FE0C PF=0 ZF=0                  	
00000220	.text:00401849          	popf                            	ESP=0012FE10 PF=0 ZF=0                  	
00000220	.text:00401849          	popf                            	ESP=0012FE14 PF=0 ZF=0                  	
00000220	.text:00401849          	popf                            	ESP=0012FE18 PF=0 ZF=0                  	
00000220	.text:00401849          	popf                            	ESP=0012FE1C PF=0 ZF=0                  	
00000220	.text:00401849          	popf                            	ESP=0012FE20 PF=0 ZF=0                  	
00000220	.text:00401849          	popf                            	ESP=0012FE24 PF=0 ZF=0                  	
00000220	.text:00401849          	popf                            	ESP=0012FE28 PF=0 ZF=0                  	
00000220	.text:00401849          	popf                            	ESP=0012FE2C PF=0 ZF=0                  	
00000220	.text:00401849          	popf                            	ESP=0012FE30 PF=0 ZF=0                  	
00000220	.text:00401849          	popf                            	ESP=0012FE34 PF=0 ZF=0                  	
00000220	.text:00401849          	popf                            	ESP=0012FE38 PF=0 ZF=0                  	
00000220	.text:00401849          	popf                            	ESP=0012FE3C PF=0 ZF=0                  	
00000220	.text:00401849          	popf                            	ESP=0012FE40 PF=0 ZF=0                  	
00000220	.text:00401849          	popf                            	ESP=0012FE44 PF=0 ZF=0                  	
00000220	.text:00401849          	popf                            	ESP=0012FE48 PF=0 ZF=0                  	
00000220	.text:00401849          	popf                            	ESP=0012FE4C PF=0 ZF=0                  	
00000220	.text:00401849          	popf                            	ESP=0012FE50 PF=0 ZF=0                  	
00000220	.text:00401849          	popf                            	ESP=0012FE54 PF=0 ZF=0                  	
00000220	.text:00401849          	popf                            	ESP=0012FE58 PF=0 ZF=0                  	
00000220	.text:00401849          	popf                            	ESP=0012FE5C PF=0 ZF=0                  	
00000220	.text:00401849          	popf                            	ESP=0012FE60 PF=0 ZF=0                  	
00000220	.text:00401849          	popf                            	ESP=0012FE64 PF=0 ZF=0                  	
00000220	.text:00401849          	popf                            	ESP=0012FE68 PF=0 ZF=0                  	
00000220	.text:00401849          	popf                            	ESP=0012FE6C PF=0 ZF=0                  	
00000220	.text:00401849          	popf                            	ESP=0012FE70 PF=0 ZF=0                  	
00000220	.text:00401849          	popf                            	ESP=0012FE74 PF=0 ZF=0                  	
00000220	.text:00401849          	popf                            	ESP=0012FE78 PF=0 ZF=0                  	
00000220	.text:00401849          	popf                            	ESP=0012FE7C PF=0 ZF=0                  	
00000220	.text:00401849          	popf                            	ESP=0012FE80 PF=0 ZF=0                  	
00000220	.text:00401849          	popf                            	ESP=0012FE84 PF=0 ZF=0                  	
00000220	.text:00401849          	popf                            	ESP=0012FE88 PF=0 ZF=0                  	
00000220	.text:00401849          	popf                            	ESP=0012FE8C PF=0 ZF=0                  	
00000220	.text:00401849          	popf                            	ESP=0012FE90 PF=0 ZF=0                  	
00000220	.text:00401849          	popf                            	ESP=0012FE94 PF=0 ZF=0                  	
00000220	.text:00401849          	popf                            	ESP=0012FE98 PF=0 ZF=0                  	
00000220	.text:00401849          	popf                            	ESP=0012FE9C PF=0 ZF=0                  	
00000220	.text:00401849          	popf                            	ESP=0012FEA0 PF=0 ZF=0                  	
00000220	.text:00401849          	popf                            	ESP=0012FEA4 PF=0 ZF=0                  	
00000220	.text:0040184A          	jnz     short loc_40184D        	                                        	
00000220	.text:00401857          	mov     ax, 5EBh                	EAX=000005EB                            	
00000220	.text:0040185B          	xor     eax, eax                	EAX=00000000 PF=1 ZF=1                  	
00000220	.text:0040185D          	jz      short near ptr dword_401858+1	                                        	
00000220	.text:0040186A          	jz      short loc_40186D        	                                        	
00000220	.text:00401877          	jz      short loc_40187A        	                                        	
00000220	.text:004018A4          	jz      short loc_4018A9        	                                        	
00000220	.text:004018B0          	mov     ax, 5EBh                	EAX=000005EB                            	
00000220	.text:004018B4          	xor     eax, eax                	EAX=00000000                            	
00000220	.text:004018B6          	jz      short near ptr dword_4018B0+2	                                        	
00000220	.text:004018C0          	push    eax                     	ESP=0012FE00                            	
00000220	.text:004018C0          	push    eax                     	ESP=0012FE04                            	
00000220	.text:004018C0          	push    eax                     	ESP=0012FE08                            	
00000220	.text:004018C0          	push    eax                     	ESP=0012FE0C                            	
00000220	.text:004018C0          	push    eax                     	ESP=0012FE10                            	
00000220	.text:004018C0          	push    eax                     	ESP=0012FE14                            	
00000220	.text:004018C0          	push    eax                     	ESP=0012FE18                            	
00000220	.text:004018C0          	push    eax                     	ESP=0012FE1C                            	
00000220	.text:004018C0          	push    eax                     	ESP=0012FE20                            	
00000220	.text:004018C0          	push    eax                     	ESP=0012FE24                            	
00000220	.text:004018C0          	push    eax                     	ESP=0012FE28                            	
00000220	.text:004018C0          	push    eax                     	ESP=0012FE2C                            	
00000220	.text:004018C0          	push    eax                     	ESP=0012FE30                            	
00000220	.text:004018C0          	push    eax                     	ESP=0012FE34                            	
00000220	.text:004018C0          	push    eax                     	ESP=0012FE38                            	
00000220	.text:004018C0          	push    eax                     	ESP=0012FE3C                            	
00000220	.text:004018C0          	push    eax                     	ESP=0012FE40                            	
00000220	.text:004018C0          	push    eax                     	ESP=0012FE44                            	
00000220	.text:004018C0          	push    eax                     	ESP=0012FE48                            	
00000220	.text:004018C0          	push    eax                     	ESP=0012FE4C                            	
00000220	.text:004018C0          	push    eax                     	ESP=0012FE50                            	
00000220	.text:004018C0          	push    eax                     	ESP=0012FE54                            	
00000220	.text:004018C0          	push    eax                     	ESP=0012FE58                            	
00000220	.text:004018C0          	push    eax                     	ESP=0012FE5C                            	
00000220	.text:004018C0          	push    eax                     	ESP=0012FE60                            	
00000220	.text:004018C0          	push    eax                     	ESP=0012FE64                            	
00000220	.text:004018C0          	push    eax                     	ESP=0012FE68                            	
00000220	.text:004018C0          	push    eax                     	ESP=0012FE6C                            	
00000220	.text:004018C0          	push    eax                     	ESP=0012FE70                            	
00000220	.text:004018C0          	push    eax                     	ESP=0012FE74                            	
00000220	.text:004018C0          	push    eax                     	ESP=0012FE78                            	
00000220	.text:004018C0          	push    eax                     	ESP=0012FE7C                            	
00000220	.text:004018C0          	push    eax                     	ESP=0012FE80                            	
00000220	.text:004018C0          	push    eax                     	ESP=0012FE84                            	
00000220	.text:004018C0          	push    eax                     	ESP=0012FE88                            	
00000220	.text:004018C0          	push    eax                     	ESP=0012FE8C                            	
00000220	.text:004018C0          	push    eax                     	ESP=0012FE90                            	
00000220	.text:004018C0          	push    eax                     	ESP=0012FE94                            	
00000220	.text:004018C0          	push    eax                     	ESP=0012FE98                            	
00000220	.text:004018C0          	push    eax                     	ESP=0012FE9C                            	
00000220	.text:004018C0          	push    eax                     	ESP=0012FEA0                            	
00000220	.text:004018C1          	popf                            	ESP=0012FE04 PF=0 ZF=0                  	
00000220	.text:004018C1          	popf                            	ESP=0012FE08 PF=0 ZF=0                  	
00000220	.text:004018C1          	popf                            	ESP=0012FE0C PF=0 ZF=0                  	
00000220	.text:004018C1          	popf                            	ESP=0012FE10 PF=0 ZF=0                  	
00000220	.text:004018C1          	popf                            	ESP=0012FE14 PF=0 ZF=0                  	
00000220	.text:004018C1          	popf                            	ESP=0012FE18 PF=0 ZF=0                  	
00000220	.text:004018C1          	popf                            	ESP=0012FE1C PF=0 ZF=0                  	
00000220	.text:004018C1          	popf                            	ESP=0012FE20 PF=0 ZF=0                  	
00000220	.text:004018C1          	popf                            	ESP=0012FE24 PF=0 ZF=0                  	
00000220	.text:004018C1          	popf                            	ESP=0012FE28 PF=0 ZF=0                  	
00000220	.text:004018C1          	popf                            	ESP=0012FE2C PF=0 ZF=0                  	
00000220	.text:004018C1          	popf                            	ESP=0012FE30 PF=0 ZF=0                  	
00000220	.text:004018C1          	popf                            	ESP=0012FE34 PF=0 ZF=0                  	
00000220	.text:004018C1          	popf                            	ESP=0012FE38 PF=0 ZF=0                  	
00000220	.text:004018C1          	popf                            	ESP=0012FE3C PF=0 ZF=0                  	
00000220	.text:004018C1          	popf                            	ESP=0012FE40 PF=0 ZF=0                  	
00000220	.text:004018C1          	popf                            	ESP=0012FE44 PF=0 ZF=0                  	
00000220	.text:004018C1          	popf                            	ESP=0012FE48 PF=0 ZF=0                  	
00000220	.text:004018C1          	popf                            	ESP=0012FE4C PF=0 ZF=0                  	
00000220	.text:004018C1          	popf                            	ESP=0012FE50 PF=0 ZF=0                  	
00000220	.text:004018C1          	popf                            	ESP=0012FE54 PF=0 ZF=0                  	
00000220	.text:004018C1          	popf                            	ESP=0012FE58 PF=0 ZF=0                  	
00000220	.text:004018C1          	popf                            	ESP=0012FE5C PF=0 ZF=0                  	
00000220	.text:004018C1          	popf                            	ESP=0012FE60 PF=0 ZF=0                  	
00000220	.text:004018C1          	popf                            	ESP=0012FE64 PF=0 ZF=0                  	
00000220	.text:004018C1          	popf                            	ESP=0012FE68 PF=0 ZF=0                  	
00000220	.text:004018C1          	popf                            	ESP=0012FE6C PF=0 ZF=0                  	
00000220	.text:004018C1          	popf                            	ESP=0012FE70 PF=0 ZF=0                  	
00000220	.text:004018C1          	popf                            	ESP=0012FE74 PF=0 ZF=0                  	
00000220	.text:004018C1          	popf                            	ESP=0012FE78 PF=0 ZF=0                  	
00000220	.text:004018C1          	popf                            	ESP=0012FE7C PF=0 ZF=0                  	
00000220	.text:004018C1          	popf                            	ESP=0012FE80 PF=0 ZF=0                  	
00000220	.text:004018C1          	popf                            	ESP=0012FE84 PF=0 ZF=0                  	
00000220	.text:004018C1          	popf                            	ESP=0012FE88 PF=0 ZF=0                  	
00000220	.text:004018C1          	popf                            	ESP=0012FE8C PF=0 ZF=0                  	
00000220	.text:004018C1          	popf                            	ESP=0012FE90 PF=0 ZF=0                  	
00000220	.text:004018C1          	popf                            	ESP=0012FE94 PF=0 ZF=0                  	
00000220	.text:004018C1          	popf                            	ESP=0012FE98 PF=0 ZF=0                  	
00000220	.text:004018C1          	popf                            	ESP=0012FE9C PF=0 ZF=0                  	
00000220	.text:004018C1          	popf                            	ESP=0012FEA0 PF=0 ZF=0                  	
00000220	.text:004018C1          	popf                            	ESP=0012FEA4 PF=0 ZF=0                  	
00000220	.text:004018C2          	jnz     short loc_4018C5        	                                        	
00000220	.text:004018CC          	jnz     short loc_4018CF        	                                        	
00000220	.text:004018D6          	jz      short loc_4018DB        	                                        	
00000220	.text:004018D8          	jnz     short loc_4018DB        	                                        	
00000220	.text:004018E2          	jnz     short loc_4018E5        	                                        	
00000220	.text:004018FD          	jz      short loc_401900        	                                        	
00000220	.text:00401907          	jz      short loc_40190A        	                                        	
00000220	.text:00401911          	mov     ax, 5EBh                	EAX=000005EB                            	
00000220	.text:00401915          	xor     eax, eax                	EAX=00000000                            	
00000220	.text:00401917          	jz      short near ptr byte_401911+2	                                        	
00000220	.text:00401921          	add     esp, 0FFFFFFFCh         	ESP=0012FE00 CF=1 AF=1 ZF=0             	
00000220	.text:00401921          	add     esp, 0FFFFFFFCh         	ESP=0012FE04 CF=1 PF=0 AF=1 ZF=0        	
00000220	.text:00401921          	add     esp, 0FFFFFFFCh         	ESP=0012FE08 CF=1 PF=0 AF=1 ZF=0        	
00000220	.text:00401921          	add     esp, 0FFFFFFFCh         	ESP=0012FE0C CF=1 ZF=0                  	
00000220	.text:00401921          	add     esp, 0FFFFFFFCh         	ESP=0012FE10 CF=1 PF=0 AF=1 ZF=0        	
00000220	.text:00401921          	add     esp, 0FFFFFFFCh         	ESP=0012FE14 CF=1 AF=1 ZF=0             	
00000220	.text:00401921          	add     esp, 0FFFFFFFCh         	ESP=0012FE18 CF=1 AF=1 ZF=0             	
00000220	.text:00401921          	add     esp, 0FFFFFFFCh         	ESP=0012FE1C CF=1 PF=0 ZF=0             	
00000220	.text:00401921          	add     esp, 0FFFFFFFCh         	ESP=0012FE20 CF=1 PF=0 AF=1 ZF=0        	
00000220	.text:00401921          	add     esp, 0FFFFFFFCh         	ESP=0012FE24 CF=1 AF=1 ZF=0             	
00000220	.text:00401921          	add     esp, 0FFFFFFFCh         	ESP=0012FE28 CF=1 AF=1 ZF=0             	
00000220	.text:00401921          	add     esp, 0FFFFFFFCh         	ESP=0012FE2C CF=1 PF=0 ZF=0             	
00000220	.text:00401921          	add     esp, 0FFFFFFFCh         	ESP=0012FE30 CF=1 AF=1 ZF=0             	
00000220	.text:00401921          	add     esp, 0FFFFFFFCh         	ESP=0012FE34 CF=1 PF=0 AF=1 ZF=0        	
00000220	.text:00401921          	add     esp, 0FFFFFFFCh         	ESP=0012FE38 CF=1 PF=0 AF=1 ZF=0        	
00000220	.text:00401921          	add     esp, 0FFFFFFFCh         	ESP=0012FE3C CF=1 ZF=0                  	
00000220	.text:00401921          	add     esp, 0FFFFFFFCh         	ESP=0012FE40 CF=1 PF=0 AF=1 ZF=0        	
00000220	.text:00401921          	add     esp, 0FFFFFFFCh         	ESP=0012FE44 CF=1 AF=1 ZF=0             	
00000220	.text:00401921          	add     esp, 0FFFFFFFCh         	ESP=0012FE48 CF=1 AF=1 ZF=0             	
00000220	.text:00401921          	add     esp, 0FFFFFFFCh         	ESP=0012FE4C CF=1 PF=0 ZF=0             	
00000220	.text:00401921          	add     esp, 0FFFFFFFCh         	ESP=0012FE50 CF=1 AF=1 ZF=0             	
00000220	.text:00401921          	add     esp, 0FFFFFFFCh         	ESP=0012FE54 CF=1 PF=0 AF=1 ZF=0        	
00000220	.text:00401921          	add     esp, 0FFFFFFFCh         	ESP=0012FE58 CF=1 PF=0 AF=1 ZF=0        	
00000220	.text:00401921          	add     esp, 0FFFFFFFCh         	ESP=0012FE5C CF=1 ZF=0                  	
00000220	.text:00401921          	add     esp, 0FFFFFFFCh         	ESP=0012FE60 CF=1 AF=1 ZF=0             	
00000220	.text:00401921          	add     esp, 0FFFFFFFCh         	ESP=0012FE64 CF=1 PF=0 AF=1 ZF=0        	
00000220	.text:00401921          	add     esp, 0FFFFFFFCh         	ESP=0012FE68 CF=1 PF=0 AF=1 ZF=0        	
00000220	.text:00401921          	add     esp, 0FFFFFFFCh         	ESP=0012FE6C CF=1 ZF=0                  	
00000220	.text:00401921          	add     esp, 0FFFFFFFCh         	ESP=0012FE70 CF=1 PF=0 AF=1 ZF=0        	
00000220	.text:00401921          	add     esp, 0FFFFFFFCh         	ESP=0012FE74 CF=1 AF=1 ZF=0             	
00000220	.text:00401921          	add     esp, 0FFFFFFFCh         	ESP=0012FE78 CF=1 AF=1 ZF=0             	
00000220	.text:00401921          	add     esp, 0FFFFFFFCh         	ESP=0012FE7C CF=1 PF=0 ZF=0             	
00000220	.text:00401921          	add     esp, 0FFFFFFFCh         	ESP=0012FE80 CF=1 PF=0 AF=1 ZF=0        	
00000220	.text:00401921          	add     esp, 0FFFFFFFCh         	ESP=0012FE84 CF=1 AF=1 ZF=0             	
00000220	.text:00401921          	add     esp, 0FFFFFFFCh         	ESP=0012FE88 CF=1 AF=1 ZF=0             	
00000220	.text:00401921          	add     esp, 0FFFFFFFCh         	ESP=0012FE8C CF=1 PF=0 ZF=0             	
00000220	.text:00401921          	add     esp, 0FFFFFFFCh         	ESP=0012FE90 CF=1 AF=1 ZF=0             	
00000220	.text:00401921          	add     esp, 0FFFFFFFCh         	ESP=0012FE94 CF=1 PF=0 AF=1 ZF=0        	
00000220	.text:00401921          	add     esp, 0FFFFFFFCh         	ESP=0012FE98 CF=1 PF=0 AF=1 ZF=0        	
00000220	.text:00401921          	add     esp, 0FFFFFFFCh         	ESP=0012FE9C CF=1 ZF=0                  	
00000220	.text:00401921          	add     esp, 0FFFFFFFCh         	ESP=0012FEA0 CF=1 AF=1 ZF=0             	
00000220	.text:00401924          	mov     [esp], eax              	                                        	
00000220	.text:00401927          	popf                            	ESP=0012FE04 CF=0 PF=0 AF=0             	
00000220	.text:00401927          	popf                            	ESP=0012FE08 CF=0 AF=0                  	
00000220	.text:00401927          	popf                            	ESP=0012FE0C CF=0 AF=0                  	
00000220	.text:00401927          	popf                            	ESP=0012FE10 CF=0 PF=0                  	
00000220	.text:00401927          	popf                            	ESP=0012FE14 CF=0 AF=0                  	
00000220	.text:00401927          	popf                            	ESP=0012FE18 CF=0 PF=0 AF=0             	
00000220	.text:00401927          	popf                            	ESP=0012FE1C CF=0 PF=0 AF=0             	
00000220	.text:00401927          	popf                            	ESP=0012FE20 CF=0                       	
00000220	.text:00401927          	popf                            	ESP=0012FE24 CF=0 AF=0                  	
00000220	.text:00401927          	popf                            	ESP=0012FE28 CF=0 PF=0 AF=0             	
00000220	.text:00401927          	popf                            	ESP=0012FE2C CF=0 PF=0 AF=0             	
00000220	.text:00401927          	popf                            	ESP=0012FE30 CF=0                       	
00000220	.text:00401927          	popf                            	ESP=0012FE34 CF=0 PF=0 AF=0             	
00000220	.text:00401927          	popf                            	ESP=0012FE38 CF=0 AF=0                  	
00000220	.text:00401927          	popf                            	ESP=0012FE3C CF=0 AF=0                  	
00000220	.text:00401927          	popf                            	ESP=0012FE40 CF=0 PF=0                  	
00000220	.text:00401927          	popf                            	ESP=0012FE44 CF=0 AF=0                  	
00000220	.text:00401927          	popf                            	ESP=0012FE48 CF=0 PF=0 AF=0             	
00000220	.text:00401927          	popf                            	ESP=0012FE4C CF=0 PF=0 AF=0             	
00000220	.text:00401927          	popf                            	ESP=0012FE50 CF=0                       	
00000220	.text:00401927          	popf                            	ESP=0012FE54 CF=0 PF=0 AF=0             	
00000220	.text:00401927          	popf                            	ESP=0012FE58 CF=0 AF=0                  	
00000220	.text:00401927          	popf                            	ESP=0012FE5C CF=0 AF=0                  	
00000220	.text:00401927          	popf                            	ESP=0012FE60 CF=0 PF=0                  	
00000220	.text:00401927          	popf                            	ESP=0012FE64 CF=0 PF=0 AF=0             	
00000220	.text:00401927          	popf                            	ESP=0012FE68 CF=0 AF=0                  	
00000220	.text:00401927          	popf                            	ESP=0012FE6C CF=0 AF=0                  	
00000220	.text:00401927          	popf                            	ESP=0012FE70 CF=0 PF=0                  	
00000220	.text:00401927          	popf                            	ESP=0012FE74 CF=0 AF=0                  	
00000220	.text:00401927          	popf                            	ESP=0012FE78 CF=0 PF=0 AF=0             	
00000220	.text:00401927          	popf                            	ESP=0012FE7C CF=0 PF=0 AF=0             	
00000220	.text:00401927          	popf                            	ESP=0012FE80 CF=0                       	
00000220	.text:00401927          	popf                            	ESP=0012FE84 CF=0 AF=0                  	
00000220	.text:00401927          	popf                            	ESP=0012FE88 CF=0 PF=0 AF=0             	
00000220	.text:00401927          	popf                            	ESP=0012FE8C CF=0 PF=0 AF=0             	
00000220	.text:00401927          	popf                            	ESP=0012FE90 CF=0                       	
00000220	.text:00401927          	popf                            	ESP=0012FE94 CF=0 PF=0 AF=0             	
00000220	.text:00401927          	popf                            	ESP=0012FE98 CF=0 AF=0                  	
00000220	.text:00401927          	popf                            	ESP=0012FE9C CF=0 AF=0                  	
00000220	.text:00401927          	popf                            	ESP=0012FEA0 CF=0 PF=0                  	
00000220	.text:00401927          	popf                            	ESP=0012FEA4 CF=0 PF=0 AF=0             	
00000220	.text:00401928          	jnz     short loc_40192B        	                                        	
00000220	.text:00401932          	jnz     short loc_401938        	                                        	
00000220	.text:0040193F          	jnz     short loc_401942        	                                        	
00000220	.text:00401949          	jz      short loc_40194E        	                                        	
00000220	.text:0040194B          	jnz     short loc_40194E        	                                        	
00000220	.text:00401955          	mov     ax, 5EBh                	EAX=000005EB                            	
00000220	.text:00401959          	xor     eax, eax                	EAX=00000000 PF=1 ZF=1                  	
00000220	.text:0040195B          	jz      short near ptr byte_401955+2	                                        	
00000220	.text:00401965          	jz      short loc_401968        	                                        	
00000220	.text:0040196F          	mov     ax, 5EBh                	EAX=000005EB                            	
00000220	.text:0040197F          	mov     ax, 6EBh                	EAX=000006EB                            	
00000220	.text:00401983          	xor     eax, eax                	EAX=00000000                            	
00000220	.text:00401985          	jz      short near ptr dword_401980+1	                                        	
00000220	.text:00401990          	jz      short loc_401995        	                                        	
00000220	.text:0040199C          	mov     ax, 5EBh                	EAX=000005EB                            	
00000220	.text:004019A0          	xor     eax, eax                	EAX=00000000                            	
00000220	.text:004019A2          	jz      short near ptr dword_40199C+2	                                        	
00000220	.text:004019AC          	push    eax                     	ESP=0012FE00                            	
00000220	.text:004019AC          	push    eax                     	ESP=0012FE04                            	
00000220	.text:004019AC          	push    eax                     	ESP=0012FE08                            	
00000220	.text:004019AC          	push    eax                     	ESP=0012FE0C                            	
00000220	.text:004019AC          	push    eax                     	ESP=0012FE10                            	
00000220	.text:004019AC          	push    eax                     	ESP=0012FE14                            	
00000220	.text:004019AC          	push    eax                     	ESP=0012FE18                            	
00000220	.text:004019AC          	push    eax                     	ESP=0012FE1C                            	
00000220	.text:004019AC          	push    eax                     	ESP=0012FE20                            	
00000220	.text:004019AC          	push    eax                     	ESP=0012FE24                            	
00000220	.text:004019AC          	push    eax                     	ESP=0012FE28                            	
00000220	.text:004019AC          	push    eax                     	ESP=0012FE2C                            	
00000220	.text:004019AC          	push    eax                     	ESP=0012FE30                            	
00000220	.text:004019AC          	push    eax                     	ESP=0012FE34                            	
00000220	.text:004019AC          	push    eax                     	ESP=0012FE38                            	
00000220	.text:004019AC          	push    eax                     	ESP=0012FE3C                            	
00000220	.text:004019AC          	push    eax                     	ESP=0012FE40                            	
00000220	.text:004019AC          	push    eax                     	ESP=0012FE44                            	
00000220	.text:004019AC          	push    eax                     	ESP=0012FE48                            	
00000220	.text:004019AC          	push    eax                     	ESP=0012FE4C                            	
00000220	.text:004019AC          	push    eax                     	ESP=0012FE50                            	
00000220	.text:004019AC          	push    eax                     	ESP=0012FE54                            	
00000220	.text:004019AC          	push    eax                     	ESP=0012FE58                            	
00000220	.text:004019AC          	push    eax                     	ESP=0012FE5C                            	
00000220	.text:004019AC          	push    eax                     	ESP=0012FE60                            	
00000220	.text:004019AC          	push    eax                     	ESP=0012FE64                            	
00000220	.text:004019AC          	push    eax                     	ESP=0012FE68                            	
00000220	.text:004019AC          	push    eax                     	ESP=0012FE6C                            	
00000220	.text:004019AC          	push    eax                     	ESP=0012FE70                            	
00000220	.text:004019AC          	push    eax                     	ESP=0012FE74                            	
00000220	.text:004019AC          	push    eax                     	ESP=0012FE78                            	
00000220	.text:004019AC          	push    eax                     	ESP=0012FE7C                            	
00000220	.text:004019AC          	push    eax                     	ESP=0012FE80                            	
00000220	.text:004019AC          	push    eax                     	ESP=0012FE84                            	
00000220	.text:004019AC          	push    eax                     	ESP=0012FE88                            	
00000220	.text:004019AC          	push    eax                     	ESP=0012FE8C                            	
00000220	.text:004019AC          	push    eax                     	ESP=0012FE90                            	
00000220	.text:004019AC          	push    eax                     	ESP=0012FE94                            	
00000220	.text:004019AC          	push    eax                     	ESP=0012FE98                            	
00000220	.text:004019AC          	push    eax                     	ESP=0012FE9C                            	
00000220	.text:004019AC          	push    eax                     	ESP=0012FEA0                            	
00000220	.text:004019AD          	popf                            	ESP=0012FE04 PF=0 ZF=0                  	
00000220	.text:004019AD          	popf                            	ESP=0012FE08 PF=0 ZF=0                  	
00000220	.text:004019AD          	popf                            	ESP=0012FE0C PF=0 ZF=0                  	
00000220	.text:004019AD          	popf                            	ESP=0012FE10 PF=0 ZF=0                  	
00000220	.text:004019AD          	popf                            	ESP=0012FE14 PF=0 ZF=0                  	
00000220	.text:004019AD          	popf                            	ESP=0012FE18 PF=0 ZF=0                  	
00000220	.text:004019AD          	popf                            	ESP=0012FE1C PF=0 ZF=0                  	
00000220	.text:004019AD          	popf                            	ESP=0012FE20 PF=0 ZF=0                  	
00000220	.text:004019AD          	popf                            	ESP=0012FE24 PF=0 ZF=0                  	
00000220	.text:004019AD          	popf                            	ESP=0012FE28 PF=0 ZF=0                  	
00000220	.text:004019AD          	popf                            	ESP=0012FE2C PF=0 ZF=0                  	
00000220	.text:004019AD          	popf                            	ESP=0012FE30 PF=0 ZF=0                  	
00000220	.text:004019AD          	popf                            	ESP=0012FE34 PF=0 ZF=0                  	
00000220	.text:004019AD          	popf                            	ESP=0012FE38 PF=0 ZF=0                  	
00000220	.text:004019AD          	popf                            	ESP=0012FE3C PF=0 ZF=0                  	
00000220	.text:004019AD          	popf                            	ESP=0012FE40 PF=0 ZF=0                  	
00000220	.text:004019AD          	popf                            	ESP=0012FE44 PF=0 ZF=0                  	
00000220	.text:004019AD          	popf                            	ESP=0012FE48 PF=0 ZF=0                  	
00000220	.text:004019AD          	popf                            	ESP=0012FE4C PF=0 ZF=0                  	
00000220	.text:004019AD          	popf                            	ESP=0012FE50 PF=0 ZF=0                  	
00000220	.text:004019AD          	popf                            	ESP=0012FE54 PF=0 ZF=0                  	
00000220	.text:004019AD          	popf                            	ESP=0012FE58 PF=0 ZF=0                  	
00000220	.text:004019AD          	popf                            	ESP=0012FE5C PF=0 ZF=0                  	
00000220	.text:004019AD          	popf                            	ESP=0012FE60 PF=0 ZF=0                  	
00000220	.text:004019AD          	popf                            	ESP=0012FE64 PF=0 ZF=0                  	
00000220	.text:004019AD          	popf                            	ESP=0012FE68 PF=0 ZF=0                  	
00000220	.text:004019AD          	popf                            	ESP=0012FE6C PF=0 ZF=0                  	
00000220	.text:004019AD          	popf                            	ESP=0012FE70 PF=0 ZF=0                  	
00000220	.text:004019AD          	popf                            	ESP=0012FE74 PF=0 ZF=0                  	
00000220	.text:004019AD          	popf                            	ESP=0012FE78 PF=0 ZF=0                  	
00000220	.text:004019AD          	popf                            	ESP=0012FE7C PF=0 ZF=0                  	
00000220	.text:004019AD          	popf                            	ESP=0012FE80 PF=0 ZF=0                  	
00000220	.text:004019AD          	popf                            	ESP=0012FE84 PF=0 ZF=0                  	
00000220	.text:004019AD          	popf                            	ESP=0012FE88 PF=0 ZF=0                  	
00000220	.text:004019AD          	popf                            	ESP=0012FE8C PF=0 ZF=0                  	
00000220	.text:004019AD          	popf                            	ESP=0012FE90 PF=0 ZF=0                  	
00000220	.text:004019AD          	popf                            	ESP=0012FE94 PF=0 ZF=0                  	
00000220	.text:004019AD          	popf                            	ESP=0012FE98 PF=0 ZF=0                  	
00000220	.text:004019AD          	popf                            	ESP=0012FE9C PF=0 ZF=0                  	
00000220	.text:004019AD          	popf                            	ESP=0012FEA0 PF=0 ZF=0                  	
00000220	.text:004019AD          	popf                            	ESP=0012FEA4 PF=0 ZF=0                  	
00000220	.text:004019AE          	jnz     short loc_4019B1        	                                        	
00000220	.text:004019B8          	mov     ax, 5EBh                	EAX=000005EB                            	
00000220	.text:004019BC          	xor     eax, eax                	EAX=00000000 PF=1 ZF=1                  	
00000220	.text:004019BE          	jz      short near ptr dword_4019B8+2	                                        	
00000220	.text:004019C8          	jz      short loc_4019CD        	                                        	
00000220	.text:004019D4          	jz      short loc_4019D7        	                                        	
00000220	.text:004019DE          	jz      short loc_4019E1        	                                        	
00000220	.text:004019E8          	mov     ax, 5EBh                	EAX=000005EB                            	
00000220	.text:004019EC          	xor     eax, eax                	EAX=00000000                            	
00000220	.text:004019EE          	jz      short near ptr dword_4019E8+2	                                        	
00000220	.text:004019F8          	sub     esp, 4                  	ESP=0012FEA0 ZF=0                       	
00000220	.text:004019FB          	mov     [esp], eax              	                                        	
00000220	.text:004019FE          	popf                            	ESP=0012FEA4 PF=0                       	
00000220	.text:004019FF          	jnz     short loc_401A02        	                                        	
00000220	.text:00401A09          	mov     ax, 5EBh                	EAX=000005EB                            	
00000220	.text:00401A0D          	xor     eax, eax                	EAX=00000000 PF=1 ZF=1                  	
00000220	.text:00401A0F          	jz      short near ptr byte_401A09+2	                                        	
00000220	.text:00401A19          	jz      short near ptr unk_401A1D	                                        	
00000220	.text:00401A24          	jz      short near ptr unk_401A29	                                        	
00000220	.text:00401A30          	jz      short near ptr unk_401A33	                                        	
00000220	.text:00401A3A          	mov     ax, 5EBh                	EAX=000005EB                            	
00000220	.text:00401A3E          	xor     eax, eax                	EAX=00000000                            	
00000220	.text:00401A40          	jz      short near ptr unk_401A3C	                                        	
00000220	.text:00401A49          	xor     esi, esi                	ESI=00000000                            	
00000220	.text:00401A4B          	jz      short loc_401A4E        	                                        	
00000220	.text:00401A50          	jz      short loc_401A53        	                                        	
00000220	.text:00401A65          	xor     eax, eax                	EAX=00000000                            	
00000220	.text:00401A67          	jz      short loc_401A63        	                                        	
00000220	.text:00401A6D          	shl     eax, 16h                	EAX=00400000 ZF=0                       	
00000220	.text:00401A70          	jnz     short loc_401A74        	                                        	
00000220	.text:00401A79          	mov     ecx, [ebp-14h]          	ECX=00000000                            	
00000220	.text:00401A79          	mov     ecx, [ebp-14h]          	ECX=00000001                            	
00000220	.text:00401A79          	mov     ecx, [ebp-14h]          	ECX=00000002                            	
00000220	.text:00401A79          	mov     ecx, [ebp-14h]          	ECX=00000003                            	
00000220	.text:00401A79          	mov     ecx, [ebp-14h]          	ECX=00000004                            	
00000220	.text:00401A79          	mov     ecx, [ebp-14h]          	ECX=00000005                            	
00000220	.text:00401A79          	mov     ecx, [ebp-14h]          	ECX=00000006                            	
00000220	.text:00401A79          	mov     ecx, [ebp-14h]          	ECX=00000007                            	
00000220	.text:00401A79          	mov     ecx, [ebp-14h]          	ECX=00000008                            	
00000220	.text:00401A79          	mov     ecx, [ebp-14h]          	ECX=00000009                            	
00000220	.text:00401A79          	mov     ecx, [ebp-14h]          	ECX=0000000A                            	
00000220	.text:00401A79          	mov     ecx, [ebp-14h]          	ECX=0000000B                            	
00000220	.text:00401A79          	mov     ecx, [ebp-14h]          	ECX=0000000C                            	
00000220	.text:00401A79          	mov     ecx, [ebp-14h]          	ECX=0000000D                            	
00000220	.text:00401A79          	mov     ecx, [ebp-14h]          	ECX=0000000E                            	
00000220	.text:00401A79          	mov     ecx, [ebp-14h]          	ECX=0000000F                            	
00000220	.text:00401A79          	mov     ecx, [ebp-14h]          	ECX=00000010                            	
00000220	.text:00401A79          	mov     ecx, [ebp-14h]          	ECX=00000011                            	
00000220	.text:00401A79          	mov     ecx, [ebp-14h]          	ECX=00000012                            	
00000220	.text:00401A79          	mov     ecx, [ebp-14h]          	ECX=00000013                            	
00000220	.text:00401A79          	mov     ecx, [ebp-14h]          	ECX=00000014                            	
00000220	.text:00401A79          	mov     ecx, [ebp-14h]          	ECX=00000015                            	
00000220	.text:00401A79          	mov     ecx, [ebp-14h]          	ECX=00000016                            	
00000220	.text:00401A79          	mov     ecx, [ebp-14h]          	ECX=00000017                            	
00000220	.text:00401A79          	mov     ecx, [ebp-14h]          	ECX=00000018                            	
00000220	.text:00401A79          	mov     ecx, [ebp-14h]          	ECX=00000019                            	
00000220	.text:00401A79          	mov     ecx, [ebp-14h]          	ECX=0000001A                            	
00000220	.text:00401A79          	mov     ecx, [ebp-14h]          	ECX=0000001B                            	
00000220	.text:00401A79          	mov     ecx, [ebp-14h]          	ECX=0000001C                            	
00000220	.text:00401A79          	mov     ecx, [ebp-14h]          	ECX=0000001D                            	
00000220	.text:00401A79          	mov     ecx, [ebp-14h]          	ECX=0000001E                            	
00000220	.text:00401A79          	mov     ecx, [ebp-14h]          	ECX=0000001F                            	
00000220	.text:00401A79          	mov     ecx, [ebp-14h]          	ECX=00000020                            	
00000220	.text:00401A79          	mov     ecx, [ebp-14h]          	ECX=00000021                            	
00000220	.text:00401A79          	mov     ecx, [ebp-14h]          	ECX=00000022                            	
00000220	.text:00401A79          	mov     ecx, [ebp-14h]          	ECX=00000023                            	
00000220	.text:00401A79          	mov     ecx, [ebp-14h]          	ECX=00000024                            	
00000220	.text:00401A79          	mov     ecx, [ebp-14h]          	ECX=00000025                            	
00000220	.text:00401A79          	mov     ecx, [ebp-14h]          	ECX=00000026                            	
00000220	.text:00401A79          	mov     ecx, [ebp-14h]          	ECX=00000027                            	
00000220	.text:00401A79          	mov     ecx, [ebp-14h]          	ECX=00000028                            	
00000220	.text:00401A7C          	test    ecx, ecx                	CF=0 AF=0                               	
00000220	.text:00401A7C          	test    ecx, ecx                	CF=0 PF=1 AF=0                          	
00000220	.text:00401A7C          	test    ecx, ecx                	CF=0 PF=1 AF=0 ZF=1                     	
00000220	.text:00401A7E          	jnz     short loc_401A83        	                                        	
00000220	.text:00401A80          	jz      short loc_401A83        	                                        	
00000220	.text:00401A8A          	cmovz   ecx, esi                	                                        	
00000220	.text:00401A8A          	cmovz   ecx, esi                	ECX=00000000                            	
00000220	.text:00401A8D          	jz      short loc_401A92        	                                        	
00000220	.text:00401A8F          	jnz     short loc_401A92        	                                        	
00000220	.text:00401A99          	mov     ecx, [ebp-14h]          	                                        	
00000220	.text:00401A99          	mov     ecx, [ebp-14h]          	ECX=00000001                            	
00000220	.text:00401A99          	mov     ecx, [ebp-14h]          	ECX=00000002                            	
00000220	.text:00401A99          	mov     ecx, [ebp-14h]          	ECX=00000003                            	
00000220	.text:00401A99          	mov     ecx, [ebp-14h]          	ECX=00000004                            	
00000220	.text:00401A99          	mov     ecx, [ebp-14h]          	ECX=00000005                            	
00000220	.text:00401A99          	mov     ecx, [ebp-14h]          	ECX=00000006                            	
00000220	.text:00401A99          	mov     ecx, [ebp-14h]          	ECX=00000007                            	
00000220	.text:00401A99          	mov     ecx, [ebp-14h]          	ECX=00000008                            	
00000220	.text:00401A99          	mov     ecx, [ebp-14h]          	ECX=00000009                            	
00000220	.text:00401A99          	mov     ecx, [ebp-14h]          	ECX=0000000A                            	
00000220	.text:00401A99          	mov     ecx, [ebp-14h]          	ECX=0000000B                            	
00000220	.text:00401A99          	mov     ecx, [ebp-14h]          	ECX=0000000C                            	
00000220	.text:00401A99          	mov     ecx, [ebp-14h]          	ECX=0000000D                            	
00000220	.text:00401A99          	mov     ecx, [ebp-14h]          	ECX=0000000E                            	
00000220	.text:00401A99          	mov     ecx, [ebp-14h]          	ECX=0000000F                            	
00000220	.text:00401A99          	mov     ecx, [ebp-14h]          	ECX=00000010                            	
00000220	.text:00401A99          	mov     ecx, [ebp-14h]          	ECX=00000011                            	
00000220	.text:00401A99          	mov     ecx, [ebp-14h]          	ECX=00000012                            	
00000220	.text:00401A99          	mov     ecx, [ebp-14h]          	ECX=00000013                            	
00000220	.text:00401A99          	mov     ecx, [ebp-14h]          	ECX=00000014                            	
00000220	.text:00401A99          	mov     ecx, [ebp-14h]          	ECX=00000015                            	
00000220	.text:00401A99          	mov     ecx, [ebp-14h]          	ECX=00000016                            	
00000220	.text:00401A99          	mov     ecx, [ebp-14h]          	ECX=00000017                            	
00000220	.text:00401A99          	mov     ecx, [ebp-14h]          	ECX=00000018                            	
00000220	.text:00401A99          	mov     ecx, [ebp-14h]          	ECX=00000019                            	
00000220	.text:00401A99          	mov     ecx, [ebp-14h]          	ECX=0000001A                            	
00000220	.text:00401A99          	mov     ecx, [ebp-14h]          	ECX=0000001B                            	
00000220	.text:00401A99          	mov     ecx, [ebp-14h]          	ECX=0000001C                            	
00000220	.text:00401A99          	mov     ecx, [ebp-14h]          	ECX=0000001D                            	
00000220	.text:00401A99          	mov     ecx, [ebp-14h]          	ECX=0000001E                            	
00000220	.text:00401A99          	mov     ecx, [ebp-14h]          	ECX=0000001F                            	
00000220	.text:00401A99          	mov     ecx, [ebp-14h]          	ECX=00000020                            	
00000220	.text:00401A99          	mov     ecx, [ebp-14h]          	ECX=00000021                            	
00000220	.text:00401A99          	mov     ecx, [ebp-14h]          	ECX=00000022                            	
00000220	.text:00401A99          	mov     ecx, [ebp-14h]          	ECX=00000023                            	
00000220	.text:00401A99          	mov     ecx, [ebp-14h]          	ECX=00000024                            	
00000220	.text:00401A99          	mov     ecx, [ebp-14h]          	ECX=00000025                            	
00000220	.text:00401A99          	mov     ecx, [ebp-14h]          	ECX=00000026                            	
00000220	.text:00401A99          	mov     ecx, [ebp-14h]          	ECX=00000027                            	
00000220	.text:00401A99          	mov     ecx, [ebp-14h]          	ECX=00000028                            	
00000220	.text:00401A9C          	mov     al, [eax+ecx]           	EAX=0040212D                            	
00000220	.text:00401A9C          	mov     al, [eax+ecx]           	EAX=0040212E                            	
00000220	.text:00401A9C          	mov     al, [eax+ecx]           	EAX=00402130                            	
00000220	.text:00401A9C          	mov     al, [eax+ecx]           	EAX=00402131                            	
00000220	.text:00401A9C          	mov     al, [eax+ecx]           	EAX=00402132                            	
00000220	.text:00401A9C          	mov     al, [eax+ecx]           	EAX=00402133                            	
00000220	.text:00401A9C          	mov     al, [eax+ecx]           	EAX=00402134                            	
00000220	.text:00401A9C          	mov     al, [eax+ecx]           	EAX=00402135                            	
00000220	.text:00401A9C          	mov     al, [eax+ecx]           	EAX=00402136                            	
00000220	.text:00401A9C          	mov     al, [eax+ecx]           	EAX=00402137                            	
00000220	.text:00401A9C          	mov     al, [eax+ecx]           	EAX=00402138                            	
00000220	.text:00401A9C          	mov     al, [eax+ecx]           	EAX=00402139                            	
00000220	.text:00401A9C          	mov     al, [eax+ecx]           	EAX=00402140                            	
00000220	.text:00401A9C          	mov     al, [eax+ecx]           	EAX=00402161                            	
00000220	.text:00401A9C          	mov     al, [eax+ecx]           	EAX=00402163                            	
00000220	.text:00401A9C          	mov     al, [eax+ecx]           	EAX=00402165                            	
00000220	.text:00401A9C          	mov     al, [eax+ecx]           	EAX=00402166                            	
00000220	.text:00401A9C          	mov     al, [eax+ecx]           	EAX=0040216C                            	
00000220	.text:00401A9C          	mov     al, [eax+ecx]           	EAX=0040216D                            	
00000220	.text:00401A9C          	mov     al, [eax+ecx]           	EAX=0040216E                            	
00000220	.text:00401A9C          	mov     al, [eax+ecx]           	EAX=0040216F                            	
00000220	.text:00401A9C          	mov     al, [eax+ecx]           	EAX=00402172                            	
00000220	.text:00401A9F          	jnz     short loc_401AA4        	                                        	
00000220	.text:00401AA1          	jz      short loc_401AA4        	                                        	
00000220	.text:00401AA9          	movsx   ebx, byte ptr [esp+ebx+58h]	EBX=00000000                            	
00000220	.text:00401AA9          	movsx   ebx, byte ptr [esp+ebx+58h]	EBX=00000001                            	
00000220	.text:00401AA9          	movsx   ebx, byte ptr [esp+ebx+58h]	EBX=00000002                            	
00000220	.text:00401AA9          	movsx   ebx, byte ptr [esp+ebx+58h]	EBX=00000003                            	
00000220	.text:00401AA9          	movsx   ebx, byte ptr [esp+ebx+58h]	EBX=00000004                            	
00000220	.text:00401AA9          	movsx   ebx, byte ptr [esp+ebx+58h]	EBX=00000005                            	
00000220	.text:00401AA9          	movsx   ebx, byte ptr [esp+ebx+58h]	EBX=00000006                            	
00000220	.text:00401AA9          	movsx   ebx, byte ptr [esp+ebx+58h]	EBX=00000007                            	
00000220	.text:00401AA9          	movsx   ebx, byte ptr [esp+ebx+58h]	EBX=00000008                            	
00000220	.text:00401AA9          	movsx   ebx, byte ptr [esp+ebx+58h]	EBX=00000009                            	
00000220	.text:00401AA9          	movsx   ebx, byte ptr [esp+ebx+58h]	EBX=0000000A                            	
00000220	.text:00401AA9          	movsx   ebx, byte ptr [esp+ebx+58h]	EBX=0000000B                            	
00000220	.text:00401AA9          	movsx   ebx, byte ptr [esp+ebx+58h]	EBX=0000000C                            	
00000220	.text:00401AA9          	movsx   ebx, byte ptr [esp+ebx+58h]	EBX=0000000D                            	
00000220	.text:00401AA9          	movsx   ebx, byte ptr [esp+ebx+58h]	EBX=0000000E                            	
00000220	.text:00401AA9          	movsx   ebx, byte ptr [esp+ebx+58h]	EBX=0000000F                            	
00000220	.text:00401AA9          	movsx   ebx, byte ptr [esp+ebx+58h]	EBX=00000010                            	
00000220	.text:00401AA9          	movsx   ebx, byte ptr [esp+ebx+58h]	EBX=00000011                            	
00000220	.text:00401AA9          	movsx   ebx, byte ptr [esp+ebx+58h]	EBX=00000012                            	
00000220	.text:00401AA9          	movsx   ebx, byte ptr [esp+ebx+58h]	EBX=00000013                            	
00000220	.text:00401AA9          	movsx   ebx, byte ptr [esp+ebx+58h]	EBX=00000014                            	
00000220	.text:00401AA9          	movsx   ebx, byte ptr [esp+ebx+58h]	EBX=00000015                            	
00000220	.text:00401AA9          	movsx   ebx, byte ptr [esp+ebx+58h]	EBX=00000016                            	
00000220	.text:00401AA9          	movsx   ebx, byte ptr [esp+ebx+58h]	EBX=00000017                            	
00000220	.text:00401AA9          	movsx   ebx, byte ptr [esp+ebx+58h]	EBX=00000018                            	
00000220	.text:00401AA9          	movsx   ebx, byte ptr [esp+ebx+58h]	EBX=00000019                            	
00000220	.text:00401AA9          	movsx   ebx, byte ptr [esp+ebx+58h]	EBX=0000001A                            	
00000220	.text:00401AA9          	movsx   ebx, byte ptr [esp+ebx+58h]	EBX=0000001B                            	
00000220	.text:00401AA9          	movsx   ebx, byte ptr [esp+ebx+58h]	EBX=0000001C                            	
00000220	.text:00401AA9          	movsx   ebx, byte ptr [esp+ebx+58h]	EBX=0000001D                            	
00000220	.text:00401AA9          	movsx   ebx, byte ptr [esp+ebx+58h]	EBX=0000001E                            	
00000220	.text:00401AA9          	movsx   ebx, byte ptr [esp+ebx+58h]	EBX=0000001F                            	
00000220	.text:00401AA9          	movsx   ebx, byte ptr [esp+ebx+58h]	EBX=00000020                            	
00000220	.text:00401AA9          	movsx   ebx, byte ptr [esp+ebx+58h]	EBX=00000021                            	
00000220	.text:00401AA9          	movsx   ebx, byte ptr [esp+ebx+58h]	EBX=00000022                            	
00000220	.text:00401AA9          	movsx   ebx, byte ptr [esp+ebx+58h]	EBX=00000023                            	
00000220	.text:00401AA9          	movsx   ebx, byte ptr [esp+ebx+58h]	EBX=00000024                            	
00000220	.text:00401AA9          	movsx   ebx, byte ptr [esp+ebx+58h]	EBX=00000025                            	
00000220	.text:00401AA9          	movsx   ebx, byte ptr [esp+ebx+58h]	EBX=00000026                            	
00000220	.text:00401AA9          	movsx   ebx, byte ptr [esp+ebx+58h]	EBX=00000027                            	
00000220	.text:00401AA9          	movsx   ebx, byte ptr [esp+ebx+58h]	EBX=00000028                            	
00000220	.text:00401AAE          	mov     dword ptr [esp-10h], 0AB41CA48h	                                        	
00000220	.text:00401AB6          	rol     dword ptr [esp-10h], 4  	OF=1                                    	
00000220	.text:00401ABB          	mov     dword ptr [esp-0Ch], 0C3000000h	                                        	
00000220	.text:00401AC3          	push    1AD5h                   	ESP=0012FE00                            	
00000220	.text:00401AC3          	push    1AD5h                   	ESP=0012FE04                            	
00000220	.text:00401AC3          	push    1AD5h                   	ESP=0012FE08                            	
00000220	.text:00401AC3          	push    1AD5h                   	ESP=0012FE0C                            	
00000220	.text:00401AC3          	push    1AD5h                   	ESP=0012FE10                            	
00000220	.text:00401AC3          	push    1AD5h                   	ESP=0012FE14                            	
00000220	.text:00401AC3          	push    1AD5h                   	ESP=0012FE18                            	
00000220	.text:00401AC3          	push    1AD5h                   	ESP=0012FE1C                            	
00000220	.text:00401AC3          	push    1AD5h                   	ESP=0012FE20                            	
00000220	.text:00401AC3          	push    1AD5h                   	ESP=0012FE24                            	
00000220	.text:00401AC3          	push    1AD5h                   	ESP=0012FE28                            	
00000220	.text:00401AC3          	push    1AD5h                   	ESP=0012FE2C                            	
00000220	.text:00401AC3          	push    1AD5h                   	ESP=0012FE30                            	
00000220	.text:00401AC3          	push    1AD5h                   	ESP=0012FE34                            	
00000220	.text:00401AC3          	push    1AD5h                   	ESP=0012FE38                            	
00000220	.text:00401AC3          	push    1AD5h                   	ESP=0012FE3C                            	
00000220	.text:00401AC3          	push    1AD5h                   	ESP=0012FE40                            	
00000220	.text:00401AC3          	push    1AD5h                   	ESP=0012FE44                            	
00000220	.text:00401AC3          	push    1AD5h                   	ESP=0012FE48                            	
00000220	.text:00401AC3          	push    1AD5h                   	ESP=0012FE4C                            	
00000220	.text:00401AC3          	push    1AD5h                   	ESP=0012FE50                            	
00000220	.text:00401AC3          	push    1AD5h                   	ESP=0012FE54                            	
00000220	.text:00401AC3          	push    1AD5h                   	ESP=0012FE58                            	
00000220	.text:00401AC3          	push    1AD5h                   	ESP=0012FE5C                            	
00000220	.text:00401AC3          	push    1AD5h                   	ESP=0012FE60                            	
00000220	.text:00401AC3          	push    1AD5h                   	ESP=0012FE64                            	
00000220	.text:00401AC3          	push    1AD5h                   	ESP=0012FE68                            	
00000220	.text:00401AC3          	push    1AD5h                   	ESP=0012FE6C                            	
00000220	.text:00401AC3          	push    1AD5h                   	ESP=0012FE70                            	
00000220	.text:00401AC3          	push    1AD5h                   	ESP=0012FE74                            	
00000220	.text:00401AC3          	push    1AD5h                   	ESP=0012FE78                            	
00000220	.text:00401AC3          	push    1AD5h                   	ESP=0012FE7C                            	
00000220	.text:00401AC3          	push    1AD5h                   	ESP=0012FE80                            	
00000220	.text:00401AC3          	push    1AD5h                   	ESP=0012FE84                            	
00000220	.text:00401AC3          	push    1AD5h                   	ESP=0012FE88                            	
00000220	.text:00401AC3          	push    1AD5h                   	ESP=0012FE8C                            	
00000220	.text:00401AC3          	push    1AD5h                   	ESP=0012FE90                            	
00000220	.text:00401AC3          	push    1AD5h                   	ESP=0012FE94                            	
00000220	.text:00401AC3          	push    1AD5h                   	ESP=0012FE98                            	
00000220	.text:00401AC3          	push    1AD5h                   	ESP=0012FE9C                            	
00000220	.text:00401AC3          	push    1AD5h                   	ESP=0012FEA0                            	
00000220	.text:00401AC8          	sub     dword ptr [esp], 0FFC00000h	CF=1 OF=0                               	
00000220	.text:00401AC8          	sub     dword ptr [esp], 0FFC00000h	CF=1 PF=0 OF=0                          	
00000220	.text:00401AC8          	sub     dword ptr [esp], 0FFC00000h	CF=1 PF=0 ZF=0 OF=0                     	
00000220	.text:00401ACF          	push    esp                     	ESP=0012FDFC                            	
00000220	.text:00401ACF          	push    esp                     	ESP=0012FE00                            	
00000220	.text:00401ACF          	push    esp                     	ESP=0012FE04                            	
00000220	.text:00401ACF          	push    esp                     	ESP=0012FE08                            	
00000220	.text:00401ACF          	push    esp                     	ESP=0012FE0C                            	
00000220	.text:00401ACF          	push    esp                     	ESP=0012FE10                            	
00000220	.text:00401ACF          	push    esp                     	ESP=0012FE14                            	
00000220	.text:00401ACF          	push    esp                     	ESP=0012FE18                            	
00000220	.text:00401ACF          	push    esp                     	ESP=0012FE1C                            	
00000220	.text:00401ACF          	push    esp                     	ESP=0012FE20                            	
00000220	.text:00401ACF          	push    esp                     	ESP=0012FE24                            	
00000220	.text:00401ACF          	push    esp                     	ESP=0012FE28                            	
00000220	.text:00401ACF          	push    esp                     	ESP=0012FE2C                            	
00000220	.text:00401ACF          	push    esp                     	ESP=0012FE30                            	
00000220	.text:00401ACF          	push    esp                     	ESP=0012FE34                            	
00000220	.text:00401ACF          	push    esp                     	ESP=0012FE38                            	
00000220	.text:00401ACF          	push    esp                     	ESP=0012FE3C                            	
00000220	.text:00401ACF          	push    esp                     	ESP=0012FE40                            	
00000220	.text:00401ACF          	push    esp                     	ESP=0012FE44                            	
00000220	.text:00401ACF          	push    esp                     	ESP=0012FE48                            	
00000220	.text:00401ACF          	push    esp                     	ESP=0012FE4C                            	
00000220	.text:00401ACF          	push    esp                     	ESP=0012FE50                            	
00000220	.text:00401ACF          	push    esp                     	ESP=0012FE54                            	
00000220	.text:00401ACF          	push    esp                     	ESP=0012FE58                            	
00000220	.text:00401ACF          	push    esp                     	ESP=0012FE5C                            	
00000220	.text:00401ACF          	push    esp                     	ESP=0012FE60                            	
00000220	.text:00401ACF          	push    esp                     	ESP=0012FE64                            	
00000220	.text:00401ACF          	push    esp                     	ESP=0012FE68                            	
00000220	.text:00401ACF          	push    esp                     	ESP=0012FE6C                            	
00000220	.text:00401ACF          	push    esp                     	ESP=0012FE70                            	
00000220	.text:00401ACF          	push    esp                     	ESP=0012FE74                            	
00000220	.text:00401ACF          	push    esp                     	ESP=0012FE78                            	
00000220	.text:00401ACF          	push    esp                     	ESP=0012FE7C                            	
00000220	.text:00401ACF          	push    esp                     	ESP=0012FE80                            	
00000220	.text:00401ACF          	push    esp                     	ESP=0012FE84                            	
00000220	.text:00401ACF          	push    esp                     	ESP=0012FE88                            	
00000220	.text:00401ACF          	push    esp                     	ESP=0012FE8C                            	
00000220	.text:00401ACF          	push    esp                     	ESP=0012FE90                            	
00000220	.text:00401ACF          	push    esp                     	ESP=0012FE94                            	
00000220	.text:00401ACF          	push    esp                     	ESP=0012FE98                            	
00000220	.text:00401ACF          	push    esp                     	ESP=0012FE9C                            	
00000220	.text:00401AD4          	retn                            	ESP=0012FE00                            	
00000220	.text:00401AD4          	retn                            	ESP=0012FE04                            	
00000220	.text:00401AD4          	retn                            	ESP=0012FE08                            	
00000220	.text:00401AD4          	retn                            	ESP=0012FE0C                            	
00000220	.text:00401AD4          	retn                            	ESP=0012FE10                            	
00000220	.text:00401AD4          	retn                            	ESP=0012FE14                            	
00000220	.text:00401AD4          	retn                            	ESP=0012FE18                            	
00000220	.text:00401AD4          	retn                            	ESP=0012FE1C                            	
00000220	.text:00401AD4          	retn                            	ESP=0012FE20                            	
00000220	.text:00401AD4          	retn                            	ESP=0012FE24                            	
00000220	.text:00401AD4          	retn                            	ESP=0012FE28                            	
00000220	.text:00401AD4          	retn                            	ESP=0012FE2C                            	
00000220	.text:00401AD4          	retn                            	ESP=0012FE30                            	
00000220	.text:00401AD4          	retn                            	ESP=0012FE34                            	
00000220	.text:00401AD4          	retn                            	ESP=0012FE38                            	
00000220	.text:00401AD4          	retn                            	ESP=0012FE3C                            	
00000220	.text:00401AD4          	retn                            	ESP=0012FE40                            	
00000220	.text:00401AD4          	retn                            	ESP=0012FE44                            	
00000220	.text:00401AD4          	retn                            	ESP=0012FE48                            	
00000220	.text:00401AD4          	retn                            	ESP=0012FE4C                            	
00000220	.text:00401AD4          	retn                            	ESP=0012FE50                            	
00000220	.text:00401AD4          	retn                            	ESP=0012FE54                            	
00000220	.text:00401AD4          	retn                            	ESP=0012FE58                            	
00000220	.text:00401AD4          	retn                            	ESP=0012FE5C                            	
00000220	.text:00401AD4          	retn                            	ESP=0012FE60                            	
00000220	.text:00401AD4          	retn                            	ESP=0012FE64                            	
00000220	.text:00401AD4          	retn                            	ESP=0012FE68                            	
00000220	.text:00401AD4          	retn                            	ESP=0012FE6C                            	
00000220	.text:00401AD4          	retn                            	ESP=0012FE70                            	
00000220	.text:00401AD4          	retn                            	ESP=0012FE74                            	
00000220	.text:00401AD4          	retn                            	ESP=0012FE78                            	
00000220	.text:00401AD4          	retn                            	ESP=0012FE7C                            	
00000220	.text:00401AD4          	retn                            	ESP=0012FE80                            	
00000220	.text:00401AD4          	retn                            	ESP=0012FE84                            	
00000220	.text:00401AD4          	retn                            	ESP=0012FE88                            	
00000220	.text:00401AD4          	retn                            	ESP=0012FE8C                            	
00000220	.text:00401AD4          	retn                            	ESP=0012FE90                            	
00000220	.text:00401AD4          	retn                            	ESP=0012FE94                            	
00000220	.text:00401AD4          	retn                            	ESP=0012FE98                            	
00000220	.text:00401AD4          	retn                            	ESP=0012FE9C                            	
00000220	.text:00401AD4          	retn                            	ESP=0012FEA0                            	
00000220	.text:00401AD5          	mov     dword ptr [esp-0Ch], 0E8C3E030h	                                        	
00000220	.text:00401ADD          	push    0FC33AC30h              	ESP=0012FE00                            	
00000220	.text:00401ADD          	push    0FC33AC30h              	ESP=0012FE04                            	
00000220	.text:00401ADD          	push    0FC33AC30h              	ESP=0012FE08                            	
00000220	.text:00401ADD          	push    0FC33AC30h              	ESP=0012FE0C                            	
00000220	.text:00401ADD          	push    0FC33AC30h              	ESP=0012FE10                            	
00000220	.text:00401ADD          	push    0FC33AC30h              	ESP=0012FE14                            	
00000220	.text:00401ADD          	push    0FC33AC30h              	ESP=0012FE18                            	
00000220	.text:00401ADD          	push    0FC33AC30h              	ESP=0012FE1C                            	
00000220	.text:00401ADD          	push    0FC33AC30h              	ESP=0012FE20                            	
00000220	.text:00401ADD          	push    0FC33AC30h              	ESP=0012FE24                            	
00000220	.text:00401ADD          	push    0FC33AC30h              	ESP=0012FE28                            	
00000220	.text:00401ADD          	push    0FC33AC30h              	ESP=0012FE2C                            	
00000220	.text:00401ADD          	push    0FC33AC30h              	ESP=0012FE30                            	
00000220	.text:00401ADD          	push    0FC33AC30h              	ESP=0012FE34                            	
00000220	.text:00401ADD          	push    0FC33AC30h              	ESP=0012FE38                            	
00000220	.text:00401ADD          	push    0FC33AC30h              	ESP=0012FE3C                            	
00000220	.text:00401ADD          	push    0FC33AC30h              	ESP=0012FE40                            	
00000220	.text:00401ADD          	push    0FC33AC30h              	ESP=0012FE44                            	
00000220	.text:00401ADD          	push    0FC33AC30h              	ESP=0012FE48                            	
00000220	.text:00401ADD          	push    0FC33AC30h              	ESP=0012FE4C                            	
00000220	.text:00401ADD          	push    0FC33AC30h              	ESP=0012FE50                            	
00000220	.text:00401ADD          	push    0FC33AC30h              	ESP=0012FE54                            	
00000220	.text:00401ADD          	push    0FC33AC30h              	ESP=0012FE58                            	
00000220	.text:00401ADD          	push    0FC33AC30h              	ESP=0012FE5C                            	
00000220	.text:00401ADD          	push    0FC33AC30h              	ESP=0012FE60                            	
00000220	.text:00401ADD          	push    0FC33AC30h              	ESP=0012FE64                            	
00000220	.text:00401ADD          	push    0FC33AC30h              	ESP=0012FE68                            	
00000220	.text:00401ADD          	push    0FC33AC30h              	ESP=0012FE6C                            	
00000220	.text:00401ADD          	push    0FC33AC30h              	ESP=0012FE70                            	
00000220	.text:00401ADD          	push    0FC33AC30h              	ESP=0012FE74                            	
00000220	.text:00401ADD          	push    0FC33AC30h              	ESP=0012FE78                            	
00000220	.text:00401ADD          	push    0FC33AC30h              	ESP=0012FE7C                            	
00000220	.text:00401ADD          	push    0FC33AC30h              	ESP=0012FE80                            	
00000220	.text:00401ADD          	push    0FC33AC30h              	ESP=0012FE84                            	
00000220	.text:00401ADD          	push    0FC33AC30h              	ESP=0012FE88                            	
00000220	.text:00401ADD          	push    0FC33AC30h              	ESP=0012FE8C                            	
00000220	.text:00401ADD          	push    0FC33AC30h              	ESP=0012FE90                            	
00000220	.text:00401ADD          	push    0FC33AC30h              	ESP=0012FE94                            	
00000220	.text:00401ADD          	push    0FC33AC30h              	ESP=0012FE98                            	
00000220	.text:00401ADD          	push    0FC33AC30h              	ESP=0012FE9C                            	
00000220	.text:00401ADD          	push    0FC33AC30h              	ESP=0012FEA0                            	
00000220	.text:00401AE2          	sub     dword ptr [esp], 0FBF39141h	                                        	
00000220	.text:00401AE2          	sub     dword ptr [esp], 0FBF39141h	AF=1                                    	
00000220	.text:00401AE2          	sub     dword ptr [esp], 0FBF39141h	PF=0                                    	
00000220	.text:00401AE2          	sub     dword ptr [esp], 0FBF39141h	PF=0 AF=1                               	
00000220	.text:00401AE9          	push    esp                     	ESP=0012FDFC                            	
00000220	.text:00401AE9          	push    esp                     	ESP=0012FE00                            	
00000220	.text:00401AE9          	push    esp                     	ESP=0012FE04                            	
00000220	.text:00401AE9          	push    esp                     	ESP=0012FE08                            	
00000220	.text:00401AE9          	push    esp                     	ESP=0012FE0C                            	
00000220	.text:00401AE9          	push    esp                     	ESP=0012FE10                            	
00000220	.text:00401AE9          	push    esp                     	ESP=0012FE14                            	
00000220	.text:00401AE9          	push    esp                     	ESP=0012FE18                            	
00000220	.text:00401AE9          	push    esp                     	ESP=0012FE1C                            	
00000220	.text:00401AE9          	push    esp                     	ESP=0012FE20                            	
00000220	.text:00401AE9          	push    esp                     	ESP=0012FE24                            	
00000220	.text:00401AE9          	push    esp                     	ESP=0012FE28                            	
00000220	.text:00401AE9          	push    esp                     	ESP=0012FE2C                            	
00000220	.text:00401AE9          	push    esp                     	ESP=0012FE30                            	
00000220	.text:00401AE9          	push    esp                     	ESP=0012FE34                            	
00000220	.text:00401AE9          	push    esp                     	ESP=0012FE38                            	
00000220	.text:00401AE9          	push    esp                     	ESP=0012FE3C                            	
00000220	.text:00401AE9          	push    esp                     	ESP=0012FE40                            	
00000220	.text:00401AE9          	push    esp                     	ESP=0012FE44                            	
00000220	.text:00401AE9          	push    esp                     	ESP=0012FE48                            	
00000220	.text:00401AE9          	push    esp                     	ESP=0012FE4C                            	
00000220	.text:00401AE9          	push    esp                     	ESP=0012FE50                            	
00000220	.text:00401AE9          	push    esp                     	ESP=0012FE54                            	
00000220	.text:00401AE9          	push    esp                     	ESP=0012FE58                            	
00000220	.text:00401AE9          	push    esp                     	ESP=0012FE5C                            	
00000220	.text:00401AE9          	push    esp                     	ESP=0012FE60                            	
00000220	.text:00401AE9          	push    esp                     	ESP=0012FE64                            	
00000220	.text:00401AE9          	push    esp                     	ESP=0012FE68                            	
00000220	.text:00401AE9          	push    esp                     	ESP=0012FE6C                            	
00000220	.text:00401AE9          	push    esp                     	ESP=0012FE70                            	
00000220	.text:00401AE9          	push    esp                     	ESP=0012FE74                            	
00000220	.text:00401AE9          	push    esp                     	ESP=0012FE78                            	
00000220	.text:00401AE9          	push    esp                     	ESP=0012FE7C                            	
00000220	.text:00401AE9          	push    esp                     	ESP=0012FE80                            	
00000220	.text:00401AE9          	push    esp                     	ESP=0012FE84                            	
00000220	.text:00401AE9          	push    esp                     	ESP=0012FE88                            	
00000220	.text:00401AE9          	push    esp                     	ESP=0012FE8C                            	
00000220	.text:00401AE9          	push    esp                     	ESP=0012FE90                            	
00000220	.text:00401AE9          	push    esp                     	ESP=0012FE94                            	
00000220	.text:00401AE9          	push    esp                     	ESP=0012FE98                            	
00000220	.text:00401AE9          	push    esp                     	ESP=0012FE9C                            	
00000220	.text:00401AEA          	add     dword ptr [esp], 0FFFFFFF8h	CF=1                                    	
00000220	.text:00401AEA          	add     dword ptr [esp], 0FFFFFFF8h	CF=1 AF=0                               	
00000220	.text:00401AEA          	add     dword ptr [esp], 0FFFFFFF8h	CF=1 PF=1                               	
00000220	.text:00401AEA          	add     dword ptr [esp], 0FFFFFFF8h	CF=1 PF=1 AF=0                          	
00000220	.text:00401AEE          	retn                            	ESP=0012FE00                            	
00000220	.text:00401AEE          	retn                            	ESP=0012FE04                            	
00000220	.text:00401AEE          	retn                            	ESP=0012FE08                            	
00000220	.text:00401AEE          	retn                            	ESP=0012FE0C                            	
00000220	.text:00401AEE          	retn                            	ESP=0012FE10                            	
00000220	.text:00401AEE          	retn                            	ESP=0012FE14                            	
00000220	.text:00401AEE          	retn                            	ESP=0012FE18                            	
00000220	.text:00401AEE          	retn                            	ESP=0012FE1C                            	
00000220	.text:00401AEE          	retn                            	ESP=0012FE20                            	
00000220	.text:00401AEE          	retn                            	ESP=0012FE24                            	
00000220	.text:00401AEE          	retn                            	ESP=0012FE28                            	
00000220	.text:00401AEE          	retn                            	ESP=0012FE2C                            	
00000220	.text:00401AEE          	retn                            	ESP=0012FE30                            	
00000220	.text:00401AEE          	retn                            	ESP=0012FE34                            	
00000220	.text:00401AEE          	retn                            	ESP=0012FE38                            	
00000220	.text:00401AEE          	retn                            	ESP=0012FE3C                            	
00000220	.text:00401AEE          	retn                            	ESP=0012FE40                            	
00000220	.text:00401AEE          	retn                            	ESP=0012FE44                            	
00000220	.text:00401AEE          	retn                            	ESP=0012FE48                            	
00000220	.text:00401AEE          	retn                            	ESP=0012FE4C                            	
00000220	.text:00401AEE          	retn                            	ESP=0012FE50                            	
00000220	.text:00401AEE          	retn                            	ESP=0012FE54                            	
00000220	.text:00401AEE          	retn                            	ESP=0012FE58                            	
00000220	.text:00401AEE          	retn                            	ESP=0012FE5C                            	
00000220	.text:00401AEE          	retn                            	ESP=0012FE60                            	
00000220	.text:00401AEE          	retn                            	ESP=0012FE64                            	
00000220	.text:00401AEE          	retn                            	ESP=0012FE68                            	
00000220	.text:00401AEE          	retn                            	ESP=0012FE6C                            	
00000220	.text:00401AEE          	retn                            	ESP=0012FE70                            	
00000220	.text:00401AEE          	retn                            	ESP=0012FE74                            	
00000220	.text:00401AEE          	retn                            	ESP=0012FE78                            	
00000220	.text:00401AEE          	retn                            	ESP=0012FE7C                            	
00000220	.text:00401AEE          	retn                            	ESP=0012FE80                            	
00000220	.text:00401AEE          	retn                            	ESP=0012FE84                            	
00000220	.text:00401AEE          	retn                            	ESP=0012FE88                            	
00000220	.text:00401AEE          	retn                            	ESP=0012FE8C                            	
00000220	.text:00401AEE          	retn                            	ESP=0012FE90                            	
00000220	.text:00401AEE          	retn                            	ESP=0012FE94                            	
00000220	.text:00401AEE          	retn                            	ESP=0012FE98                            	
00000220	.text:00401AEE          	retn                            	ESP=0012FE9C                            	
00000220	.text:00401AEE          	retn                            	ESP=0012FEA0                            	
00000220	.text:00401AEF          	jz      short loc_401AF4        	                                        	
00000220	.text:00401AF1          	jnz     short loc_401AF4        	                                        	
00000220	.text:00401AFC          	mov     dword ptr [esp-0Ch], 0C3000000h	                                        	
00000220	.text:00401B04          	jnz     short loc_401B09        	                                        	
00000220	.text:00401B0E          	push    esp                     	ESP=0012FDFC                            	
00000220	.text:00401B0E          	push    esp                     	ESP=0012FE00                            	
00000220	.text:00401B0E          	push    esp                     	ESP=0012FE04                            	
00000220	.text:00401B0E          	push    esp                     	ESP=0012FE08                            	
00000220	.text:00401B0E          	push    esp                     	ESP=0012FE0C                            	
00000220	.text:00401B0E          	push    esp                     	ESP=0012FE10                            	
00000220	.text:00401B0E          	push    esp                     	ESP=0012FE14                            	
00000220	.text:00401B0E          	push    esp                     	ESP=0012FE18                            	
00000220	.text:00401B0E          	push    esp                     	ESP=0012FE1C                            	
00000220	.text:00401B0E          	push    esp                     	ESP=0012FE20                            	
00000220	.text:00401B0E          	push    esp                     	ESP=0012FE24                            	
00000220	.text:00401B0E          	push    esp                     	ESP=0012FE28                            	
00000220	.text:00401B0E          	push    esp                     	ESP=0012FE2C                            	
00000220	.text:00401B0E          	push    esp                     	ESP=0012FE30                            	
00000220	.text:00401B0E          	push    esp                     	ESP=0012FE34                            	
00000220	.text:00401B0E          	push    esp                     	ESP=0012FE38                            	
00000220	.text:00401B0E          	push    esp                     	ESP=0012FE3C                            	
00000220	.text:00401B0E          	push    esp                     	ESP=0012FE40                            	
00000220	.text:00401B0E          	push    esp                     	ESP=0012FE44                            	
00000220	.text:00401B0E          	push    esp                     	ESP=0012FE48                            	
00000220	.text:00401B0E          	push    esp                     	ESP=0012FE4C                            	
00000220	.text:00401B0E          	push    esp                     	ESP=0012FE50                            	
00000220	.text:00401B0E          	push    esp                     	ESP=0012FE54                            	
00000220	.text:00401B0E          	push    esp                     	ESP=0012FE58                            	
00000220	.text:00401B0E          	push    esp                     	ESP=0012FE5C                            	
00000220	.text:00401B0E          	push    esp                     	ESP=0012FE60                            	
00000220	.text:00401B0E          	push    esp                     	ESP=0012FE64                            	
00000220	.text:00401B0E          	push    esp                     	ESP=0012FE68                            	
00000220	.text:00401B0E          	push    esp                     	ESP=0012FE6C                            	
00000220	.text:00401B0E          	push    esp                     	ESP=0012FE70                            	
00000220	.text:00401B0E          	push    esp                     	ESP=0012FE74                            	
00000220	.text:00401B0E          	push    esp                     	ESP=0012FE78                            	
00000220	.text:00401B0E          	push    esp                     	ESP=0012FE7C                            	
00000220	.text:00401B0E          	push    esp                     	ESP=0012FE80                            	
00000220	.text:00401B0E          	push    esp                     	ESP=0012FE84                            	
00000220	.text:00401B0E          	push    esp                     	ESP=0012FE88                            	
00000220	.text:00401B0E          	push    esp                     	ESP=0012FE8C                            	
00000220	.text:00401B0E          	push    esp                     	ESP=0012FE90                            	
00000220	.text:00401B0E          	push    esp                     	ESP=0012FE94                            	
00000220	.text:00401B0E          	push    esp                     	ESP=0012FE98                            	
00000220	.text:00401B0E          	push    esp                     	ESP=0012FE9C                            	
00000220	.text:00401B0F          	sub     dword ptr [esp], 0Ch    	                                        	
00000220	.text:00401B0F          	sub     dword ptr [esp], 0Ch    	AF=1                                    	
00000220	.text:00401B0F          	sub     dword ptr [esp], 0Ch    	AF=1 SF=0                               	
00000220	.text:00401B0F          	sub     dword ptr [esp], 0Ch    	PF=0                                    	
00000220	.text:00401B0F          	sub     dword ptr [esp], 0Ch    	PF=0 AF=1                               	
00000220	.text:00401B0F          	sub     dword ptr [esp], 0Ch    	PF=0 AF=1 SF=0                          	
00000220	.text:00401B0F          	sub     dword ptr [esp], 0Ch    	PF=1                                    	
00000220	.text:00401B0F          	sub     dword ptr [esp], 0Ch    	PF=1 AF=1                               	
00000220	.text:00401B0F          	sub     dword ptr [esp], 0Ch    	PF=1 AF=1 SF=0                          	
00000220	.text:00401B0F          	sub     dword ptr [esp], 0Ch    	PF=1 SF=0                               	
00000220	.text:00401B0F          	sub     dword ptr [esp], 0Ch    	SF=0                                    	
00000220	.text:00401B13          	retn                            	ESP=0012FE00                            	
00000220	.text:00401B13          	retn                            	ESP=0012FE04                            	
00000220	.text:00401B13          	retn                            	ESP=0012FE08                            	
00000220	.text:00401B13          	retn                            	ESP=0012FE0C                            	
00000220	.text:00401B13          	retn                            	ESP=0012FE10                            	
00000220	.text:00401B13          	retn                            	ESP=0012FE14                            	
00000220	.text:00401B13          	retn                            	ESP=0012FE18                            	
00000220	.text:00401B13          	retn                            	ESP=0012FE1C                            	
00000220	.text:00401B13          	retn                            	ESP=0012FE20                            	
00000220	.text:00401B13          	retn                            	ESP=0012FE24                            	
00000220	.text:00401B13          	retn                            	ESP=0012FE28                            	
00000220	.text:00401B13          	retn                            	ESP=0012FE2C                            	
00000220	.text:00401B13          	retn                            	ESP=0012FE30                            	
00000220	.text:00401B13          	retn                            	ESP=0012FE34                            	
00000220	.text:00401B13          	retn                            	ESP=0012FE38                            	
00000220	.text:00401B13          	retn                            	ESP=0012FE3C                            	
00000220	.text:00401B13          	retn                            	ESP=0012FE40                            	
00000220	.text:00401B13          	retn                            	ESP=0012FE44                            	
00000220	.text:00401B13          	retn                            	ESP=0012FE48                            	
00000220	.text:00401B13          	retn                            	ESP=0012FE4C                            	
00000220	.text:00401B13          	retn                            	ESP=0012FE50                            	
00000220	.text:00401B13          	retn                            	ESP=0012FE54                            	
00000220	.text:00401B13          	retn                            	ESP=0012FE58                            	
00000220	.text:00401B13          	retn                            	ESP=0012FE5C                            	
00000220	.text:00401B13          	retn                            	ESP=0012FE60                            	
00000220	.text:00401B13          	retn                            	ESP=0012FE64                            	
00000220	.text:00401B13          	retn                            	ESP=0012FE68                            	
00000220	.text:00401B13          	retn                            	ESP=0012FE6C                            	
00000220	.text:00401B13          	retn                            	ESP=0012FE70                            	
00000220	.text:00401B13          	retn                            	ESP=0012FE74                            	
00000220	.text:00401B13          	retn                            	ESP=0012FE78                            	
00000220	.text:00401B13          	retn                            	ESP=0012FE7C                            	
00000220	.text:00401B13          	retn                            	ESP=0012FE80                            	
00000220	.text:00401B13          	retn                            	ESP=0012FE84                            	
00000220	.text:00401B13          	retn                            	ESP=0012FE88                            	
00000220	.text:00401B13          	retn                            	ESP=0012FE8C                            	
00000220	.text:00401B13          	retn                            	ESP=0012FE90                            	
00000220	.text:00401B13          	retn                            	ESP=0012FE94                            	
00000220	.text:00401B13          	retn                            	ESP=0012FE98                            	
00000220	.text:00401B13          	retn                            	ESP=0012FE9C                            	
00000220	.text:00401B13          	retn                            	ESP=0012FEA0                            	
00000220	.text:00401B16          	mov     ebx, [esp+ebx+2Ch]      	EBX=01DC5550                            	
00000220	.text:00401B16          	mov     ebx, [esp+ebx+2Ch]      	EBX=03F9D266                            	
00000220	.text:00401B16          	mov     ebx, [esp+ebx+2Ch]      	EBX=064EF4C3                            	
00000220	.text:00401B16          	mov     ebx, [esp+ebx+2Ch]      	EBX=0EC3C66B                            	
00000220	.text:00401B16          	mov     ebx, [esp+ebx+2Ch]      	EBX=16EBE101                            	
00000220	.text:00401B16          	mov     ebx, [esp+ebx+2Ch]      	EBX=192E3056                            	
00000220	.text:00401B16          	mov     ebx, [esp+ebx+2Ch]      	EBX=278E0EC3                            	
00000220	.text:00401B16          	mov     ebx, [esp+ebx+2Ch]      	EBX=2E30565D                            	
00000220	.text:00401B16          	mov     ebx, [esp+ebx+2Ch]      	EBX=30565DF2                            	
00000220	.text:00401B16          	mov     ebx, [esp+ebx+2Ch]      	EBX=42064EF4                            	
00000220	.text:00401B16          	mov     ebx, [esp+ebx+2Ch]      	EBX=48F080B8                            	
00000220	.text:00401B16          	mov     ebx, [esp+ebx+2Ch]      	EBX=4EF4C35D                            	
00000220	.text:00401B16          	mov     ebx, [esp+ebx+2Ch]      	EBX=509AF977                            	
00000220	.text:00401B16          	mov     ebx, [esp+ebx+2Ch]      	EBX=53192E30                            	
00000220	.text:00401B16          	mov     ebx, [esp+ebx+2Ch]      	EBX=5353192E                            	
00000220	.text:00401B16          	mov     ebx, [esp+ebx+2Ch]      	EBX=55509AF9                            	
00000220	.text:00401B16          	mov     ebx, [esp+ebx+2Ch]      	EBX=565DF2BC                            	
00000220	.text:00401B16          	mov     ebx, [esp+ebx+2Ch]      	EBX=5A16EBE1                            	
00000220	.text:00401B16          	mov     ebx, [esp+ebx+2Ch]      	EBX=5D278E0E                            	
00000220	.text:00401B16          	mov     ebx, [esp+ebx+2Ch]      	EBX=5DF2BC42                            	
00000220	.text:00401B16          	mov     ebx, [esp+ebx+2Ch]      	EBX=66535319                            	
00000220	.text:00401B16          	mov     ebx, [esp+ebx+2Ch]      	EBX=6B5A16EB                            	
00000220	.text:00401B16          	mov     ebx, [esp+ebx+2Ch]      	EBX=7748F080                            	
00000220	.text:00401B16          	mov     ebx, [esp+ebx+2Ch]      	EBX=80B8CCC2                            	
00000220	.text:00401B16          	mov     ebx, [esp+ebx+2Ch]      	EBX=8E0EC3C6                            	
00000220	.text:00401B16          	mov     ebx, [esp+ebx+2Ch]      	EBX=9AF97748                            	
00000220	.text:00401B16          	mov     ebx, [esp+ebx+2Ch]      	EBX=B8CCC2BA                            	
00000220	.text:00401B16          	mov     ebx, [esp+ebx+2Ch]      	EBX=BC42064E                            	
00000220	.text:00401B16          	mov     ebx, [esp+ebx+2Ch]      	EBX=C35D278E                            	
00000220	.text:00401B16          	mov     ebx, [esp+ebx+2Ch]      	EBX=C3C66B5A                            	
00000220	.text:00401B16          	mov     ebx, [esp+ebx+2Ch]      	EBX=C66B5A16                            	
00000220	.text:00401B16          	mov     ebx, [esp+ebx+2Ch]      	EBX=CF03F9D2                            	
00000220	.text:00401B16          	mov     ebx, [esp+ebx+2Ch]      	EBX=D2665353                            	
00000220	.text:00401B16          	mov     ebx, [esp+ebx+2Ch]      	EBX=DC55509A                            	
00000220	.text:00401B16          	mov     ebx, [esp+ebx+2Ch]      	EBX=E101DC55                            	
00000220	.text:00401B16          	mov     ebx, [esp+ebx+2Ch]      	EBX=EBE101DC                            	
00000220	.text:00401B16          	mov     ebx, [esp+ebx+2Ch]      	EBX=F080B8CC                            	
00000220	.text:00401B16          	mov     ebx, [esp+ebx+2Ch]      	EBX=F2BC4206                            	
00000220	.text:00401B16          	mov     ebx, [esp+ebx+2Ch]      	EBX=F4C35D27                            	
00000220	.text:00401B16          	mov     ebx, [esp+ebx+2Ch]      	EBX=F97748F0                            	
00000220	.text:00401B16          	mov     ebx, [esp+ebx+2Ch]      	EBX=F9D26653                            	
00000220	.text:00401B1A          	jnz     short loc_401B20        	                                        	
00000220	.text:00401B28          	jz      short loc_401B2D        	                                        	
00000220	.text:00401B2A          	jnz     short loc_401B2D        	                                        	
00000220	.text:00401B32          	lea     ecx, [esp-8]            	ECX=0012FDF8                            	
00000220	.text:00401B32          	lea     ecx, [esp-8]            	ECX=0012FDFC                            	
00000220	.text:00401B32          	lea     ecx, [esp-8]            	ECX=0012FE00                            	
00000220	.text:00401B32          	lea     ecx, [esp-8]            	ECX=0012FE04                            	
00000220	.text:00401B32          	lea     ecx, [esp-8]            	ECX=0012FE08                            	
00000220	.text:00401B32          	lea     ecx, [esp-8]            	ECX=0012FE0C                            	
00000220	.text:00401B32          	lea     ecx, [esp-8]            	ECX=0012FE10                            	
00000220	.text:00401B32          	lea     ecx, [esp-8]            	ECX=0012FE14                            	
00000220	.text:00401B32          	lea     ecx, [esp-8]            	ECX=0012FE18                            	
00000220	.text:00401B32          	lea     ecx, [esp-8]            	ECX=0012FE1C                            	
00000220	.text:00401B32          	lea     ecx, [esp-8]            	ECX=0012FE20                            	
00000220	.text:00401B32          	lea     ecx, [esp-8]            	ECX=0012FE24                            	
00000220	.text:00401B32          	lea     ecx, [esp-8]            	ECX=0012FE28                            	
00000220	.text:00401B32          	lea     ecx, [esp-8]            	ECX=0012FE2C                            	
00000220	.text:00401B32          	lea     ecx, [esp-8]            	ECX=0012FE30                            	
00000220	.text:00401B32          	lea     ecx, [esp-8]            	ECX=0012FE34                            	
00000220	.text:00401B32          	lea     ecx, [esp-8]            	ECX=0012FE38                            	
00000220	.text:00401B32          	lea     ecx, [esp-8]            	ECX=0012FE3C                            	
00000220	.text:00401B32          	lea     ecx, [esp-8]            	ECX=0012FE40                            	
00000220	.text:00401B32          	lea     ecx, [esp-8]            	ECX=0012FE44                            	
00000220	.text:00401B32          	lea     ecx, [esp-8]            	ECX=0012FE48                            	
00000220	.text:00401B32          	lea     ecx, [esp-8]            	ECX=0012FE4C                            	
00000220	.text:00401B32          	lea     ecx, [esp-8]            	ECX=0012FE50                            	
00000220	.text:00401B32          	lea     ecx, [esp-8]            	ECX=0012FE54                            	
00000220	.text:00401B32          	lea     ecx, [esp-8]            	ECX=0012FE58                            	
00000220	.text:00401B32          	lea     ecx, [esp-8]            	ECX=0012FE5C                            	
00000220	.text:00401B32          	lea     ecx, [esp-8]            	ECX=0012FE60                            	
00000220	.text:00401B32          	lea     ecx, [esp-8]            	ECX=0012FE64                            	
00000220	.text:00401B32          	lea     ecx, [esp-8]            	ECX=0012FE68                            	
00000220	.text:00401B32          	lea     ecx, [esp-8]            	ECX=0012FE6C                            	
00000220	.text:00401B32          	lea     ecx, [esp-8]            	ECX=0012FE70                            	
00000220	.text:00401B32          	lea     ecx, [esp-8]            	ECX=0012FE74                            	
00000220	.text:00401B32          	lea     ecx, [esp-8]            	ECX=0012FE78                            	
00000220	.text:00401B32          	lea     ecx, [esp-8]            	ECX=0012FE7C                            	
00000220	.text:00401B32          	lea     ecx, [esp-8]            	ECX=0012FE80                            	
00000220	.text:00401B32          	lea     ecx, [esp-8]            	ECX=0012FE84                            	
00000220	.text:00401B32          	lea     ecx, [esp-8]            	ECX=0012FE88                            	
00000220	.text:00401B32          	lea     ecx, [esp-8]            	ECX=0012FE8C                            	
00000220	.text:00401B32          	lea     ecx, [esp-8]            	ECX=0012FE90                            	
00000220	.text:00401B32          	lea     ecx, [esp-8]            	ECX=0012FE94                            	
00000220	.text:00401B32          	lea     ecx, [esp-8]            	ECX=0012FE98                            	
00000220	.text:00401B36          	push    ecx                     	ESP=0012FDFC                            	
00000220	.text:00401B36          	push    ecx                     	ESP=0012FE00                            	
00000220	.text:00401B36          	push    ecx                     	ESP=0012FE04                            	
00000220	.text:00401B36          	push    ecx                     	ESP=0012FE08                            	
00000220	.text:00401B36          	push    ecx                     	ESP=0012FE0C                            	
00000220	.text:00401B36          	push    ecx                     	ESP=0012FE10                            	
00000220	.text:00401B36          	push    ecx                     	ESP=0012FE14                            	
00000220	.text:00401B36          	push    ecx                     	ESP=0012FE18                            	
00000220	.text:00401B36          	push    ecx                     	ESP=0012FE1C                            	
00000220	.text:00401B36          	push    ecx                     	ESP=0012FE20                            	
00000220	.text:00401B36          	push    ecx                     	ESP=0012FE24                            	
00000220	.text:00401B36          	push    ecx                     	ESP=0012FE28                            	
00000220	.text:00401B36          	push    ecx                     	ESP=0012FE2C                            	
00000220	.text:00401B36          	push    ecx                     	ESP=0012FE30                            	
00000220	.text:00401B36          	push    ecx                     	ESP=0012FE34                            	
00000220	.text:00401B36          	push    ecx                     	ESP=0012FE38                            	
00000220	.text:00401B36          	push    ecx                     	ESP=0012FE3C                            	
00000220	.text:00401B36          	push    ecx                     	ESP=0012FE40                            	
00000220	.text:00401B36          	push    ecx                     	ESP=0012FE44                            	
00000220	.text:00401B36          	push    ecx                     	ESP=0012FE48                            	
00000220	.text:00401B36          	push    ecx                     	ESP=0012FE4C                            	
00000220	.text:00401B36          	push    ecx                     	ESP=0012FE50                            	
00000220	.text:00401B36          	push    ecx                     	ESP=0012FE54                            	
00000220	.text:00401B36          	push    ecx                     	ESP=0012FE58                            	
00000220	.text:00401B36          	push    ecx                     	ESP=0012FE5C                            	
00000220	.text:00401B36          	push    ecx                     	ESP=0012FE60                            	
00000220	.text:00401B36          	push    ecx                     	ESP=0012FE64                            	
00000220	.text:00401B36          	push    ecx                     	ESP=0012FE68                            	
00000220	.text:00401B36          	push    ecx                     	ESP=0012FE6C                            	
00000220	.text:00401B36          	push    ecx                     	ESP=0012FE70                            	
00000220	.text:00401B36          	push    ecx                     	ESP=0012FE74                            	
00000220	.text:00401B36          	push    ecx                     	ESP=0012FE78                            	
00000220	.text:00401B36          	push    ecx                     	ESP=0012FE7C                            	
00000220	.text:00401B36          	push    ecx                     	ESP=0012FE80                            	
00000220	.text:00401B36          	push    ecx                     	ESP=0012FE84                            	
00000220	.text:00401B36          	push    ecx                     	ESP=0012FE88                            	
00000220	.text:00401B36          	push    ecx                     	ESP=0012FE8C                            	
00000220	.text:00401B36          	push    ecx                     	ESP=0012FE90                            	
00000220	.text:00401B36          	push    ecx                     	ESP=0012FE94                            	
00000220	.text:00401B36          	push    ecx                     	ESP=0012FE98                            	
00000220	.text:00401B36          	push    ecx                     	ESP=0012FE9C                            	
00000220	.text:00401B37          	retn                            	ESP=0012FE00                            	
00000220	.text:00401B37          	retn                            	ESP=0012FE04                            	
00000220	.text:00401B37          	retn                            	ESP=0012FE08                            	
00000220	.text:00401B37          	retn                            	ESP=0012FE0C                            	
00000220	.text:00401B37          	retn                            	ESP=0012FE10                            	
00000220	.text:00401B37          	retn                            	ESP=0012FE14                            	
00000220	.text:00401B37          	retn                            	ESP=0012FE18                            	
00000220	.text:00401B37          	retn                            	ESP=0012FE1C                            	
00000220	.text:00401B37          	retn                            	ESP=0012FE20                            	
00000220	.text:00401B37          	retn                            	ESP=0012FE24                            	
00000220	.text:00401B37          	retn                            	ESP=0012FE28                            	
00000220	.text:00401B37          	retn                            	ESP=0012FE2C                            	
00000220	.text:00401B37          	retn                            	ESP=0012FE30                            	
00000220	.text:00401B37          	retn                            	ESP=0012FE34                            	
00000220	.text:00401B37          	retn                            	ESP=0012FE38                            	
00000220	.text:00401B37          	retn                            	ESP=0012FE3C                            	
00000220	.text:00401B37          	retn                            	ESP=0012FE40                            	
00000220	.text:00401B37          	retn                            	ESP=0012FE44                            	
00000220	.text:00401B37          	retn                            	ESP=0012FE48                            	
00000220	.text:00401B37          	retn                            	ESP=0012FE4C                            	
00000220	.text:00401B37          	retn                            	ESP=0012FE50                            	
00000220	.text:00401B37          	retn                            	ESP=0012FE54                            	
00000220	.text:00401B37          	retn                            	ESP=0012FE58                            	
00000220	.text:00401B37          	retn                            	ESP=0012FE5C                            	
00000220	.text:00401B37          	retn                            	ESP=0012FE60                            	
00000220	.text:00401B37          	retn                            	ESP=0012FE64                            	
00000220	.text:00401B37          	retn                            	ESP=0012FE68                            	
00000220	.text:00401B37          	retn                            	ESP=0012FE6C                            	
00000220	.text:00401B37          	retn                            	ESP=0012FE70                            	
00000220	.text:00401B37          	retn                            	ESP=0012FE74                            	
00000220	.text:00401B37          	retn                            	ESP=0012FE78                            	
00000220	.text:00401B37          	retn                            	ESP=0012FE7C                            	
00000220	.text:00401B37          	retn                            	ESP=0012FE80                            	
00000220	.text:00401B37          	retn                            	ESP=0012FE84                            	
00000220	.text:00401B37          	retn                            	ESP=0012FE88                            	
00000220	.text:00401B37          	retn                            	ESP=0012FE8C                            	
00000220	.text:00401B37          	retn                            	ESP=0012FE90                            	
00000220	.text:00401B37          	retn                            	ESP=0012FE94                            	
00000220	.text:00401B37          	retn                            	ESP=0012FE98                            	
00000220	.text:00401B37          	retn                            	ESP=0012FE9C                            	
00000220	.text:00401B37          	retn                            	ESP=0012FEA0                            	
00000220	.text:00401B3A          	jnz     short loc_401B3D        	                                        	
00000220	.text:00401B40          	xor     ebx, ebx                	EBX=00000000                            	
00000220	.text:00401B40          	xor     ebx, ebx                	EBX=00000000 AF=0 ZF=1                  	
00000220	.text:00401B40          	xor     ebx, ebx                	EBX=00000000 AF=0 ZF=1 OF=0             	
00000220	.text:00401B40          	xor     ebx, ebx                	EBX=00000000 AF=0 ZF=1 SF=0             	
00000220	.text:00401B40          	xor     ebx, ebx                	EBX=00000000 CF=0 AF=0 ZF=1             	
00000220	.text:00401B40          	xor     ebx, ebx                	EBX=00000000 CF=0 AF=0 ZF=1 SF=0        	
00000220	.text:00401B40          	xor     ebx, ebx                	EBX=00000000 CF=0 PF=1 AF=0 ZF=1 SF=0   	
00000220	.text:00401B40          	xor     ebx, ebx                	EBX=00000000 CF=0 PF=1 AF=0 ZF=1 SF=0 OF=0 	
00000220	.text:00401B40          	xor     ebx, ebx                	EBX=00000000 CF=0 PF=1 ZF=1             	
00000220	.text:00401B40          	xor     ebx, ebx                	EBX=00000000 CF=0 PF=1 ZF=1 SF=0        	
00000220	.text:00401B40          	xor     ebx, ebx                	EBX=00000000 CF=0 PF=1 ZF=1 SF=0 OF=0   	
00000220	.text:00401B40          	xor     ebx, ebx                	EBX=00000000 CF=0 ZF=1                  	
00000220	.text:00401B40          	xor     ebx, ebx                	EBX=00000000 CF=0 ZF=1 SF=0             	
00000220	.text:00401B40          	xor     ebx, ebx                	EBX=00000000 PF=1 AF=0 ZF=1             	
00000220	.text:00401B40          	xor     ebx, ebx                	EBX=00000000 PF=1 AF=0 ZF=1 OF=0        	
00000220	.text:00401B40          	xor     ebx, ebx                	EBX=00000000 PF=1 ZF=1                  	
00000220	.text:00401B40          	xor     ebx, ebx                	EBX=00000000 PF=1 ZF=1 OF=0             	
00000220	.text:00401B40          	xor     ebx, ebx                	EBX=00000000 PF=1 ZF=1 SF=0             	
00000220	.text:00401B40          	xor     ebx, ebx                	EBX=00000000 ZF=1                       	
00000220	.text:00401B42          	jz      short loc_401B46        	                                        	
00000220	.text:00401B48          	xchg    eax, esi                	EAX=00000000 ESI=00400101               	
00000220	.text:00401B48          	xchg    eax, esi                	EAX=00000000 ESI=00404848               	
00000220	.text:00401B48          	xchg    eax, esi                	EAX=00000000 ESI=00405050               	
00000220	.text:00401B48          	xchg    eax, esi                	EAX=00000000 ESI=00405353               	
00000220	.text:00401B48          	xchg    eax, esi                	EAX=00000000 ESI=00405A5A               	
00000220	.text:00401B48          	xchg    eax, esi                	EAX=00000000 ESI=00405D5D               	
00000220	.text:00401B48          	xchg    eax, esi                	EAX=00000000 ESI=00408080               	
00000220	.text:00401B48          	xchg    eax, esi                	EAX=00000000 ESI=0040B8B8               	
00000220	.text:00401B48          	xchg    eax, esi                	EAX=00000000 ESI=0040BCBC               	
00000220	.text:00401B48          	xchg    eax, esi                	EAX=00000000 ESI=0040C2C2               	
00000220	.text:00401B48          	xchg    eax, esi                	EAX=00000000 ESI=0040C3C3               	
00000220	.text:00401B48          	xchg    eax, esi                	EAX=00000000 ESI=0040D2D2               	
00000220	.text:00401B48          	xchg    eax, esi                	EAX=00000000 ESI=0040E1E1               	
00000220	.text:00401B48          	xchg    eax, esi                	EAX=00000001 ESI=00400606               	
00000220	.text:00401B48          	xchg    eax, esi                	EAX=00000001 ESI=00400E0E               	
00000220	.text:00401B48          	xchg    eax, esi                	EAX=00000001 ESI=00401616               	
00000220	.text:00401B48          	xchg    eax, esi                	EAX=00000001 ESI=00401919               	
00000220	.text:00401B48          	xchg    eax, esi                	EAX=00000001 ESI=00402727               	
00000220	.text:00401B48          	xchg    eax, esi                	EAX=00000001 ESI=00402E2E               	
00000220	.text:00401B48          	xchg    eax, esi                	EAX=00000001 ESI=00403030               	
00000220	.text:00401B48          	xchg    eax, esi                	EAX=00000001 ESI=00404242               	
00000220	.text:00401B48          	xchg    eax, esi                	EAX=00000001 ESI=00404E4E               	
00000220	.text:00401B48          	xchg    eax, esi                	EAX=00000001 ESI=00405353               	
00000220	.text:00401B48          	xchg    eax, esi                	EAX=00000001 ESI=00405555               	
00000220	.text:00401B48          	xchg    eax, esi                	EAX=00000001 ESI=00405656               	
00000220	.text:00401B48          	xchg    eax, esi                	EAX=00000001 ESI=00405D5D               	
00000220	.text:00401B48          	xchg    eax, esi                	EAX=00000001 ESI=00406666               	
00000220	.text:00401B48          	xchg    eax, esi                	EAX=00000001 ESI=00406B6B               	
00000220	.text:00401B48          	xchg    eax, esi                	EAX=00000001 ESI=00407777               	
00000220	.text:00401B48          	xchg    eax, esi                	EAX=00000001 ESI=00408E8E               	
00000220	.text:00401B48          	xchg    eax, esi                	EAX=00000001 ESI=00409A9A               	
00000220	.text:00401B48          	xchg    eax, esi                	EAX=00000001 ESI=0040BABA               	
00000220	.text:00401B48          	xchg    eax, esi                	EAX=00000001 ESI=0040C3C3               	
00000220	.text:00401B48          	xchg    eax, esi                	EAX=00000001 ESI=0040C6C6               	
00000220	.text:00401B48          	xchg    eax, esi                	EAX=00000001 ESI=0040CCCC               	
00000220	.text:00401B48          	xchg    eax, esi                	EAX=00000001 ESI=0040DCDC               	
00000220	.text:00401B48          	xchg    eax, esi                	EAX=00000001 ESI=0040EBEB               	
00000220	.text:00401B48          	xchg    eax, esi                	EAX=00000001 ESI=0040F0F0               	
00000220	.text:00401B48          	xchg    eax, esi                	EAX=00000001 ESI=0040F2F2               	
00000220	.text:00401B48          	xchg    eax, esi                	EAX=00000001 ESI=0040F4F4               	
00000220	.text:00401B48          	xchg    eax, esi                	EAX=00000001 ESI=0040F9F9               	
00000220	.text:00401B49          	jnz     short loc_401B4F        	                                        	
00000220	.text:00401B4B          	jz      short loc_401B4F        	                                        	
00000220	.text:00401B57          	push    5C841571h               	ESP=0012FE00                            	
00000220	.text:00401B57          	push    5C841571h               	ESP=0012FE04                            	
00000220	.text:00401B57          	push    5C841571h               	ESP=0012FE08                            	
00000220	.text:00401B57          	push    5C841571h               	ESP=0012FE0C                            	
00000220	.text:00401B57          	push    5C841571h               	ESP=0012FE10                            	
00000220	.text:00401B57          	push    5C841571h               	ESP=0012FE14                            	
00000220	.text:00401B57          	push    5C841571h               	ESP=0012FE18                            	
00000220	.text:00401B57          	push    5C841571h               	ESP=0012FE1C                            	
00000220	.text:00401B57          	push    5C841571h               	ESP=0012FE20                            	
00000220	.text:00401B57          	push    5C841571h               	ESP=0012FE24                            	
00000220	.text:00401B57          	push    5C841571h               	ESP=0012FE28                            	
00000220	.text:00401B57          	push    5C841571h               	ESP=0012FE2C                            	
00000220	.text:00401B57          	push    5C841571h               	ESP=0012FE30                            	
00000220	.text:00401B57          	push    5C841571h               	ESP=0012FE34                            	
00000220	.text:00401B57          	push    5C841571h               	ESP=0012FE38                            	
00000220	.text:00401B57          	push    5C841571h               	ESP=0012FE3C                            	
00000220	.text:00401B57          	push    5C841571h               	ESP=0012FE40                            	
00000220	.text:00401B57          	push    5C841571h               	ESP=0012FE44                            	
00000220	.text:00401B57          	push    5C841571h               	ESP=0012FE48                            	
00000220	.text:00401B57          	push    5C841571h               	ESP=0012FE4C                            	
00000220	.text:00401B57          	push    5C841571h               	ESP=0012FE50                            	
00000220	.text:00401B57          	push    5C841571h               	ESP=0012FE54                            	
00000220	.text:00401B57          	push    5C841571h               	ESP=0012FE58                            	
00000220	.text:00401B57          	push    5C841571h               	ESP=0012FE5C                            	
00000220	.text:00401B57          	push    5C841571h               	ESP=0012FE60                            	
00000220	.text:00401B57          	push    5C841571h               	ESP=0012FE64                            	
00000220	.text:00401B57          	push    5C841571h               	ESP=0012FE68                            	
00000220	.text:00401B57          	push    5C841571h               	ESP=0012FE6C                            	
00000220	.text:00401B57          	push    5C841571h               	ESP=0012FE70                            	
00000220	.text:00401B57          	push    5C841571h               	ESP=0012FE74                            	
00000220	.text:00401B57          	push    5C841571h               	ESP=0012FE78                            	
00000220	.text:00401B57          	push    5C841571h               	ESP=0012FE7C                            	
00000220	.text:00401B57          	push    5C841571h               	ESP=0012FE80                            	
00000220	.text:00401B57          	push    5C841571h               	ESP=0012FE84                            	
00000220	.text:00401B57          	push    5C841571h               	ESP=0012FE88                            	
00000220	.text:00401B57          	push    5C841571h               	ESP=0012FE8C                            	
00000220	.text:00401B57          	push    5C841571h               	ESP=0012FE90                            	
00000220	.text:00401B57          	push    5C841571h               	ESP=0012FE94                            	
00000220	.text:00401B57          	push    5C841571h               	ESP=0012FE98                            	
00000220	.text:00401B57          	push    5C841571h               	ESP=0012FE9C                            	
00000220	.text:00401B57          	push    5C841571h               	ESP=0012FEA0                            	
00000220	.text:00401B5C          	push    esp                     	ESP=0012FDFC                            	
00000220	.text:00401B5C          	push    esp                     	ESP=0012FE00                            	
00000220	.text:00401B5C          	push    esp                     	ESP=0012FE04                            	
00000220	.text:00401B5C          	push    esp                     	ESP=0012FE08                            	
00000220	.text:00401B5C          	push    esp                     	ESP=0012FE0C                            	
00000220	.text:00401B5C          	push    esp                     	ESP=0012FE10                            	
00000220	.text:00401B5C          	push    esp                     	ESP=0012FE14                            	
00000220	.text:00401B5C          	push    esp                     	ESP=0012FE18                            	
00000220	.text:00401B5C          	push    esp                     	ESP=0012FE1C                            	
00000220	.text:00401B5C          	push    esp                     	ESP=0012FE20                            	
00000220	.text:00401B5C          	push    esp                     	ESP=0012FE24                            	
00000220	.text:00401B5C          	push    esp                     	ESP=0012FE28                            	
00000220	.text:00401B5C          	push    esp                     	ESP=0012FE2C                            	
00000220	.text:00401B5C          	push    esp                     	ESP=0012FE30                            	
00000220	.text:00401B5C          	push    esp                     	ESP=0012FE34                            	
00000220	.text:00401B5C          	push    esp                     	ESP=0012FE38                            	
00000220	.text:00401B5C          	push    esp                     	ESP=0012FE3C                            	
00000220	.text:00401B5C          	push    esp                     	ESP=0012FE40                            	
00000220	.text:00401B5C          	push    esp                     	ESP=0012FE44                            	
00000220	.text:00401B5C          	push    esp                     	ESP=0012FE48                            	
00000220	.text:00401B5C          	push    esp                     	ESP=0012FE4C                            	
00000220	.text:00401B5C          	push    esp                     	ESP=0012FE50                            	
00000220	.text:00401B5C          	push    esp                     	ESP=0012FE54                            	
00000220	.text:00401B5C          	push    esp                     	ESP=0012FE58                            	
00000220	.text:00401B5C          	push    esp                     	ESP=0012FE5C                            	
00000220	.text:00401B5C          	push    esp                     	ESP=0012FE60                            	
00000220	.text:00401B5C          	push    esp                     	ESP=0012FE64                            	
00000220	.text:00401B5C          	push    esp                     	ESP=0012FE68                            	
00000220	.text:00401B5C          	push    esp                     	ESP=0012FE6C                            	
00000220	.text:00401B5C          	push    esp                     	ESP=0012FE70                            	
00000220	.text:00401B5C          	push    esp                     	ESP=0012FE74                            	
00000220	.text:00401B5C          	push    esp                     	ESP=0012FE78                            	
00000220	.text:00401B5C          	push    esp                     	ESP=0012FE7C                            	
00000220	.text:00401B5C          	push    esp                     	ESP=0012FE80                            	
00000220	.text:00401B5C          	push    esp                     	ESP=0012FE84                            	
00000220	.text:00401B5C          	push    esp                     	ESP=0012FE88                            	
00000220	.text:00401B5C          	push    esp                     	ESP=0012FE8C                            	
00000220	.text:00401B5C          	push    esp                     	ESP=0012FE90                            	
00000220	.text:00401B5C          	push    esp                     	ESP=0012FE94                            	
00000220	.text:00401B5C          	push    esp                     	ESP=0012FE98                            	
00000220	.text:00401B5C          	push    esp                     	ESP=0012FE9C                            	
00000220	.text:00401B5D          	sub     dword ptr [esp+4], 5C43FA07h	AF=1 ZF=0                               	
00000220	.text:00401B65          	sub     dword ptr [esp], 8      	                                        	
00000220	.text:00401B65          	sub     dword ptr [esp], 8      	AF=0                                    	
00000220	.text:00401B65          	sub     dword ptr [esp], 8      	PF=0                                    	
00000220	.text:00401B65          	sub     dword ptr [esp], 8      	PF=0 AF=0                               	
00000220	.text:00401B69          	retn                            	ESP=0012FE00                            	
00000220	.text:00401B69          	retn                            	ESP=0012FE04                            	
00000220	.text:00401B69          	retn                            	ESP=0012FE08                            	
00000220	.text:00401B69          	retn                            	ESP=0012FE0C                            	
00000220	.text:00401B69          	retn                            	ESP=0012FE10                            	
00000220	.text:00401B69          	retn                            	ESP=0012FE14                            	
00000220	.text:00401B69          	retn                            	ESP=0012FE18                            	
00000220	.text:00401B69          	retn                            	ESP=0012FE1C                            	
00000220	.text:00401B69          	retn                            	ESP=0012FE20                            	
00000220	.text:00401B69          	retn                            	ESP=0012FE24                            	
00000220	.text:00401B69          	retn                            	ESP=0012FE28                            	
00000220	.text:00401B69          	retn                            	ESP=0012FE2C                            	
00000220	.text:00401B69          	retn                            	ESP=0012FE30                            	
00000220	.text:00401B69          	retn                            	ESP=0012FE34                            	
00000220	.text:00401B69          	retn                            	ESP=0012FE38                            	
00000220	.text:00401B69          	retn                            	ESP=0012FE3C                            	
00000220	.text:00401B69          	retn                            	ESP=0012FE40                            	
00000220	.text:00401B69          	retn                            	ESP=0012FE44                            	
00000220	.text:00401B69          	retn                            	ESP=0012FE48                            	
00000220	.text:00401B69          	retn                            	ESP=0012FE4C                            	
00000220	.text:00401B69          	retn                            	ESP=0012FE50                            	
00000220	.text:00401B69          	retn                            	ESP=0012FE54                            	
00000220	.text:00401B69          	retn                            	ESP=0012FE58                            	
00000220	.text:00401B69          	retn                            	ESP=0012FE5C                            	
00000220	.text:00401B69          	retn                            	ESP=0012FE60                            	
00000220	.text:00401B69          	retn                            	ESP=0012FE64                            	
00000220	.text:00401B69          	retn                            	ESP=0012FE68                            	
00000220	.text:00401B69          	retn                            	ESP=0012FE6C                            	
00000220	.text:00401B69          	retn                            	ESP=0012FE70                            	
00000220	.text:00401B69          	retn                            	ESP=0012FE74                            	
00000220	.text:00401B69          	retn                            	ESP=0012FE78                            	
00000220	.text:00401B69          	retn                            	ESP=0012FE7C                            	
00000220	.text:00401B69          	retn                            	ESP=0012FE80                            	
00000220	.text:00401B69          	retn                            	ESP=0012FE84                            	
00000220	.text:00401B69          	retn                            	ESP=0012FE88                            	
00000220	.text:00401B69          	retn                            	ESP=0012FE8C                            	
00000220	.text:00401B69          	retn                            	ESP=0012FE90                            	
00000220	.text:00401B69          	retn                            	ESP=0012FE94                            	
00000220	.text:00401B69          	retn                            	ESP=0012FE98                            	
00000220	.text:00401B69          	retn                            	ESP=0012FE9C                            	
00000220	.text:00401B69          	retn                            	ESP=0012FEA0                            	
00000220	.text:00401B6A          	cmovz   eax, edx                	                                        	
00000220	.text:00401B6A          	cmovz   eax, edx                	EAX=00000001                            	
00000220	.text:00401B6D          	test    eax, eax                	PF=0 ZF=0                               	
00000220	.text:00401B6D          	test    eax, eax                	PF=1 ZF=1                               	
00000220	.text:00401B6F          	jz      short loc_401B7B        	                                        	
00000220	.text:00401B71          	jnz     short loc_401B74        	                                        	
00000220	.text:00401B76          	jz      short loc_401B7B        	                                        	
00000220	.text:00401B78          	jnz     short loc_401B7B        	                                        	
00000220	.text:00401B7E          	add     esp, 0DCh               	ESP=0012FEE0 AF=1                       	
00000220	.text:00401B7E          	add     esp, 0DCh               	ESP=0012FEE4 PF=1 AF=1                  	
00000220	.text:00401B7E          	add     esp, 0DCh               	ESP=0012FEE8 AF=1                       	
00000220	.text:00401B7E          	add     esp, 0DCh               	ESP=0012FEEC                            	
00000220	.text:00401B7E          	add     esp, 0DCh               	ESP=0012FEF0 AF=1                       	
00000220	.text:00401B7E          	add     esp, 0DCh               	ESP=0012FEF4 PF=0 AF=1                  	
00000220	.text:00401B7E          	add     esp, 0DCh               	ESP=0012FEF8 AF=1                       	
00000220	.text:00401B7E          	add     esp, 0DCh               	ESP=0012FEFC PF=1                       	
00000220	.text:00401B7E          	add     esp, 0DCh               	ESP=0012FF00 AF=1                       	
00000220	.text:00401B7E          	add     esp, 0DCh               	ESP=0012FF04 PF=0 AF=1                  	
00000220	.text:00401B7E          	add     esp, 0DCh               	ESP=0012FF08 AF=1                       	
00000220	.text:00401B7E          	add     esp, 0DCh               	ESP=0012FF0C                            	
00000220	.text:00401B7E          	add     esp, 0DCh               	ESP=0012FF10 AF=1                       	
00000220	.text:00401B7E          	add     esp, 0DCh               	ESP=0012FF14 PF=1 AF=1                  	
00000220	.text:00401B7E          	add     esp, 0DCh               	ESP=0012FF18 AF=1                       	
00000220	.text:00401B7E          	add     esp, 0DCh               	ESP=0012FF1C AF=0                       	
00000220	.text:00401B7E          	add     esp, 0DCh               	ESP=0012FF20 PF=0 AF=1                  	
00000220	.text:00401B7E          	add     esp, 0DCh               	ESP=0012FF24 AF=1                       	
00000220	.text:00401B7E          	add     esp, 0DCh               	ESP=0012FF28 PF=1 AF=1                  	
00000220	.text:00401B7E          	add     esp, 0DCh               	ESP=0012FF2C PF=0                       	
00000220	.text:00401B7E          	add     esp, 0DCh               	ESP=0012FF30 PF=1 AF=1                  	
00000220	.text:00401B7E          	add     esp, 0DCh               	ESP=0012FF34 AF=1                       	
00000220	.text:00401B7E          	add     esp, 0DCh               	ESP=0012FF38 PF=0 AF=1                  	
00000220	.text:00401B7E          	add     esp, 0DCh               	ESP=0012FF3C                            	
00000220	.text:00401B7E          	add     esp, 0DCh               	ESP=0012FF40 AF=1                       	
00000220	.text:00401B7E          	add     esp, 0DCh               	ESP=0012FF44 PF=1 AF=1                  	
00000220	.text:00401B7E          	add     esp, 0DCh               	ESP=0012FF48 AF=1                       	
00000220	.text:00401B7E          	add     esp, 0DCh               	ESP=0012FF4C                            	
00000220	.text:00401B7E          	add     esp, 0DCh               	ESP=0012FF50 AF=1                       	
00000220	.text:00401B7E          	add     esp, 0DCh               	ESP=0012FF54 PF=0 AF=1                  	
00000220	.text:00401B7E          	add     esp, 0DCh               	ESP=0012FF58 AF=1                       	
00000220	.text:00401B7E          	add     esp, 0DCh               	ESP=0012FF5C PF=1 AF=0                  	
00000220	.text:00401B7E          	add     esp, 0DCh               	ESP=0012FF60 AF=1                       	
00000220	.text:00401B7E          	add     esp, 0DCh               	ESP=0012FF64 PF=0 AF=1                  	
00000220	.text:00401B7E          	add     esp, 0DCh               	ESP=0012FF68 AF=1                       	
00000220	.text:00401B7E          	add     esp, 0DCh               	ESP=0012FF6C                            	
00000220	.text:00401B7E          	add     esp, 0DCh               	ESP=0012FF70 AF=1                       	
00000220	.text:00401B7E          	add     esp, 0DCh               	ESP=0012FF74 PF=1 AF=1                  	
00000220	.text:00401B7E          	add     esp, 0DCh               	ESP=0012FF78 AF=1                       	
00000220	.text:00401B7E          	add     esp, 0DCh               	ESP=0012FF7C PF=0                       	
00000220	.text:00401B7E          	add     esp, 0DCh               	ESP=0012FF80 AF=1                       	
00000220	.text:00401B84          	jnz     short loc_401B87        	                                        	
00000220	.text:00401B97          	push    offset loc_401BA2       	ESP=0012FEDC                            	
00000220	.text:00401B97          	push    offset loc_401BA2       	ESP=0012FEE0                            	
00000220	.text:00401B97          	push    offset loc_401BA2       	ESP=0012FEE4                            	
00000220	.text:00401B97          	push    offset loc_401BA2       	ESP=0012FEE8                            	
00000220	.text:00401B97          	push    offset loc_401BA2       	ESP=0012FEEC                            	
00000220	.text:00401B97          	push    offset loc_401BA2       	ESP=0012FEF0                            	
00000220	.text:00401B97          	push    offset loc_401BA2       	ESP=0012FEF4                            	
00000220	.text:00401B97          	push    offset loc_401BA2       	ESP=0012FEF8                            	
00000220	.text:00401B97          	push    offset loc_401BA2       	ESP=0012FEFC                            	
00000220	.text:00401B97          	push    offset loc_401BA2       	ESP=0012FF00                            	
00000220	.text:00401B97          	push    offset loc_401BA2       	ESP=0012FF04                            	
00000220	.text:00401B97          	push    offset loc_401BA2       	ESP=0012FF08                            	
00000220	.text:00401B97          	push    offset loc_401BA2       	ESP=0012FF0C                            	
00000220	.text:00401B97          	push    offset loc_401BA2       	ESP=0012FF10                            	
00000220	.text:00401B97          	push    offset loc_401BA2       	ESP=0012FF14                            	
00000220	.text:00401B97          	push    offset loc_401BA2       	ESP=0012FF18                            	
00000220	.text:00401B97          	push    offset loc_401BA2       	ESP=0012FF1C                            	
00000220	.text:00401B97          	push    offset loc_401BA2       	ESP=0012FF20                            	
00000220	.text:00401B97          	push    offset loc_401BA2       	ESP=0012FF24                            	
00000220	.text:00401B97          	push    offset loc_401BA2       	ESP=0012FF28                            	
00000220	.text:00401B97          	push    offset loc_401BA2       	ESP=0012FF2C                            	
00000220	.text:00401B97          	push    offset loc_401BA2       	ESP=0012FF30                            	
00000220	.text:00401B97          	push    offset loc_401BA2       	ESP=0012FF34                            	
00000220	.text:00401B97          	push    offset loc_401BA2       	ESP=0012FF38                            	
00000220	.text:00401B97          	push    offset loc_401BA2       	ESP=0012FF3C                            	
00000220	.text:00401B97          	push    offset loc_401BA2       	ESP=0012FF40                            	
00000220	.text:00401B97          	push    offset loc_401BA2       	ESP=0012FF44                            	
00000220	.text:00401B97          	push    offset loc_401BA2       	ESP=0012FF48                            	
00000220	.text:00401B97          	push    offset loc_401BA2       	ESP=0012FF4C                            	
00000220	.text:00401B97          	push    offset loc_401BA2       	ESP=0012FF50                            	
00000220	.text:00401B97          	push    offset loc_401BA2       	ESP=0012FF54                            	
00000220	.text:00401B97          	push    offset loc_401BA2       	ESP=0012FF58                            	
00000220	.text:00401B97          	push    offset loc_401BA2       	ESP=0012FF5C                            	
00000220	.text:00401B97          	push    offset loc_401BA2       	ESP=0012FF60                            	
00000220	.text:00401B97          	push    offset loc_401BA2       	ESP=0012FF64                            	
00000220	.text:00401B97          	push    offset loc_401BA2       	ESP=0012FF68                            	
00000220	.text:00401B97          	push    offset loc_401BA2       	ESP=0012FF6C                            	
00000220	.text:00401B97          	push    offset loc_401BA2       	ESP=0012FF70                            	
00000220	.text:00401B97          	push    offset loc_401BA2       	ESP=0012FF74                            	
00000220	.text:00401B97          	push    offset loc_401BA2       	ESP=0012FF78                            	
00000220	.text:00401B97          	push    offset loc_401BA2       	ESP=0012FF7C                            	
00000220	.text:00401B9C          	push    esp                     	ESP=0012FED8                            	
00000220	.text:00401B9C          	push    esp                     	ESP=0012FEDC                            	
00000220	.text:00401B9C          	push    esp                     	ESP=0012FEE0                            	
00000220	.text:00401B9C          	push    esp                     	ESP=0012FEE4                            	
00000220	.text:00401B9C          	push    esp                     	ESP=0012FEE8                            	
00000220	.text:00401B9C          	push    esp                     	ESP=0012FEEC                            	
00000220	.text:00401B9C          	push    esp                     	ESP=0012FEF0                            	
00000220	.text:00401B9C          	push    esp                     	ESP=0012FEF4                            	
00000220	.text:00401B9C          	push    esp                     	ESP=0012FEF8                            	
00000220	.text:00401B9C          	push    esp                     	ESP=0012FEFC                            	
00000220	.text:00401B9C          	push    esp                     	ESP=0012FF00                            	
00000220	.text:00401B9C          	push    esp                     	ESP=0012FF04                            	
00000220	.text:00401B9C          	push    esp                     	ESP=0012FF08                            	
00000220	.text:00401B9C          	push    esp                     	ESP=0012FF0C                            	
00000220	.text:00401B9C          	push    esp                     	ESP=0012FF10                            	
00000220	.text:00401B9C          	push    esp                     	ESP=0012FF14                            	
00000220	.text:00401B9C          	push    esp                     	ESP=0012FF18                            	
00000220	.text:00401B9C          	push    esp                     	ESP=0012FF1C                            	
00000220	.text:00401B9C          	push    esp                     	ESP=0012FF20                            	
00000220	.text:00401B9C          	push    esp                     	ESP=0012FF24                            	
00000220	.text:00401B9C          	push    esp                     	ESP=0012FF28                            	
00000220	.text:00401B9C          	push    esp                     	ESP=0012FF2C                            	
00000220	.text:00401B9C          	push    esp                     	ESP=0012FF30                            	
00000220	.text:00401B9C          	push    esp                     	ESP=0012FF34                            	
00000220	.text:00401B9C          	push    esp                     	ESP=0012FF38                            	
00000220	.text:00401B9C          	push    esp                     	ESP=0012FF3C                            	
00000220	.text:00401B9C          	push    esp                     	ESP=0012FF40                            	
00000220	.text:00401B9C          	push    esp                     	ESP=0012FF44                            	
00000220	.text:00401B9C          	push    esp                     	ESP=0012FF48                            	
00000220	.text:00401B9C          	push    esp                     	ESP=0012FF4C                            	
00000220	.text:00401B9C          	push    esp                     	ESP=0012FF50                            	
00000220	.text:00401B9C          	push    esp                     	ESP=0012FF54                            	
00000220	.text:00401B9C          	push    esp                     	ESP=0012FF58                            	
00000220	.text:00401B9C          	push    esp                     	ESP=0012FF5C                            	
00000220	.text:00401B9C          	push    esp                     	ESP=0012FF60                            	
00000220	.text:00401B9C          	push    esp                     	ESP=0012FF64                            	
00000220	.text:00401B9C          	push    esp                     	ESP=0012FF68                            	
00000220	.text:00401B9C          	push    esp                     	ESP=0012FF6C                            	
00000220	.text:00401B9C          	push    esp                     	ESP=0012FF70                            	
00000220	.text:00401B9C          	push    esp                     	ESP=0012FF74                            	
00000220	.text:00401B9C          	push    esp                     	ESP=0012FF78                            	
00000220	.text:00401B9D          	sub     dword ptr [esp], 0Ch    	                                        	
00000220	.text:00401B9D          	sub     dword ptr [esp], 0Ch    	AF=0                                    	
00000220	.text:00401B9D          	sub     dword ptr [esp], 0Ch    	AF=1                                    	
00000220	.text:00401B9D          	sub     dword ptr [esp], 0Ch    	PF=0                                    	
00000220	.text:00401B9D          	sub     dword ptr [esp], 0Ch    	PF=0 AF=0                               	
00000220	.text:00401B9D          	sub     dword ptr [esp], 0Ch    	PF=0 AF=1                               	
00000220	.text:00401B9D          	sub     dword ptr [esp], 0Ch    	PF=1                                    	
00000220	.text:00401B9D          	sub     dword ptr [esp], 0Ch    	PF=1 AF=0                               	
00000220	.text:00401B9D          	sub     dword ptr [esp], 0Ch    	PF=1 AF=1                               	
00000220	.text:00401BA1          	retn                            	ESP=0012FEDC                            	
00000220	.text:00401BA1          	retn                            	ESP=0012FEE0                            	
00000220	.text:00401BA1          	retn                            	ESP=0012FEE4                            	
00000220	.text:00401BA1          	retn                            	ESP=0012FEE8                            	
00000220	.text:00401BA1          	retn                            	ESP=0012FEEC                            	
00000220	.text:00401BA1          	retn                            	ESP=0012FEF0                            	
00000220	.text:00401BA1          	retn                            	ESP=0012FEF4                            	
00000220	.text:00401BA1          	retn                            	ESP=0012FEF8                            	
00000220	.text:00401BA1          	retn                            	ESP=0012FEFC                            	
00000220	.text:00401BA1          	retn                            	ESP=0012FF00                            	
00000220	.text:00401BA1          	retn                            	ESP=0012FF04                            	
00000220	.text:00401BA1          	retn                            	ESP=0012FF08                            	
00000220	.text:00401BA1          	retn                            	ESP=0012FF0C                            	
00000220	.text:00401BA1          	retn                            	ESP=0012FF10                            	
00000220	.text:00401BA1          	retn                            	ESP=0012FF14                            	
00000220	.text:00401BA1          	retn                            	ESP=0012FF18                            	
00000220	.text:00401BA1          	retn                            	ESP=0012FF1C                            	
00000220	.text:00401BA1          	retn                            	ESP=0012FF20                            	
00000220	.text:00401BA1          	retn                            	ESP=0012FF24                            	
00000220	.text:00401BA1          	retn                            	ESP=0012FF28                            	
00000220	.text:00401BA1          	retn                            	ESP=0012FF2C                            	
00000220	.text:00401BA1          	retn                            	ESP=0012FF30                            	
00000220	.text:00401BA1          	retn                            	ESP=0012FF34                            	
00000220	.text:00401BA1          	retn                            	ESP=0012FF38                            	
00000220	.text:00401BA1          	retn                            	ESP=0012FF3C                            	
00000220	.text:00401BA1          	retn                            	ESP=0012FF40                            	
00000220	.text:00401BA1          	retn                            	ESP=0012FF44                            	
00000220	.text:00401BA1          	retn                            	ESP=0012FF48                            	
00000220	.text:00401BA1          	retn                            	ESP=0012FF4C                            	
00000220	.text:00401BA1          	retn                            	ESP=0012FF50                            	
00000220	.text:00401BA1          	retn                            	ESP=0012FF54                            	
00000220	.text:00401BA1          	retn                            	ESP=0012FF58                            	
00000220	.text:00401BA1          	retn                            	ESP=0012FF5C                            	
00000220	.text:00401BA1          	retn                            	ESP=0012FF60                            	
00000220	.text:00401BA1          	retn                            	ESP=0012FF64                            	
00000220	.text:00401BA1          	retn                            	ESP=0012FF68                            	
00000220	.text:00401BA1          	retn                            	ESP=0012FF6C                            	
00000220	.text:00401BA1          	retn                            	ESP=0012FF70                            	
00000220	.text:00401BA1          	retn                            	ESP=0012FF74                            	
00000220	.text:00401BA1          	retn                            	ESP=0012FF78                            	
00000220	.text:00401BA1          	retn                            	ESP=0012FF7C                            	
00000220	.text:00401BA7          	shl     ecx, 3                  	ECX=00000068                            	
00000220	.text:00401BA7          	shl     ecx, 3                  	ECX=00000068 AF=0                       	
00000220	.text:00401BA7          	shl     ecx, 3                  	ECX=00000068 PF=0                       	
00000220	.text:00401BA7          	shl     ecx, 3                  	ECX=00000068 PF=0 AF=0                  	
00000220	.text:00401BAA          	jnz     short loc_401BAD        	                                        	
00000220	.text:00401BB0          	shr     ebx, 3                  	EBX=0FFFB80E                            	
00000220	.text:00401BB3          	and     ebx, 0Eh                	EBX=0000000E                            	
00000220	.text:00401BB6          	shr     ebx, 1                  	EBX=00000007                            	
00000220	.text:00401BB8          	jz      short loc_401BBD        	                                        	
00000220	.text:00401BBA          	jnz     short loc_401BBD        	                                        	
00000220	.text:00401BC0          	setz    bl                      	EBX=00000001                            	
00000220	.text:00401BC3          	sub     al, bl                  	EAX=00000000                            	
00000220	.text:00401BC3          	sub     al, bl                  	EAX=000000FF CF=1 AF=1 ZF=0 SF=1        	
00000220	.text:00401BC5          	pop     ebx                     	EBX=00000000 ESP=0012FEE4               	
00000220	.text:00401BC5          	pop     ebx                     	EBX=000000FF ESP=0012FEE8               	
00000220	.text:00401BC5          	pop     ebx                     	EBX=000001FE ESP=0012FEEC               	
00000220	.text:00401BC5          	pop     ebx                     	EBX=000002FD ESP=0012FEF0               	
00000220	.text:00401BC5          	pop     ebx                     	EBX=000003FC ESP=0012FEF4               	
00000220	.text:00401BC5          	pop     ebx                     	EBX=000004FB ESP=0012FEF8               	
00000220	.text:00401BC5          	pop     ebx                     	EBX=000005FA ESP=0012FEFC               	
00000220	.text:00401BC5          	pop     ebx                     	EBX=000006F9 ESP=0012FF00               	
00000220	.text:00401BC5          	pop     ebx                     	EBX=000007F8 ESP=0012FF04               	
00000220	.text:00401BC5          	pop     ebx                     	EBX=000008F7 ESP=0012FF08               	
00000220	.text:00401BC5          	pop     ebx                     	EBX=000009F6 ESP=0012FF0C               	
00000220	.text:00401BC5          	pop     ebx                     	EBX=00000AF5 ESP=0012FF10               	
00000220	.text:00401BC5          	pop     ebx                     	EBX=00000BF4 ESP=0012FF14               	
00000220	.text:00401BC5          	pop     ebx                     	EBX=00000CF3 ESP=0012FF18               	
00000220	.text:00401BC5          	pop     ebx                     	EBX=00000DF2 ESP=0012FF1C               	
00000220	.text:00401BC5          	pop     ebx                     	EBX=00000EF1 ESP=0012FF20               	
00000220	.text:00401BC5          	pop     ebx                     	EBX=00000FF0 ESP=0012FF24               	
00000220	.text:00401BC5          	pop     ebx                     	EBX=000010EF ESP=0012FF28               	
00000220	.text:00401BC5          	pop     ebx                     	EBX=000011EE ESP=0012FF2C               	
00000220	.text:00401BC5          	pop     ebx                     	EBX=000012ED ESP=0012FF30               	
00000220	.text:00401BC5          	pop     ebx                     	EBX=000013EC ESP=0012FF34               	
00000220	.text:00401BC5          	pop     ebx                     	EBX=000014EB ESP=0012FF38               	
00000220	.text:00401BC5          	pop     ebx                     	EBX=000015EA ESP=0012FF3C               	
00000220	.text:00401BC5          	pop     ebx                     	EBX=000016E9 ESP=0012FF40               	
00000220	.text:00401BC5          	pop     ebx                     	EBX=000017E8 ESP=0012FF44               	
00000220	.text:00401BC5          	pop     ebx                     	EBX=000018E7 ESP=0012FF48               	
00000220	.text:00401BC5          	pop     ebx                     	EBX=000019E6 ESP=0012FF4C               	
00000220	.text:00401BC5          	pop     ebx                     	EBX=00001AE5 ESP=0012FF50               	
00000220	.text:00401BC5          	pop     ebx                     	EBX=00001BE4 ESP=0012FF54               	
00000220	.text:00401BC5          	pop     ebx                     	EBX=00001BE4 ESP=0012FF58               	
00000220	.text:00401BC5          	pop     ebx                     	EBX=00001BE4 ESP=0012FF5C               	
00000220	.text:00401BC5          	pop     ebx                     	EBX=00001BE4 ESP=0012FF60               	
00000220	.text:00401BC5          	pop     ebx                     	EBX=00001BE4 ESP=0012FF64               	
00000220	.text:00401BC5          	pop     ebx                     	EBX=00001BE4 ESP=0012FF68               	
00000220	.text:00401BC5          	pop     ebx                     	EBX=00001BE4 ESP=0012FF6C               	
00000220	.text:00401BC5          	pop     ebx                     	EBX=00001BE4 ESP=0012FF70               	
00000220	.text:00401BC5          	pop     ebx                     	EBX=00001BE4 ESP=0012FF74               	
00000220	.text:00401BC5          	pop     ebx                     	EBX=00001BE4 ESP=0012FF78               	
00000220	.text:00401BC5          	pop     ebx                     	EBX=00001BE4 ESP=0012FF7C               	
00000220	.text:00401BC5          	pop     ebx                     	EBX=00001BE4 ESP=0012FF80               	
00000220	.text:00401BC5          	pop     ebx                     	EBX=00001BE4 ESP=0012FF84               	
00000220	.text:00401BC6          	add     eax, ebx                	CF=0 AF=0 SF=0                          	
00000220	.text:00401BC6          	add     eax, ebx                	EAX=000001FE CF=0 PF=0 SF=0             	
00000220	.text:00401BC6          	add     eax, ebx                	EAX=000002FD CF=0 PF=0 SF=0             	
00000220	.text:00401BC6          	add     eax, ebx                	EAX=000003FC CF=0 SF=0                  	
00000220	.text:00401BC6          	add     eax, ebx                	EAX=000004FB CF=0 PF=0 SF=0             	
00000220	.text:00401BC6          	add     eax, ebx                	EAX=000005FA CF=0 SF=0                  	
00000220	.text:00401BC6          	add     eax, ebx                	EAX=000006F9 CF=0 SF=0                  	
00000220	.text:00401BC6          	add     eax, ebx                	EAX=000007F8 CF=0 PF=0 SF=0             	
00000220	.text:00401BC6          	add     eax, ebx                	EAX=000008F7 CF=0 PF=0 SF=0             	
00000220	.text:00401BC6          	add     eax, ebx                	EAX=000009F6 CF=0 SF=0                  	
00000220	.text:00401BC6          	add     eax, ebx                	EAX=00000AF5 CF=0 SF=0                  	
00000220	.text:00401BC6          	add     eax, ebx                	EAX=00000BF4 CF=0 PF=0 SF=0             	
00000220	.text:00401BC6          	add     eax, ebx                	EAX=00000CF3 CF=0 SF=0                  	
00000220	.text:00401BC6          	add     eax, ebx                	EAX=00000DF2 CF=0 PF=0 SF=0             	
00000220	.text:00401BC6          	add     eax, ebx                	EAX=00000EF1 CF=0 PF=0 SF=0             	
00000220	.text:00401BC6          	add     eax, ebx                	EAX=00000FF0 CF=0 SF=0                  	
00000220	.text:00401BC6          	add     eax, ebx                	EAX=000010EF CF=0 PF=0 AF=0 SF=0        	
00000220	.text:00401BC6          	add     eax, ebx                	EAX=000011EE CF=0 SF=0                  	
00000220	.text:00401BC6          	add     eax, ebx                	EAX=000012ED CF=0 SF=0                  	
00000220	.text:00401BC6          	add     eax, ebx                	EAX=000013EC CF=0 PF=0 SF=0             	
00000220	.text:00401BC6          	add     eax, ebx                	EAX=000014EB CF=0 SF=0                  	
00000220	.text:00401BC6          	add     eax, ebx                	EAX=000015EA CF=0 PF=0 SF=0             	
00000220	.text:00401BC6          	add     eax, ebx                	EAX=000016E9 CF=0 PF=0 SF=0             	
00000220	.text:00401BC6          	add     eax, ebx                	EAX=000017E8 CF=0 SF=0                  	
00000220	.text:00401BC6          	add     eax, ebx                	EAX=000018E7 CF=0 SF=0                  	
00000220	.text:00401BC6          	add     eax, ebx                	EAX=000019E6 CF=0 PF=0 SF=0             	
00000220	.text:00401BC6          	add     eax, ebx                	EAX=00001AE5 CF=0 PF=0 SF=0             	
00000220	.text:00401BC6          	add     eax, ebx                	EAX=00001BE4 CF=0 SF=0                  	
00000220	.text:00401BC6          	add     eax, ebx                	EAX=00001BE4 ZF=0                       	
00000220	.text:00401BC8          	jnz     short locret_401BCD     	                                        	
00000220	.text:00401C02          	push    ebx                     	ESP=0012FF88                            	
00000220	.text:00401C03          	jz      short loc_401C08        	                                        	
00000220	.text:00401C05          	jnz     short loc_401C08        	                                        	
00000220	.text:00401C0C          	mov     ebx, [ebx]              	EBX=00000007                            	
00000220	.text:00401C0E          	mov     [esp+0Ch], ebx          	                                        	
00000220	.text:00401C12          	jnz     short loc_401C17        	                                        	
00000220	.text:00401C18          	retn                            	ESP=0012FF90                            	
00000220	.text:00401C27          	cmp     eax, 29h                	AF=1                                    	
00000220	.text:00401C2A          	jnz     short loc_401C3C        	                                        	
00000220	.text:byte_401911       	mov     ax, 5EBh                	EAX=000005EB                            	
00000220	.text:byte_401911+2     	jmp     short near ptr unk_40191A	                                        	
00000220	.text:byte_401955       	mov     ax, 5EBh                	EAX=000005EB                            	
00000220	.text:byte_401955+2     	jmp     short near ptr unk_40195E	                                        	
00000220	.text:byte_401A09       	mov     ax, 5EBh                	EAX=000005EB                            	
00000220	.text:byte_401A09+2     	jmp     short near ptr unk_401A12	                                        	
00000220	.text:dword_4017F4+1    	jmp     short loc_4017FC        	                                        	
00000220	.text:dword_4017F4+3    	xor     eax, eax                	EAX=00000000 PF=1 ZF=1                  	
00000220	.text:dword_4017F4+5    	jz      short near ptr dword_4017F4+1	                                        	
00000220	.text:dword_401824      	mov     ax, 6EBh                	EAX=000006EB                            	
00000220	.text:dword_401824+2    	jmp     short loc_40182E        	                                        	
00000220	.text:dword_401824+4    	xor     eax, eax                	EAX=00000000 PF=1 ZF=1                  	
00000220	.text:dword_401824+6    	jz      short near ptr dword_401824+2	                                        	
00000220	.text:dword_401858+1    	jmp     short near ptr dword_401858+8	                                        	
00000220	.text:dword_401858+3    	xor     eax, eax                	EAX=00000000 PF=1 ZF=1                  	
00000220	.text:dword_401858+5    	jz      short near ptr dword_401858+1	                                        	
00000220	.text:dword_401858+8    	mov     dword ptr [ebx+8Ch], 5C6B6716h	                                        	
00000220	.text:dword_401884      	mov     ax, 5EBh                	EAX=000005EB                            	
00000220	.text:dword_401884+13   	jz      short loc_40189A        	                                        	
00000220	.text:dword_401884+2    	jmp     short near ptr dword_401884+9	                                        	
00000220	.text:dword_401884+4    	xor     eax, eax                	EAX=00000000                            	
00000220	.text:dword_401884+6    	jz      short near ptr dword_401884+2	                                        	
00000220	.text:dword_401884+9    	mov     dword ptr [ebx+84h], 4EF5BEACh	                                        	
00000220	.text:dword_4018B0      	mov     ax, 5EBh                	EAX=000005EB                            	
00000220	.text:dword_4018B0+2    	jmp     short loc_4018B9        	                                        	
00000220	.text:dword_4018B0+4    	xor     eax, eax                	EAX=00000000                            	
00000220	.text:dword_4018B0+6    	jz      short near ptr dword_4018B0+2	                                        	
00000220	.text:dword_4018EC      	mov     ax, 6EBh                	EAX=000006EB                            	
00000220	.text:dword_4018EC+2    	jmp     short loc_4018F6        	                                        	
00000220	.text:dword_4018EC+4    	xor     eax, eax                	EAX=00000000 PF=1 ZF=1                  	
00000220	.text:dword_4018EC+6    	jz      short near ptr dword_4018EC+2	                                        	
00000220	.text:dword_401970+1    	jmp     short near ptr dword_401970+8	                                        	
00000220	.text:dword_401970+3    	xor     eax, eax                	EAX=00000000                            	
00000220	.text:dword_401970+5    	jz      short near ptr dword_401970+1	                                        	
00000220	.text:dword_401970+8    	mov     dword ptr [ebx+3Ch], 0C66B5A16h	                                        	
00000220	.text:dword_401980+1    	jmp     short near ptr unk_401989	                                        	
00000220	.text:dword_401980+3    	xor     eax, eax                	EAX=00000000                            	
00000220	.text:dword_401980+5    	jz      short near ptr dword_401980+1	                                        	
00000220	.text:dword_40199C      	mov     ax, 5EBh                	EAX=000005EB                            	
00000220	.text:dword_40199C+2    	jmp     short loc_4019A5        	                                        	
00000220	.text:dword_40199C+4    	xor     eax, eax                	EAX=00000000                            	
00000220	.text:dword_40199C+6    	jz      short near ptr dword_40199C+2	                                        	
00000220	.text:dword_4019B8      	mov     ax, 5EBh                	EAX=000005EB                            	
00000220	.text:dword_4019B8+2    	jmp     short loc_4019C1        	                                        	
00000220	.text:dword_4019B8+4    	xor     eax, eax                	EAX=00000000 PF=1 ZF=1                  	
00000220	.text:dword_4019B8+6    	jz      short near ptr dword_4019B8+2	                                        	
00000220	.text:dword_4019E8      	mov     ax, 5EBh                	EAX=000005EB                            	
00000220	.text:dword_4019E8+2    	jmp     short loc_4019F1        	                                        	
00000220	.text:dword_4019E8+4    	xor     eax, eax                	EAX=00000000                            	
00000220	.text:dword_4019E8+6    	jz      short near ptr dword_4019E8+2	                                        	
00000220	.text:dword_401A54      	mov     ax, 5EBh                	EAX=000005EB                            	
00000220	.text:dword_401A54+2    	jmp     short near ptr dword_401A54+9	                                        	
00000220	.text:dword_401A54+4    	xor     eax, eax                	EAX=00000000 PF=1 ZF=1                  	
00000220	.text:dword_401A54+6    	jz      short near ptr dword_401A54+2	                                        	
00000220	.text:dword_401A54+9    	jz      short near ptr loc_401A60+1	                                        	
00000220	.text:loc_40173B        	push    ebx                     	ESP=0012FEE0                            	
00000220	.text:loc_40173B        	push    ebx                     	ESP=0012FEE4                            	
00000220	.text:loc_40173B        	push    ebx                     	ESP=0012FEE8                            	
00000220	.text:loc_40173B        	push    ebx                     	ESP=0012FEEC                            	
00000220	.text:loc_40173B        	push    ebx                     	ESP=0012FEF0                            	
00000220	.text:loc_40173B        	push    ebx                     	ESP=0012FEF4                            	
00000220	.text:loc_40173B        	push    ebx                     	ESP=0012FEF8                            	
00000220	.text:loc_40173B        	push    ebx                     	ESP=0012FEFC                            	
00000220	.text:loc_40173B        	push    ebx                     	ESP=0012FF00                            	
00000220	.text:loc_40173B        	push    ebx                     	ESP=0012FF04                            	
00000220	.text:loc_40173B        	push    ebx                     	ESP=0012FF08                            	
00000220	.text:loc_40173B        	push    ebx                     	ESP=0012FF0C                            	
00000220	.text:loc_40173B        	push    ebx                     	ESP=0012FF10                            	
00000220	.text:loc_40173B        	push    ebx                     	ESP=0012FF14                            	
00000220	.text:loc_40173B        	push    ebx                     	ESP=0012FF18                            	
00000220	.text:loc_40173B        	push    ebx                     	ESP=0012FF1C                            	
00000220	.text:loc_40173B        	push    ebx                     	ESP=0012FF20                            	
00000220	.text:loc_40173B        	push    ebx                     	ESP=0012FF24                            	
00000220	.text:loc_40173B        	push    ebx                     	ESP=0012FF28                            	
00000220	.text:loc_40173B        	push    ebx                     	ESP=0012FF2C                            	
00000220	.text:loc_40173B        	push    ebx                     	ESP=0012FF30                            	
00000220	.text:loc_40173B        	push    ebx                     	ESP=0012FF34                            	
00000220	.text:loc_40173B        	push    ebx                     	ESP=0012FF38                            	
00000220	.text:loc_40173B        	push    ebx                     	ESP=0012FF3C                            	
00000220	.text:loc_40173B        	push    ebx                     	ESP=0012FF40                            	
00000220	.text:loc_40173B        	push    ebx                     	ESP=0012FF44                            	
00000220	.text:loc_40173B        	push    ebx                     	ESP=0012FF48                            	
00000220	.text:loc_40173B        	push    ebx                     	ESP=0012FF4C                            	
00000220	.text:loc_40173B        	push    ebx                     	ESP=0012FF50                            	
00000220	.text:loc_40173B        	push    ebx                     	ESP=0012FF54                            	
00000220	.text:loc_40173B        	push    ebx                     	ESP=0012FF58                            	
00000220	.text:loc_40173B        	push    ebx                     	ESP=0012FF5C                            	
00000220	.text:loc_40173B        	push    ebx                     	ESP=0012FF60                            	
00000220	.text:loc_40173B        	push    ebx                     	ESP=0012FF64                            	
00000220	.text:loc_40173B        	push    ebx                     	ESP=0012FF68                            	
00000220	.text:loc_40173B        	push    ebx                     	ESP=0012FF6C                            	
00000220	.text:loc_40173B        	push    ebx                     	ESP=0012FF70                            	
00000220	.text:loc_40173B        	push    ebx                     	ESP=0012FF74                            	
00000220	.text:loc_40173B        	push    ebx                     	ESP=0012FF78                            	
00000220	.text:loc_40173B        	push    ebx                     	ESP=0012FF7C                            	
00000220	.text:loc_40173B        	push    ebx                     	ESP=0012FF80                            	
00000220	.text:loc_401742        	mov     dword ptr [esp], 200000h	                                        	
00000220	.text:loc_401766        	mov     ebx, esp                	EBX=0012FE04                            	
00000220	.text:loc_401766        	mov     ebx, esp                	EBX=0012FE08                            	
00000220	.text:loc_401766        	mov     ebx, esp                	EBX=0012FE0C                            	
00000220	.text:loc_401766        	mov     ebx, esp                	EBX=0012FE10                            	
00000220	.text:loc_401766        	mov     ebx, esp                	EBX=0012FE14                            	
00000220	.text:loc_401766        	mov     ebx, esp                	EBX=0012FE18                            	
00000220	.text:loc_401766        	mov     ebx, esp                	EBX=0012FE1C                            	
00000220	.text:loc_401766        	mov     ebx, esp                	EBX=0012FE20                            	
00000220	.text:loc_401766        	mov     ebx, esp                	EBX=0012FE24                            	
00000220	.text:loc_401766        	mov     ebx, esp                	EBX=0012FE28                            	
00000220	.text:loc_401766        	mov     ebx, esp                	EBX=0012FE2C                            	
00000220	.text:loc_401766        	mov     ebx, esp                	EBX=0012FE30                            	
00000220	.text:loc_401766        	mov     ebx, esp                	EBX=0012FE34                            	
00000220	.text:loc_401766        	mov     ebx, esp                	EBX=0012FE38                            	
00000220	.text:loc_401766        	mov     ebx, esp                	EBX=0012FE3C                            	
00000220	.text:loc_401766        	mov     ebx, esp                	EBX=0012FE40                            	
00000220	.text:loc_401766        	mov     ebx, esp                	EBX=0012FE44                            	
00000220	.text:loc_401766        	mov     ebx, esp                	EBX=0012FE48                            	
00000220	.text:loc_401766        	mov     ebx, esp                	EBX=0012FE4C                            	
00000220	.text:loc_401766        	mov     ebx, esp                	EBX=0012FE50                            	
00000220	.text:loc_401766        	mov     ebx, esp                	EBX=0012FE54                            	
00000220	.text:loc_401766        	mov     ebx, esp                	EBX=0012FE58                            	
00000220	.text:loc_401766        	mov     ebx, esp                	EBX=0012FE5C                            	
00000220	.text:loc_401766        	mov     ebx, esp                	EBX=0012FE60                            	
00000220	.text:loc_401766        	mov     ebx, esp                	EBX=0012FE64                            	
00000220	.text:loc_401766        	mov     ebx, esp                	EBX=0012FE68                            	
00000220	.text:loc_401766        	mov     ebx, esp                	EBX=0012FE6C                            	
00000220	.text:loc_401766        	mov     ebx, esp                	EBX=0012FE70                            	
00000220	.text:loc_401766        	mov     ebx, esp                	EBX=0012FE74                            	
00000220	.text:loc_401766        	mov     ebx, esp                	EBX=0012FE78                            	
00000220	.text:loc_401766        	mov     ebx, esp                	EBX=0012FE7C                            	
00000220	.text:loc_401766        	mov     ebx, esp                	EBX=0012FE80                            	
00000220	.text:loc_401766        	mov     ebx, esp                	EBX=0012FE84                            	
00000220	.text:loc_401766        	mov     ebx, esp                	EBX=0012FE88                            	
00000220	.text:loc_401766        	mov     ebx, esp                	EBX=0012FE8C                            	
00000220	.text:loc_401766        	mov     ebx, esp                	EBX=0012FE90                            	
00000220	.text:loc_401766        	mov     ebx, esp                	EBX=0012FE94                            	
00000220	.text:loc_401766        	mov     ebx, esp                	EBX=0012FE98                            	
00000220	.text:loc_401766        	mov     ebx, esp                	EBX=0012FE9C                            	
00000220	.text:loc_401766        	mov     ebx, esp                	EBX=0012FEA0                            	
00000220	.text:loc_401766        	mov     ebx, esp                	EBX=0012FEA4                            	
00000220	.text:loc_401786        	mov     dword ptr [ebx+0CCh], 0FF9FE6B2h	                                        	
00000220	.text:loc_4017AE        	mov     dword ptr [ebx+0BCh], 4C96E345h	                                        	
00000220	.text:loc_4017CC        	mov     dword ptr [ebx+0B4h], 1BE26065h	                                        	
00000220	.text:loc_4017DC        	mov     dword ptr [ebx+0B0h], 8C1564F4h	                                        	
00000220	.text:loc_4017E9        	mov     dword ptr [ebx+0ACh], 8EEBC6Eh	                                        	
00000220	.text:loc_4017FC        	push    eax                     	ESP=0012FE00                            	
00000220	.text:loc_4017FC        	push    eax                     	ESP=0012FE04                            	
00000220	.text:loc_4017FC        	push    eax                     	ESP=0012FE08                            	
00000220	.text:loc_4017FC        	push    eax                     	ESP=0012FE0C                            	
00000220	.text:loc_4017FC        	push    eax                     	ESP=0012FE10                            	
00000220	.text:loc_4017FC        	push    eax                     	ESP=0012FE14                            	
00000220	.text:loc_4017FC        	push    eax                     	ESP=0012FE18                            	
00000220	.text:loc_4017FC        	push    eax                     	ESP=0012FE1C                            	
00000220	.text:loc_4017FC        	push    eax                     	ESP=0012FE20                            	
00000220	.text:loc_4017FC        	push    eax                     	ESP=0012FE24                            	
00000220	.text:loc_4017FC        	push    eax                     	ESP=0012FE28                            	
00000220	.text:loc_4017FC        	push    eax                     	ESP=0012FE2C                            	
00000220	.text:loc_4017FC        	push    eax                     	ESP=0012FE30                            	
00000220	.text:loc_4017FC        	push    eax                     	ESP=0012FE34                            	
00000220	.text:loc_4017FC        	push    eax                     	ESP=0012FE38                            	
00000220	.text:loc_4017FC        	push    eax                     	ESP=0012FE3C                            	
00000220	.text:loc_4017FC        	push    eax                     	ESP=0012FE40                            	
00000220	.text:loc_4017FC        	push    eax                     	ESP=0012FE44                            	
00000220	.text:loc_4017FC        	push    eax                     	ESP=0012FE48                            	
00000220	.text:loc_4017FC        	push    eax                     	ESP=0012FE4C                            	
00000220	.text:loc_4017FC        	push    eax                     	ESP=0012FE50                            	
00000220	.text:loc_4017FC        	push    eax                     	ESP=0012FE54                            	
00000220	.text:loc_4017FC        	push    eax                     	ESP=0012FE58                            	
00000220	.text:loc_4017FC        	push    eax                     	ESP=0012FE5C                            	
00000220	.text:loc_4017FC        	push    eax                     	ESP=0012FE60                            	
00000220	.text:loc_4017FC        	push    eax                     	ESP=0012FE64                            	
00000220	.text:loc_4017FC        	push    eax                     	ESP=0012FE68                            	
00000220	.text:loc_4017FC        	push    eax                     	ESP=0012FE6C                            	
00000220	.text:loc_4017FC        	push    eax                     	ESP=0012FE70                            	
00000220	.text:loc_4017FC        	push    eax                     	ESP=0012FE74                            	
00000220	.text:loc_4017FC        	push    eax                     	ESP=0012FE78                            	
00000220	.text:loc_4017FC        	push    eax                     	ESP=0012FE7C                            	
00000220	.text:loc_4017FC        	push    eax                     	ESP=0012FE80                            	
00000220	.text:loc_4017FC        	push    eax                     	ESP=0012FE84                            	
00000220	.text:loc_4017FC        	push    eax                     	ESP=0012FE88                            	
00000220	.text:loc_4017FC        	push    eax                     	ESP=0012FE8C                            	
00000220	.text:loc_4017FC        	push    eax                     	ESP=0012FE90                            	
00000220	.text:loc_4017FC        	push    eax                     	ESP=0012FE94                            	
00000220	.text:loc_4017FC        	push    eax                     	ESP=0012FE98                            	
00000220	.text:loc_4017FC        	push    eax                     	ESP=0012FE9C                            	
00000220	.text:loc_4017FC        	push    eax                     	ESP=0012FEA0                            	
00000220	.text:loc_40180B        	mov     dword ptr [ebx+0A4h], 9B55C101h	                                        	
00000220	.text:loc_40181A        	mov     dword ptr [ebx+0A0h], 0B56EDA0Ah	                                        	
00000220	.text:loc_40182E        	mov     dword ptr [ebx+9Ch], 1BD656CAh	                                        	
00000220	.text:loc_40183E        	mov     dword ptr [ebx+98h], 7E11C8B9h	                                        	
00000220	.text:loc_40184D        	mov     dword ptr [ebx+90h], 93F9F1FAh	                                        	
00000220	.text:loc_40186D        	mov     dword ptr [ebx+94h], 23F8D4F2h	                                        	
00000220	.text:loc_40187A        	mov     dword ptr [ebx+88h], 0B887BC75h	                                        	
00000220	.text:loc_40189A        	mov     dword ptr [ebx+80h], 2C2B2A07h	                                        	
00000220	.text:loc_4018A9        	mov     dword ptr [ebx+7Ch], 0E051511h	                                        	
00000220	.text:loc_4018B9        	mov     dword ptr [ebx+70h], 0C1B0826h	                                        	
00000220	.text:loc_4018C5        	mov     dword ptr [ebx+6Ch], offset unk_13280B	                                        	
00000220	.text:loc_4018CF        	mov     dword ptr [ebx+78h], 20182201h	                                        	
00000220	.text:loc_4018DB        	mov     dword ptr [ebx+74h], 1C242704h	                                        	
00000220	.text:loc_4018E5        	mov     dword ptr [ebx+68h], 2119031Dh	                                        	
00000220	.text:loc_401900        	mov     dword ptr [ebx+60h], 91F1016h	                                        	
00000220	.text:loc_40190A        	mov     dword ptr [ebx+5Ch], 1E020D0Ah	                                        	
00000220	.text:loc_40192B        	mov     dword ptr [ebx+54h], 0CF03F9D2h	                                        	
00000220	.text:loc_401938        	mov     dword ptr [ebx+50h], 66535319h	                                        	
00000220	.text:loc_401942        	mov     dword ptr [ebx+4Ch], 2E30565Dh	                                        	
00000220	.text:loc_40194E        	mov     dword ptr [ebx+44h], 4EF4C35Dh	                                        	
00000220	.text:loc_401968        	mov     dword ptr [ebx+48h], 0F2BC4206h	                                        	
00000220	.text:loc_401995        	mov     dword ptr [ebx+34h], 55509AF9h	                                        	
00000220	.text:loc_4019A5        	mov     dword ptr [ebx+30h], 7748F080h	                                        	
00000220	.text:loc_4019B1        	mov     dword ptr [ebx+2Ch], 0B8CCC2BAh	                                        	
00000220	.text:loc_4019C1        	mov     dword ptr [ebx+28h], 0F0C833F2h	                                        	
00000220	.text:loc_4019CD        	mov     dword ptr [ebx+24h], 7307F613h	                                        	
00000220	.text:loc_4019D7        	mov     dword ptr [ebx+20h], 2CD1A1Fh	                                        	
00000220	.text:loc_4019E1        	mov     dword ptr [ebx+18h], 3D7F8C7h	                                        	
00000220	.text:loc_4019F1        	mov     dword ptr [ebx+14h], 98C35C1Fh	                                        	
00000220	.text:loc_401A02        	mov     dword ptr [ebx+10h], 92C81DF9h	                                        	
00000220	.text:loc_401A43        	mov     dword ptr [ebx], 776DA9CCh	                                        	
00000220	.text:loc_401A4E        	mov     edx, esi                	EDX=00000000                            	
00000220	.text:loc_401A53        	inc     edx                     	EDX=00000001 PF=0 ZF=0                  	
00000220	.text:loc_401A60+1      	mov     ax, 5EBh                	EAX=000005EB                            	
00000220	.text:loc_401A63        	jmp     short loc_401A6A        	                                        	
00000220	.text:loc_401A6A        	movsx   eax, dl                 	EAX=00000001                            	
00000220	.text:loc_401A74        	sub     eax, 0FFFFDE7Ah         	EAX=00402186 CF=1 PF=0 AF=1             	
00000220	.text:loc_401A83        	mov     ecx, [esp+0DCh]         	ECX=00000001                            	
00000220	.text:loc_401A83        	mov     ecx, [esp+0DCh]         	ECX=000000FF                            	
00000220	.text:loc_401A83        	mov     ecx, [esp+0DCh]         	ECX=000001FE                            	
00000220	.text:loc_401A83        	mov     ecx, [esp+0DCh]         	ECX=000002FD                            	
00000220	.text:loc_401A83        	mov     ecx, [esp+0DCh]         	ECX=000003FC                            	
00000220	.text:loc_401A83        	mov     ecx, [esp+0DCh]         	ECX=000004FB                            	
00000220	.text:loc_401A83        	mov     ecx, [esp+0DCh]         	ECX=000005FA                            	
00000220	.text:loc_401A83        	mov     ecx, [esp+0DCh]         	ECX=000006F9                            	
00000220	.text:loc_401A83        	mov     ecx, [esp+0DCh]         	ECX=000007F8                            	
00000220	.text:loc_401A83        	mov     ecx, [esp+0DCh]         	ECX=000008F7                            	
00000220	.text:loc_401A83        	mov     ecx, [esp+0DCh]         	ECX=000009F6                            	
00000220	.text:loc_401A83        	mov     ecx, [esp+0DCh]         	ECX=00000AF5                            	
00000220	.text:loc_401A83        	mov     ecx, [esp+0DCh]         	ECX=00000BF4                            	
00000220	.text:loc_401A83        	mov     ecx, [esp+0DCh]         	ECX=00000CF3                            	
00000220	.text:loc_401A83        	mov     ecx, [esp+0DCh]         	ECX=00000DF2                            	
00000220	.text:loc_401A83        	mov     ecx, [esp+0DCh]         	ECX=00000EF1                            	
00000220	.text:loc_401A83        	mov     ecx, [esp+0DCh]         	ECX=00000FF0                            	
00000220	.text:loc_401A83        	mov     ecx, [esp+0DCh]         	ECX=000010EF                            	
00000220	.text:loc_401A83        	mov     ecx, [esp+0DCh]         	ECX=000011EE                            	
00000220	.text:loc_401A83        	mov     ecx, [esp+0DCh]         	ECX=000012ED                            	
00000220	.text:loc_401A83        	mov     ecx, [esp+0DCh]         	ECX=000013EC                            	
00000220	.text:loc_401A83        	mov     ecx, [esp+0DCh]         	ECX=000014EB                            	
00000220	.text:loc_401A83        	mov     ecx, [esp+0DCh]         	ECX=000015EA                            	
00000220	.text:loc_401A83        	mov     ecx, [esp+0DCh]         	ECX=000016E9                            	
00000220	.text:loc_401A83        	mov     ecx, [esp+0DCh]         	ECX=000017E8                            	
00000220	.text:loc_401A83        	mov     ecx, [esp+0DCh]         	ECX=000018E7                            	
00000220	.text:loc_401A83        	mov     ecx, [esp+0DCh]         	ECX=000019E6                            	
00000220	.text:loc_401A83        	mov     ecx, [esp+0DCh]         	ECX=00001AE5                            	
00000220	.text:loc_401A83        	mov     ecx, [esp+0DCh]         	ECX=00001BE4                            	
00000220	.text:loc_401A92        	mov     [esp+0DCh], ecx         	                                        	
00000220	.text:loc_401AA4        	movsx   ebx, byte ptr [esp+ecx+58h]	EBX=00000000                            	
00000220	.text:loc_401AA4        	movsx   ebx, byte ptr [esp+ecx+58h]	EBX=00000001                            	
00000220	.text:loc_401AA4        	movsx   ebx, byte ptr [esp+ecx+58h]	EBX=00000002                            	
00000220	.text:loc_401AA4        	movsx   ebx, byte ptr [esp+ecx+58h]	EBX=00000003                            	
00000220	.text:loc_401AA4        	movsx   ebx, byte ptr [esp+ecx+58h]	EBX=00000004                            	
00000220	.text:loc_401AA4        	movsx   ebx, byte ptr [esp+ecx+58h]	EBX=00000005                            	
00000220	.text:loc_401AA4        	movsx   ebx, byte ptr [esp+ecx+58h]	EBX=00000006                            	
00000220	.text:loc_401AA4        	movsx   ebx, byte ptr [esp+ecx+58h]	EBX=00000007                            	
00000220	.text:loc_401AA4        	movsx   ebx, byte ptr [esp+ecx+58h]	EBX=00000008                            	
00000220	.text:loc_401AA4        	movsx   ebx, byte ptr [esp+ecx+58h]	EBX=00000009                            	
00000220	.text:loc_401AA4        	movsx   ebx, byte ptr [esp+ecx+58h]	EBX=0000000A                            	
00000220	.text:loc_401AA4        	movsx   ebx, byte ptr [esp+ecx+58h]	EBX=0000000B                            	
00000220	.text:loc_401AA4        	movsx   ebx, byte ptr [esp+ecx+58h]	EBX=0000000C                            	
00000220	.text:loc_401AA4        	movsx   ebx, byte ptr [esp+ecx+58h]	EBX=0000000D                            	
00000220	.text:loc_401AA4        	movsx   ebx, byte ptr [esp+ecx+58h]	EBX=0000000E                            	
00000220	.text:loc_401AA4        	movsx   ebx, byte ptr [esp+ecx+58h]	EBX=0000000F                            	
00000220	.text:loc_401AA4        	movsx   ebx, byte ptr [esp+ecx+58h]	EBX=00000010                            	
00000220	.text:loc_401AA4        	movsx   ebx, byte ptr [esp+ecx+58h]	EBX=00000011                            	
00000220	.text:loc_401AA4        	movsx   ebx, byte ptr [esp+ecx+58h]	EBX=00000012                            	
00000220	.text:loc_401AA4        	movsx   ebx, byte ptr [esp+ecx+58h]	EBX=00000013                            	
00000220	.text:loc_401AA4        	movsx   ebx, byte ptr [esp+ecx+58h]	EBX=00000014                            	
00000220	.text:loc_401AA4        	movsx   ebx, byte ptr [esp+ecx+58h]	EBX=00000015                            	
00000220	.text:loc_401AA4        	movsx   ebx, byte ptr [esp+ecx+58h]	EBX=00000016                            	
00000220	.text:loc_401AA4        	movsx   ebx, byte ptr [esp+ecx+58h]	EBX=00000017                            	
00000220	.text:loc_401AA4        	movsx   ebx, byte ptr [esp+ecx+58h]	EBX=00000018                            	
00000220	.text:loc_401AA4        	movsx   ebx, byte ptr [esp+ecx+58h]	EBX=00000019                            	
00000220	.text:loc_401AA4        	movsx   ebx, byte ptr [esp+ecx+58h]	EBX=0000001A                            	
00000220	.text:loc_401AA4        	movsx   ebx, byte ptr [esp+ecx+58h]	EBX=0000001B                            	
00000220	.text:loc_401AA4        	movsx   ebx, byte ptr [esp+ecx+58h]	EBX=0000001C                            	
00000220	.text:loc_401AA4        	movsx   ebx, byte ptr [esp+ecx+58h]	EBX=0000001D                            	
00000220	.text:loc_401AA4        	movsx   ebx, byte ptr [esp+ecx+58h]	EBX=0000001E                            	
00000220	.text:loc_401AA4        	movsx   ebx, byte ptr [esp+ecx+58h]	EBX=0000001F                            	
00000220	.text:loc_401AA4        	movsx   ebx, byte ptr [esp+ecx+58h]	EBX=00000020                            	
00000220	.text:loc_401AA4        	movsx   ebx, byte ptr [esp+ecx+58h]	EBX=00000021                            	
00000220	.text:loc_401AA4        	movsx   ebx, byte ptr [esp+ecx+58h]	EBX=00000022                            	
00000220	.text:loc_401AA4        	movsx   ebx, byte ptr [esp+ecx+58h]	EBX=00000023                            	
00000220	.text:loc_401AA4        	movsx   ebx, byte ptr [esp+ecx+58h]	EBX=00000024                            	
00000220	.text:loc_401AA4        	movsx   ebx, byte ptr [esp+ecx+58h]	EBX=00000025                            	
00000220	.text:loc_401AA4        	movsx   ebx, byte ptr [esp+ecx+58h]	EBX=00000026                            	
00000220	.text:loc_401AA4        	movsx   ebx, byte ptr [esp+ecx+58h]	EBX=00000027                            	
00000220	.text:loc_401AA4        	movsx   ebx, byte ptr [esp+ecx+58h]	EBX=00000028                            	
00000220	.text:loc_401AD0        	sub     dword ptr [esp], 0Ch    	CF=0                                    	
00000220	.text:loc_401AD0        	sub     dword ptr [esp], 0Ch    	CF=0 AF=1                               	
00000220	.text:loc_401AD0        	sub     dword ptr [esp], 0Ch    	CF=0 PF=1                               	
00000220	.text:loc_401AD0        	sub     dword ptr [esp], 0Ch    	CF=0 PF=1 AF=1                          	
00000220	.text:loc_401AF4        	mov     dword ptr [esp-10h], 881C8C8Ah	                                        	
00000220	.text:loc_401B09        	push    offset loc_401B14       	ESP=0012FE00                            	
00000220	.text:loc_401B09        	push    offset loc_401B14       	ESP=0012FE04                            	
00000220	.text:loc_401B09        	push    offset loc_401B14       	ESP=0012FE08                            	
00000220	.text:loc_401B09        	push    offset loc_401B14       	ESP=0012FE0C                            	
00000220	.text:loc_401B09        	push    offset loc_401B14       	ESP=0012FE10                            	
00000220	.text:loc_401B09        	push    offset loc_401B14       	ESP=0012FE14                            	
00000220	.text:loc_401B09        	push    offset loc_401B14       	ESP=0012FE18                            	
00000220	.text:loc_401B09        	push    offset loc_401B14       	ESP=0012FE1C                            	
00000220	.text:loc_401B09        	push    offset loc_401B14       	ESP=0012FE20                            	
00000220	.text:loc_401B09        	push    offset loc_401B14       	ESP=0012FE24                            	
00000220	.text:loc_401B09        	push    offset loc_401B14       	ESP=0012FE28                            	
00000220	.text:loc_401B09        	push    offset loc_401B14       	ESP=0012FE2C                            	
00000220	.text:loc_401B09        	push    offset loc_401B14       	ESP=0012FE30                            	
00000220	.text:loc_401B09        	push    offset loc_401B14       	ESP=0012FE34                            	
00000220	.text:loc_401B09        	push    offset loc_401B14       	ESP=0012FE38                            	
00000220	.text:loc_401B09        	push    offset loc_401B14       	ESP=0012FE3C                            	
00000220	.text:loc_401B09        	push    offset loc_401B14       	ESP=0012FE40                            	
00000220	.text:loc_401B09        	push    offset loc_401B14       	ESP=0012FE44                            	
00000220	.text:loc_401B09        	push    offset loc_401B14       	ESP=0012FE48                            	
00000220	.text:loc_401B09        	push    offset loc_401B14       	ESP=0012FE4C                            	
00000220	.text:loc_401B09        	push    offset loc_401B14       	ESP=0012FE50                            	
00000220	.text:loc_401B09        	push    offset loc_401B14       	ESP=0012FE54                            	
00000220	.text:loc_401B09        	push    offset loc_401B14       	ESP=0012FE58                            	
00000220	.text:loc_401B09        	push    offset loc_401B14       	ESP=0012FE5C                            	
00000220	.text:loc_401B09        	push    offset loc_401B14       	ESP=0012FE60                            	
00000220	.text:loc_401B09        	push    offset loc_401B14       	ESP=0012FE64                            	
00000220	.text:loc_401B09        	push    offset loc_401B14       	ESP=0012FE68                            	
00000220	.text:loc_401B09        	push    offset loc_401B14       	ESP=0012FE6C                            	
00000220	.text:loc_401B09        	push    offset loc_401B14       	ESP=0012FE70                            	
00000220	.text:loc_401B09        	push    offset loc_401B14       	ESP=0012FE74                            	
00000220	.text:loc_401B09        	push    offset loc_401B14       	ESP=0012FE78                            	
00000220	.text:loc_401B09        	push    offset loc_401B14       	ESP=0012FE7C                            	
00000220	.text:loc_401B09        	push    offset loc_401B14       	ESP=0012FE80                            	
00000220	.text:loc_401B09        	push    offset loc_401B14       	ESP=0012FE84                            	
00000220	.text:loc_401B09        	push    offset loc_401B14       	ESP=0012FE88                            	
00000220	.text:loc_401B09        	push    offset loc_401B14       	ESP=0012FE8C                            	
00000220	.text:loc_401B09        	push    offset loc_401B14       	ESP=0012FE90                            	
00000220	.text:loc_401B09        	push    offset loc_401B14       	ESP=0012FE94                            	
00000220	.text:loc_401B09        	push    offset loc_401B14       	ESP=0012FE98                            	
00000220	.text:loc_401B09        	push    offset loc_401B14       	ESP=0012FE9C                            	
00000220	.text:loc_401B09        	push    offset loc_401B14       	ESP=0012FEA0                            	
00000220	.text:loc_401B14        	rol     al, cl                  	CF=1                                    	
00000220	.text:loc_401B14        	rol     al, cl                  	CF=1 OF=1                               	
00000220	.text:loc_401B14        	rol     al, cl                  	EAX=004015E4                            	
00000220	.text:loc_401B14        	rol     al, cl                  	EAX=00402620                            	
00000220	.text:loc_401B14        	rol     al, cl                  	EAX=0040325D CF=1 OF=1                  	
00000220	.text:loc_401B14        	rol     al, cl                  	EAX=00403410                            	
00000220	.text:loc_401B14        	rol     al, cl                  	EAX=004039E0                            	
00000220	.text:loc_401B14        	rol     al, cl                  	EAX=004040B8 OF=1                       	
00000220	.text:loc_401B14        	rol     al, cl                  	EAX=004045C9 CF=1 OF=1                  	
00000220	.text:loc_401B14        	rol     al, cl                  	EAX=004046DD CF=1 OF=1                  	
00000220	.text:loc_401B14        	rol     al, cl                  	EAX=00404A50                            	
00000220	.text:loc_401B14        	rol     al, cl                  	EAX=00404CD3 CF=1 OF=1                  	
00000220	.text:loc_401B14        	rol     al, cl                  	EAX=00406053 CF=1 OF=1                  	
00000220	.text:loc_401B14        	rol     al, cl                  	EAX=004064C2                            	
00000220	.text:loc_401B14        	rol     al, cl                  	EAX=00406580                            	
00000220	.text:loc_401B14        	rol     al, cl                  	EAX=004065D2 OF=1                       	
00000220	.text:loc_401B14        	rol     al, cl                  	EAX=0040748E OF=1                       	
00000220	.text:loc_401B14        	rol     al, cl                  	EAX=00408CB8                            	
00000220	.text:loc_401B14        	rol     al, cl                  	EAX=00408EC3 CF=1                       	
00000220	.text:loc_401B14        	rol     al, cl                  	EAX=00408EED CF=1 OF=1                  	
00000220	.text:loc_401B14        	rol     al, cl                  	EAX=004096E1 CF=1                       	
00000220	.text:loc_401B14        	rol     al, cl                  	EAX=00409FBC                            	
00000220	.text:loc_401B14        	rol     al, cl                  	EAX=0040A884 OF=1                       	
00000220	.text:loc_401B14        	rol     al, cl                  	EAX=0040B20E OF=1                       	
00000220	.text:loc_401B14        	rol     al, cl                  	EAX=0040B563 CF=1 OF=1                  	
00000220	.text:loc_401B14        	rol     al, cl                  	EAX=0040BD4C OF=1                       	
00000220	.text:loc_401B14        	rol     al, cl                  	EAX=0040C4E1 CF=1                       	
00000220	.text:loc_401B14        	rol     al, cl                  	EAX=0040C95A OF=1                       	
00000220	.text:loc_401B14        	rol     al, cl                  	EAX=0040E248 OF=1                       	
00000220	.text:loc_401B14        	rol     al, cl                  	EAX=0040E301 CF=1 OF=1                  	
00000220	.text:loc_401B14        	rol     al, cl                  	EAX=0040E65B CF=1                       	
00000220	.text:loc_401B14        	rol     al, cl                  	EAX=0040EB67 CF=1                       	
00000220	.text:loc_401B14        	rol     al, cl                  	EAX=0040EB96                            	
00000220	.text:loc_401B14        	rol     al, cl                  	EAX=0040EF36                            	
00000220	.text:loc_401B14        	rol     al, cl                  	EAX=0040EFFB CF=1                       	
00000220	.text:loc_401B14        	rol     al, cl                  	EAX=0040F185 CF=1                       	
00000220	.text:loc_401B14        	rol     al, cl                  	EAX=0040F47C                            	
00000220	.text:loc_401B14        	rol     al, cl                  	EAX=0040FF59 CF=1                       	
00000220	.text:loc_401B14        	rol     al, cl                  	OF=1                                    	
00000220	.text:loc_401B20        	mov     dword ptr [esp-0Ch], 0C3D3B00Fh	                                        	
00000220	.text:loc_401B2D        	push    offset loc_401B38       	ESP=0012FE00                            	
00000220	.text:loc_401B2D        	push    offset loc_401B38       	ESP=0012FE04                            	
00000220	.text:loc_401B2D        	push    offset loc_401B38       	ESP=0012FE08                            	
00000220	.text:loc_401B2D        	push    offset loc_401B38       	ESP=0012FE0C                            	
00000220	.text:loc_401B2D        	push    offset loc_401B38       	ESP=0012FE10                            	
00000220	.text:loc_401B2D        	push    offset loc_401B38       	ESP=0012FE14                            	
00000220	.text:loc_401B2D        	push    offset loc_401B38       	ESP=0012FE18                            	
00000220	.text:loc_401B2D        	push    offset loc_401B38       	ESP=0012FE1C                            	
00000220	.text:loc_401B2D        	push    offset loc_401B38       	ESP=0012FE20                            	
00000220	.text:loc_401B2D        	push    offset loc_401B38       	ESP=0012FE24                            	
00000220	.text:loc_401B2D        	push    offset loc_401B38       	ESP=0012FE28                            	
00000220	.text:loc_401B2D        	push    offset loc_401B38       	ESP=0012FE2C                            	
00000220	.text:loc_401B2D        	push    offset loc_401B38       	ESP=0012FE30                            	
00000220	.text:loc_401B2D        	push    offset loc_401B38       	ESP=0012FE34                            	
00000220	.text:loc_401B2D        	push    offset loc_401B38       	ESP=0012FE38                            	
00000220	.text:loc_401B2D        	push    offset loc_401B38       	ESP=0012FE3C                            	
00000220	.text:loc_401B2D        	push    offset loc_401B38       	ESP=0012FE40                            	
00000220	.text:loc_401B2D        	push    offset loc_401B38       	ESP=0012FE44                            	
00000220	.text:loc_401B2D        	push    offset loc_401B38       	ESP=0012FE48                            	
00000220	.text:loc_401B2D        	push    offset loc_401B38       	ESP=0012FE4C                            	
00000220	.text:loc_401B2D        	push    offset loc_401B38       	ESP=0012FE50                            	
00000220	.text:loc_401B2D        	push    offset loc_401B38       	ESP=0012FE54                            	
00000220	.text:loc_401B2D        	push    offset loc_401B38       	ESP=0012FE58                            	
00000220	.text:loc_401B2D        	push    offset loc_401B38       	ESP=0012FE5C                            	
00000220	.text:loc_401B2D        	push    offset loc_401B38       	ESP=0012FE60                            	
00000220	.text:loc_401B2D        	push    offset loc_401B38       	ESP=0012FE64                            	
00000220	.text:loc_401B2D        	push    offset loc_401B38       	ESP=0012FE68                            	
00000220	.text:loc_401B2D        	push    offset loc_401B38       	ESP=0012FE6C                            	
00000220	.text:loc_401B2D        	push    offset loc_401B38       	ESP=0012FE70                            	
00000220	.text:loc_401B2D        	push    offset loc_401B38       	ESP=0012FE74                            	
00000220	.text:loc_401B2D        	push    offset loc_401B38       	ESP=0012FE78                            	
00000220	.text:loc_401B2D        	push    offset loc_401B38       	ESP=0012FE7C                            	
00000220	.text:loc_401B2D        	push    offset loc_401B38       	ESP=0012FE80                            	
00000220	.text:loc_401B2D        	push    offset loc_401B38       	ESP=0012FE84                            	
00000220	.text:loc_401B2D        	push    offset loc_401B38       	ESP=0012FE88                            	
00000220	.text:loc_401B2D        	push    offset loc_401B38       	ESP=0012FE8C                            	
00000220	.text:loc_401B2D        	push    offset loc_401B38       	ESP=0012FE90                            	
00000220	.text:loc_401B2D        	push    offset loc_401B38       	ESP=0012FE94                            	
00000220	.text:loc_401B2D        	push    offset loc_401B38       	ESP=0012FE98                            	
00000220	.text:loc_401B2D        	push    offset loc_401B38       	ESP=0012FE9C                            	
00000220	.text:loc_401B2D        	push    offset loc_401B38       	ESP=0012FEA0                            	
00000220	.text:loc_401B38        	jz      short loc_401B3D        	                                        	
00000220	.text:loc_401B3D        	cmovnz  esi, edx                	                                        	
00000220	.text:loc_401B3D        	cmovnz  esi, edx                	ESI=00000001                            	
00000220	.text:loc_401B46        	mov     ah, al                  	EAX=00400101                            	
00000220	.text:loc_401B46        	mov     ah, al                  	EAX=00400606                            	
00000220	.text:loc_401B46        	mov     ah, al                  	EAX=00400E0E                            	
00000220	.text:loc_401B46        	mov     ah, al                  	EAX=00401616                            	
00000220	.text:loc_401B46        	mov     ah, al                  	EAX=00401919                            	
00000220	.text:loc_401B46        	mov     ah, al                  	EAX=00402727                            	
00000220	.text:loc_401B46        	mov     ah, al                  	EAX=00402E2E                            	
00000220	.text:loc_401B46        	mov     ah, al                  	EAX=00403030                            	
00000220	.text:loc_401B46        	mov     ah, al                  	EAX=00404242                            	
00000220	.text:loc_401B46        	mov     ah, al                  	EAX=00404848                            	
00000220	.text:loc_401B46        	mov     ah, al                  	EAX=00404E4E                            	
00000220	.text:loc_401B46        	mov     ah, al                  	EAX=00405050                            	
00000220	.text:loc_401B46        	mov     ah, al                  	EAX=00405353                            	
00000220	.text:loc_401B46        	mov     ah, al                  	EAX=00405555                            	
00000220	.text:loc_401B46        	mov     ah, al                  	EAX=00405656                            	
00000220	.text:loc_401B46        	mov     ah, al                  	EAX=00405A5A                            	
00000220	.text:loc_401B46        	mov     ah, al                  	EAX=00405D5D                            	
00000220	.text:loc_401B46        	mov     ah, al                  	EAX=00406666                            	
00000220	.text:loc_401B46        	mov     ah, al                  	EAX=00406B6B                            	
00000220	.text:loc_401B46        	mov     ah, al                  	EAX=00407777                            	
00000220	.text:loc_401B46        	mov     ah, al                  	EAX=00408080                            	
00000220	.text:loc_401B46        	mov     ah, al                  	EAX=00408E8E                            	
00000220	.text:loc_401B46        	mov     ah, al                  	EAX=00409A9A                            	
00000220	.text:loc_401B46        	mov     ah, al                  	EAX=0040B8B8                            	
00000220	.text:loc_401B46        	mov     ah, al                  	EAX=0040BABA                            	
00000220	.text:loc_401B46        	mov     ah, al                  	EAX=0040BCBC                            	
00000220	.text:loc_401B46        	mov     ah, al                  	EAX=0040C2C2                            	
00000220	.text:loc_401B46        	mov     ah, al                  	EAX=0040C3C3                            	
00000220	.text:loc_401B46        	mov     ah, al                  	EAX=0040C6C6                            	
00000220	.text:loc_401B46        	mov     ah, al                  	EAX=0040CCCC                            	
00000220	.text:loc_401B46        	mov     ah, al                  	EAX=0040D2D2                            	
00000220	.text:loc_401B46        	mov     ah, al                  	EAX=0040DCDC                            	
00000220	.text:loc_401B46        	mov     ah, al                  	EAX=0040E1E1                            	
00000220	.text:loc_401B46        	mov     ah, al                  	EAX=0040EBEB                            	
00000220	.text:loc_401B46        	mov     ah, al                  	EAX=0040F0F0                            	
00000220	.text:loc_401B46        	mov     ah, al                  	EAX=0040F2F2                            	
00000220	.text:loc_401B46        	mov     ah, al                  	EAX=0040F4F4                            	
00000220	.text:loc_401B46        	mov     ah, al                  	EAX=0040F9F9                            	
00000220	.text:loc_401B4F        	mov     dword ptr [esp-0Ch], 0C3D3B00Fh	                                        	
00000220	.text:loc_401B74        	mov     eax, ebx                	                                        	
00000220	.text:loc_401B7B        	inc     dword ptr [ebp-14h]     	                                        	
00000220	.text:loc_401B7B        	inc     dword ptr [ebp-14h]     	AF=1                                    	
00000220	.text:loc_401B7B        	inc     dword ptr [ebp-14h]     	PF=0 AF=1 ZF=0                          	
00000220	.text:loc_401B7B        	inc     dword ptr [ebp-14h]     	PF=0 ZF=0                               	
00000220	.text:loc_401B7B        	inc     dword ptr [ebp-14h]     	PF=1                                    	
00000220	.text:loc_401B7B        	inc     dword ptr [ebp-14h]     	ZF=0                                    	
00000220	.text:loc_401B87        	mov     dword ptr [esp-10h], 301D8B64h	                                        	
00000220	.text:loc_401B8F        	mov     dword ptr [esp-0Ch], 0C3000000h	                                        	
00000220	.text:loc_401BA2        	mov     ecx, 0Dh                	ECX=0000000D                            	
00000220	.text:loc_401BAD        	mov     bl, [ebx+ecx]           	EBX=7FFDC070                            	
00000220	.text:loc_401BBD        	cmp     ebx, 7                  	PF=1 ZF=1                               	
00000220	.text:loc_401C08        	mov     ebx, [esp+0Ch]          	EBX=0012FFB8                            	
00000220	.text:loc_401C17        	pop     ebx                     	EBX=00001BE4 ESP=0012FF8C               	
00000220	.text:loc_401C3C        	jnz     short loc_401C3F        	                                        	
00000220	.text:loc_401C3F        	mov     dword ptr [esp+10h], offset aYouAreFailure; \"You are failure\\r\\n\"	                                        	
00000220	.text:locret_401758     	retn    4                       	ESP=0012FEE4                            	
00000220	.text:locret_401758     	retn    4                       	ESP=0012FEE8                            	
00000220	.text:locret_401758     	retn    4                       	ESP=0012FEEC                            	
00000220	.text:locret_401758     	retn    4                       	ESP=0012FEF0                            	
00000220	.text:locret_401758     	retn    4                       	ESP=0012FEF4                            	
00000220	.text:locret_401758     	retn    4                       	ESP=0012FEF8                            	
00000220	.text:locret_401758     	retn    4                       	ESP=0012FEFC                            	
00000220	.text:locret_401758     	retn    4                       	ESP=0012FF00                            	
00000220	.text:locret_401758     	retn    4                       	ESP=0012FF04                            	
00000220	.text:locret_401758     	retn    4                       	ESP=0012FF08                            	
00000220	.text:locret_401758     	retn    4                       	ESP=0012FF0C                            	
00000220	.text:locret_401758     	retn    4                       	ESP=0012FF10                            	
00000220	.text:locret_401758     	retn    4                       	ESP=0012FF14                            	
00000220	.text:locret_401758     	retn    4                       	ESP=0012FF18                            	
00000220	.text:locret_401758     	retn    4                       	ESP=0012FF1C                            	
00000220	.text:locret_401758     	retn    4                       	ESP=0012FF20                            	
00000220	.text:locret_401758     	retn    4                       	ESP=0012FF24                            	
00000220	.text:locret_401758     	retn    4                       	ESP=0012FF28                            	
00000220	.text:locret_401758     	retn    4                       	ESP=0012FF2C                            	
00000220	.text:locret_401758     	retn    4                       	ESP=0012FF30                            	
00000220	.text:locret_401758     	retn    4                       	ESP=0012FF34                            	
00000220	.text:locret_401758     	retn    4                       	ESP=0012FF38                            	
00000220	.text:locret_401758     	retn    4                       	ESP=0012FF3C                            	
00000220	.text:locret_401758     	retn    4                       	ESP=0012FF40                            	
00000220	.text:locret_401758     	retn    4                       	ESP=0012FF44                            	
00000220	.text:locret_401758     	retn    4                       	ESP=0012FF48                            	
00000220	.text:locret_401758     	retn    4                       	ESP=0012FF4C                            	
00000220	.text:locret_401758     	retn    4                       	ESP=0012FF50                            	
00000220	.text:locret_401758     	retn    4                       	ESP=0012FF54                            	
00000220	.text:locret_401758     	retn    4                       	ESP=0012FF58                            	
00000220	.text:locret_401758     	retn    4                       	ESP=0012FF5C                            	
00000220	.text:locret_401758     	retn    4                       	ESP=0012FF60                            	
00000220	.text:locret_401758     	retn    4                       	ESP=0012FF64                            	
00000220	.text:locret_401758     	retn    4                       	ESP=0012FF68                            	
00000220	.text:locret_401758     	retn    4                       	ESP=0012FF6C                            	
00000220	.text:locret_401758     	retn    4                       	ESP=0012FF70                            	
00000220	.text:locret_401758     	retn    4                       	ESP=0012FF74                            	
00000220	.text:locret_401758     	retn    4                       	ESP=0012FF78                            	
00000220	.text:locret_401758     	retn    4                       	ESP=0012FF7C                            	
00000220	.text:locret_401758     	retn    4                       	ESP=0012FF80                            	
00000220	.text:locret_401758     	retn    4                       	ESP=0012FF84                            	
00000220	.text:locret_401BCD     	retn                            	ESP=0012FEE8                            	
00000220	.text:locret_401BCD     	retn                            	ESP=0012FEEC                            	
00000220	.text:locret_401BCD     	retn                            	ESP=0012FEF0                            	
00000220	.text:locret_401BCD     	retn                            	ESP=0012FEF4                            	
00000220	.text:locret_401BCD     	retn                            	ESP=0012FEF8                            	
00000220	.text:locret_401BCD     	retn                            	ESP=0012FEFC                            	
00000220	.text:locret_401BCD     	retn                            	ESP=0012FF00                            	
00000220	.text:locret_401BCD     	retn                            	ESP=0012FF04                            	
00000220	.text:locret_401BCD     	retn                            	ESP=0012FF08                            	
00000220	.text:locret_401BCD     	retn                            	ESP=0012FF0C                            	
00000220	.text:locret_401BCD     	retn                            	ESP=0012FF10                            	
00000220	.text:locret_401BCD     	retn                            	ESP=0012FF14                            	
00000220	.text:locret_401BCD     	retn                            	ESP=0012FF18                            	
00000220	.text:locret_401BCD     	retn                            	ESP=0012FF1C                            	
00000220	.text:locret_401BCD     	retn                            	ESP=0012FF20                            	
00000220	.text:locret_401BCD     	retn                            	ESP=0012FF24                            	
00000220	.text:locret_401BCD     	retn                            	ESP=0012FF28                            	
00000220	.text:locret_401BCD     	retn                            	ESP=0012FF2C                            	
00000220	.text:locret_401BCD     	retn                            	ESP=0012FF30                            	
00000220	.text:locret_401BCD     	retn                            	ESP=0012FF34                            	
00000220	.text:locret_401BCD     	retn                            	ESP=0012FF38                            	
00000220	.text:locret_401BCD     	retn                            	ESP=0012FF3C                            	
00000220	.text:locret_401BCD     	retn                            	ESP=0012FF40                            	
00000220	.text:locret_401BCD     	retn                            	ESP=0012FF44                            	
00000220	.text:locret_401BCD     	retn                            	ESP=0012FF48                            	
00000220	.text:locret_401BCD     	retn                            	ESP=0012FF4C                            	
00000220	.text:locret_401BCD     	retn                            	ESP=0012FF50                            	
00000220	.text:locret_401BCD     	retn                            	ESP=0012FF54                            	
00000220	.text:locret_401BCD     	retn                            	ESP=0012FF58                            	
00000220	.text:locret_401BCD     	retn                            	ESP=0012FF5C                            	
00000220	.text:locret_401BCD     	retn                            	ESP=0012FF60                            	
00000220	.text:locret_401BCD     	retn                            	ESP=0012FF64                            	
00000220	.text:locret_401BCD     	retn                            	ESP=0012FF68                            	
00000220	.text:locret_401BCD     	retn                            	ESP=0012FF6C                            	
00000220	.text:locret_401BCD     	retn                            	ESP=0012FF70                            	
00000220	.text:locret_401BCD     	retn                            	ESP=0012FF74                            	
00000220	.text:locret_401BCD     	retn                            	ESP=0012FF78                            	
00000220	.text:locret_401BCD     	retn                            	ESP=0012FF7C                            	
00000220	.text:locret_401BCD     	retn                            	ESP=0012FF80                            	
00000220	.text:locret_401BCD     	retn                            	ESP=0012FF84                            	
00000220	.text:locret_401BCD     	retn                            	ESP=0012FF88                            	
00000220	.text:locret_401C47     	retn                            	ESP=0012FF8C                            	
00000220	.text:unk_401732        	mov     esp, ebp                	ESP=0012FFC0                            	
00000220	.text:unk_4017C4        	jmp     short loc_4017CC        	                                        	
00000220	.text:unk_40191A        	mov     dword ptr [ebx+58h], 1A170612h	                                        	
00000220	.text:unk_40195E        	mov     dword ptr [ebx+40h], 278E0EC3h	                                        	
00000220	.text:unk_401989        	mov     dword ptr [ebx+38h], 0EBE101DCh	                                        	
00000220	.text:unk_401A12        	mov     dword ptr [ebx+1Ch], 0E73C8AB0h	                                        	
00000220	.text:unk_401A1D        	mov     dword ptr [ebx+0Ch], 43586CD8h	                                        	
00000220	.text:unk_401A29        	mov     dword ptr [ebx+8], 9F2F8AC1h	                                        	
00000220	.text:unk_401A33        	mov     dword ptr [ebx+4], 584EF20Ah	                                        	
00000220	.text:unk_401A3C        	jmp     short loc_401A43        	                                        	
00000220	Stack[000007B0]:0012FDF4	mov     cl, [esp+ebx+1C8C8A88h] 	EAX=00404631                            	
00000220	Stack[000007B0]:0012FDF4	mov     cl, [esp+ebx+1C8C8A88h] 	ECX=00000056                            	
00000220	Stack[000007B0]:0012FDF8	mov     cl, [esp+ebx+1C8C8A88h] 	EAX=00000000 AF=0                       	
00000220	Stack[000007B0]:0012FDF8	mov     cl, [esp+ebx+1C8C8A88h] 	EAX=00401532                            	
00000220	Stack[000007B0]:0012FDF8	mov     cl, [esp+ebx+1C8C8A88h] 	EAX=00404677 CF=0 PF=1                  	
00000220	Stack[000007B0]:0012FDF8	mov     cl, [esp+ebx+1C8C8A88h] 	EAX=004046C3 CF=0 AF=0 OF=0             	
00000220	Stack[000007B0]:0012FDF8	mov     cl, [esp+ebx+1C8C8A88h] 	ECX=000000F5                            	
00000220	Stack[000007B0]:0012FDFA	sbb     al, 88h                 	ESP=0012FE04                            	
00000220	Stack[000007B0]:0012FDFB	mov     [edx-7577E374h], cl     	ESP=0012FE04                            	
00000220	Stack[000007B0]:0012FDFC	mov     cl, [esp+ebx+1C8C8A88h] 	EAX=00000000 PF=0 AF=0                  	
00000220	Stack[000007B0]:0012FDFC	mov     cl, [esp+ebx+1C8C8A88h] 	EAX=00401527 CF=0                       	
00000220	Stack[000007B0]:0012FDFC	mov     cl, [esp+ebx+1C8C8A88h] 	EAX=004015CC PF=1                       	
00000220	Stack[000007B0]:0012FDFC	mov     cl, [esp+ebx+1C8C8A88h] 	EAX=0040F433                            	
00000220	Stack[000007B0]:0012FDFC	mov     cl, [esp+ebx+1C8C8A88h] 	ECX=000000AC                            	
00000220	Stack[000007B0]:0012FDFE	sbb     al, 88h                 	ESP=0012FE08                            	
00000220	Stack[000007B0]:0012FDFF	mov     [edx-7577E374h], cl     	ESP=0012FE08                            	
00000220	Stack[000007B0]:0012FE00	mov     cl, [esp+ebx+1C8C8A88h] 	EAX=00000000 PF=0                       	
00000220	Stack[000007B0]:0012FE00	mov     cl, [esp+ebx+1C8C8A88h] 	EAX=0040BD34                            	
00000220	Stack[000007B0]:0012FE00	mov     cl, [esp+ebx+1C8C8A88h] 	EAX=0040F4BA CF=1 PF=0 AF=0 SF=1 OF=1   	
00000220	Stack[000007B0]:0012FE00	mov     cl, [esp+ebx+1C8C8A88h] 	EAX=0040F4C7 CF=0 PF=0 AF=0 SF=1        	
00000220	Stack[000007B0]:0012FE00	mov     cl, [esp+ebx+1C8C8A88h] 	ECX=0000001B                            	
00000220	Stack[000007B0]:0012FE02	sbb     al, 88h                 	ESP=0012FE0C                            	
00000220	Stack[000007B0]:0012FE03	mov     [edx-7577E374h], cl     	ESP=0012FE0C                            	
00000220	Stack[000007B0]:0012FE04	mov     cl, [esp+ebx+1C8C8A88h] 	EAX=00000000                            	
00000220	Stack[000007B0]:0012FE04	mov     cl, [esp+ebx+1C8C8A88h] 	EAX=0040BD4E CF=1 PF=0 AF=1 SF=1 OF=0   	
00000220	Stack[000007B0]:0012FE04	mov     cl, [esp+ebx+1C8C8A88h] 	EAX=0040BD89 CF=0 AF=0 SF=1             	
00000220	Stack[000007B0]:0012FE04	mov     cl, [esp+ebx+1C8C8A88h] 	EAX=0040FF35                            	
00000220	Stack[000007B0]:0012FE04	mov     cl, [esp+ebx+1C8C8A88h] 	ECX=000000B5                            	
00000220	Stack[000007B0]:0012FE06	sbb     al, 88h                 	ESP=0012FE10                            	
00000220	Stack[000007B0]:0012FE07	mov     [edx-7577E374h], cl     	ESP=0012FE10                            	
00000220	Stack[000007B0]:0012FE08	mov     cl, [esp+ebx+1C8C8A88h] 	EAX=00000000 AF=0                       	
00000220	Stack[000007B0]:0012FE08	mov     cl, [esp+ebx+1C8C8A88h] 	EAX=00404C36                            	
00000220	Stack[000007B0]:0012FE08	mov     cl, [esp+ebx+1C8C8A88h] 	EAX=0040FFCA CF=0 PF=1 SF=1             	
00000220	Stack[000007B0]:0012FE08	mov     cl, [esp+ebx+1C8C8A88h] 	EAX=0040FFF2 AF=0                       	
00000220	Stack[000007B0]:0012FE08	mov     cl, [esp+ebx+1C8C8A88h] 	ECX=00000093                            	
00000220	Stack[000007B0]:0012FE0A	sbb     al, 88h                 	ESP=0012FE14                            	
00000220	Stack[000007B0]:0012FE0B	mov     [edx-7577E374h], cl     	ESP=0012FE14                            	
00000220	Stack[000007B0]:0012FE0C	mov     cl, [esp+ebx+1C8C8A88h] 	EAX=00000000 PF=0 AF=0                  	
00000220	Stack[000007B0]:0012FE0C	mov     cl, [esp+ebx+1C8C8A88h] 	EAX=00404C7A CF=0 PF=0                  	
00000220	Stack[000007B0]:0012FE0C	mov     cl, [esp+ebx+1C8C8A88h] 	EAX=00404CEB PF=1 SF=1 OF=0             	
00000220	Stack[000007B0]:0012FE0C	mov     cl, [esp+ebx+1C8C8A88h] 	EAX=0040EF37                            	
00000220	Stack[000007B0]:0012FE0C	mov     cl, [esp+ebx+1C8C8A88h] 	ECX=0000007E                            	
00000220	Stack[000007B0]:0012FE0E	sbb     al, 88h                 	ESP=0012FE18                            	
00000220	Stack[000007B0]:0012FE0F	mov     [edx-7577E374h], cl     	ESP=0012FE18                            	
00000220	Stack[000007B0]:0012FE10	mov     cl, [esp+ebx+1C8C8A88h] 	EAX=00000000                            	
00000220	Stack[000007B0]:0012FE10	mov     cl, [esp+ebx+1C8C8A88h] 	EAX=00404638                            	
00000220	Stack[000007B0]:0012FE10	mov     cl, [esp+ebx+1C8C8A88h] 	EAX=0040EF27                            	
00000220	Stack[000007B0]:0012FE10	mov     cl, [esp+ebx+1C8C8A88h] 	EAX=0040EFD8 CF=0 PF=1 AF=0 SF=1        	
00000220	Stack[000007B0]:0012FE10	mov     cl, [esp+ebx+1C8C8A88h] 	ECX=000000B8                            	
00000220	Stack[000007B0]:0012FE12	sbb     al, 88h                 	ESP=0012FE1C                            	
00000220	Stack[000007B0]:0012FE13	mov     [edx-7577E374h], cl     	ESP=0012FE1C                            	
00000220	Stack[000007B0]:0012FE14	mov     cl, [esp+ebx+1C8C8A88h] 	EAX=00000000 PF=0                       	
00000220	Stack[000007B0]:0012FE14	mov     cl, [esp+ebx+1C8C8A88h] 	EAX=00404619 PF=1 OF=0                  	
00000220	Stack[000007B0]:0012FE14	mov     cl, [esp+ebx+1C8C8A88h] 	EAX=0040467E CF=0 AF=0                  	
00000220	Stack[000007B0]:0012FE14	mov     cl, [esp+ebx+1C8C8A88h] 	EAX=0040EB39                            	
00000220	Stack[000007B0]:0012FE14	mov     cl, [esp+ebx+1C8C8A88h] 	ECX=00000023                            	
00000220	Stack[000007B0]:0012FE16	sbb     al, 88h                 	ESP=0012FE20                            	
00000220	Stack[000007B0]:0012FE17	mov     [edx-7577E374h], cl     	ESP=0012FE20                            	
00000220	Stack[000007B0]:0012FE18	mov     cl, [esp+ebx+1C8C8A88h] 	EAX=00000000 PF=0 AF=0                  	
00000220	Stack[000007B0]:0012FE18	mov     cl, [esp+ebx+1C8C8A88h] 	EAX=0040E630                            	
00000220	Stack[000007B0]:0012FE18	mov     cl, [esp+ebx+1C8C8A88h] 	EAX=0040EBC6 CF=1 PF=0 AF=0 SF=1        	
00000220	Stack[000007B0]:0012FE18	mov     cl, [esp+ebx+1C8C8A88h] 	EAX=0040EBD2 CF=0 SF=1                  	
00000220	Stack[000007B0]:0012FE18	mov     cl, [esp+ebx+1C8C8A88h] 	ECX=000000DA                            	
00000220	Stack[000007B0]:0012FE1A	sbb     al, 88h                 	ESP=0012FE24                            	
00000220	Stack[000007B0]:0012FE1B	mov     [edx-7577E374h], cl     	ESP=0012FE24                            	
00000220	Stack[000007B0]:0012FE1C	mov     cl, [esp+ebx+1C8C8A88h] 	                                        	
00000220	Stack[000007B0]:0012FE1C	mov     cl, [esp+ebx+1C8C8A88h] 	EAX=00000000 AF=0                       	
00000220	Stack[000007B0]:0012FE1C	mov     cl, [esp+ebx+1C8C8A88h] 	EAX=0040B231                            	
00000220	Stack[000007B0]:0012FE1C	mov     cl, [esp+ebx+1C8C8A88h] 	EAX=0040E642 CF=0 PF=0 AF=0             	
00000220	Stack[000007B0]:0012FE1C	mov     cl, [esp+ebx+1C8C8A88h] 	EAX=0040E6D6 CF=0 SF=1                  	
00000220	Stack[000007B0]:0012FE1E	sbb     al, 88h                 	ESP=0012FE28                            	
00000220	Stack[000007B0]:0012FE1F	mov     [edx+0F881C8Ch], cl     	ESP=0012FE28                            	
00000220	Stack[000007B0]:0012FE20	mov     cl, [esp+ebx-2C4FF078h] 	EAX=00000000                            	
00000220	Stack[000007B0]:0012FE20	mov     cl, [esp+ebx-2C4FF078h] 	EAX=0040B206 AF=0 OF=0                  	
00000220	Stack[000007B0]:0012FE20	mov     cl, [esp+ebx-2C4FF078h] 	EAX=0040B283 CF=0 AF=0 SF=1             	
00000220	Stack[000007B0]:0012FE20	mov     cl, [esp+ebx-2C4FF078h] 	EAX=0040EB32                            	
00000220	Stack[000007B0]:0012FE20	mov     cl, [esp+ebx-2C4FF078h] 	ECX=000000F2                            	
00000220	Stack[000007B0]:0012FE22	sbb     al, 88h                 	ESP=0012FE2C                            	
00000220	Stack[000007B0]:0012FE23	mov     [edi], cl               	ESP=0012FE2C                            	
00000220	Stack[000007B0]:0012FE24	cmpxchg bl, dl                  	EAX=00000000 PF=0                       	
00000220	Stack[000007B0]:0012FE24	cmpxchg bl, dl                  	EAX=0040EB16 CF=0                       	
00000220	Stack[000007B0]:0012FE24	cmpxchg bl, dl                  	EAX=0040EBD9 CF=0 PF=0 AF=0 SF=1        	
00000220	Stack[000007B0]:0012FE24	cmpxchg bl, dl                  	EAX=0040F133                            	
00000220	Stack[000007B0]:0012FE24	cmpxchg bl, dl                  	ECX=00000001                            	
00000220	Stack[000007B0]:0012FE26	rol     ebx, cl                 	ESP=0012FE30                            	
00000220	Stack[000007B0]:0012FE27	retn                            	ESP=0012FE30                            	
00000220	Stack[000007B0]:0012FE28	and     al, 0FEh                	EAX=00000000 PF=0 AF=0                  	
00000220	Stack[000007B0]:0012FE28	and     al, 0FEh                	EAX=0040C434                            	
00000220	Stack[000007B0]:0012FE28	and     al, 0FEh                	EAX=0040F15D CF=0 OF=1                  	
00000220	Stack[000007B0]:0012FE28	and     al, 0FEh                	EAX=0040F1C2 CF=0 PF=0 SF=1             	
00000220	Stack[000007B0]:0012FE28	and     al, 0FEh                	ECX=00000061                            	
00000220	Stack[000007B0]:0012FE2A	adc     al, [eax]               	ESP=0012FE34                            	
00000220	Stack[000007B0]:0012FE2B	add     [edx+1Bh], ch           	ESP=0012FE34                            	
00000220	Stack[000007B0]:0012FE2C	push    1Bh                     	EAX=00000000 AF=0                       	
00000220	Stack[000007B0]:0012FE2C	push    1Bh                     	EAX=00403435                            	
00000220	Stack[000007B0]:0012FE2C	push    1Bh                     	EAX=0040C453 CF=0 SF=1                  	
00000220	Stack[000007B0]:0012FE2C	push    1Bh                     	EAX=0040C4F0 CF=0 PF=1 SF=1             	
00000220	Stack[000007B0]:0012FE2C	push    1Bh                     	ECX=0000005C                            	
00000220	Stack[000007B0]:0012FE2E	inc     eax                     	ESP=0012FE38                            	
00000220	Stack[000007B0]:0012FE2F	add     ah, cl                  	ESP=0012FE38                            	
00000220	Stack[000007B0]:0012FE30	int     3                       	EAX=00000000 PF=0                       	
00000220	Stack[000007B0]:0012FE30	int     3                       	EAX=00403401 CF=0 PF=0 AF=0             	
00000220	Stack[000007B0]:0012FE30	int     3                       	EAX=00403455 CF=1 PF=1 SF=1             	
00000220	Stack[000007B0]:0012FE30	int     3                       	EAX=00406736                            	
00000220	Stack[000007B0]:0012FE30	int     3                       	ECX=000000C8                            	
00000220	Stack[000007B0]:0012FE32	insd                            	ESP=0012FE3C                            	
00000220	Stack[000007B0]:0012FE33	ja      short near ptr unk_12FE3F	ESP=0012FE3C                            	
00000220	Stack[000007B0]:0012FE34	or      dh, dl                  	EAX=00000000                            	
00000220	Stack[000007B0]:0012FE34	or      dh, dl                  	EAX=00403937                            	
00000220	Stack[000007B0]:0012FE34	or      dh, dl                  	EAX=0040670E CF=0 PF=0 AF=1 OF=0        	
00000220	Stack[000007B0]:0012FE34	or      dh, dl                  	EAX=00406751 CF=0 AF=0                  	
00000220	Stack[000007B0]:0012FE34	or      dh, dl                  	ECX=0000004C                            	
00000220	Stack[000007B0]:0012FE36	dec     esi                     	ESP=0012FE40                            	
00000220	Stack[000007B0]:0012FE37	pop     eax                     	ESP=0012FE40                            	
00000220	Stack[000007B0]:0012FE38	ror     dword ptr [edx+6CD89F2Fh], 58h	EAX=00000000 AF=0                       	
00000220	Stack[000007B0]:0012FE38	ror     dword ptr [edx+6CD89F2Fh], 58h	EAX=0040390E CF=0                       	
00000220	Stack[000007B0]:0012FE38	ror     dword ptr [edx+6CD89F2Fh], 58h	EAX=00403966 OF=1                       	
00000220	Stack[000007B0]:0012FE38	ror     dword ptr [edx+6CD89F2Fh], 58h	EAX=0040B538                            	
00000220	Stack[000007B0]:0012FE38	ror     dword ptr [edx+6CD89F2Fh], 58h	ECX=000000D6                            	
00000220	Stack[000007B0]:0012FE3A	das                             	ESP=0012FE44                            	
00000220	Stack[000007B0]:0012FE3B	lahf                            	ESP=0012FE44                            	
00000220	Stack[000007B0]:0012FE3C	fsubr   dword ptr [eax+ebx*2+43h]	EAX=00000000 PF=0 AF=0                  	
00000220	Stack[000007B0]:0012FE3C	fsubr   dword ptr [eax+ebx*2+43h]	EAX=00408E39                            	
00000220	Stack[000007B0]:0012FE3C	fsubr   dword ptr [eax+ebx*2+43h]	EAX=0040B58D CF=0 SF=1                  	
00000220	Stack[000007B0]:0012FE3C	fsubr   dword ptr [eax+ebx*2+43h]	EAX=0040B5F4 PF=1 OF=0                  	
00000220	Stack[000007B0]:0012FE3C	fsubr   dword ptr [eax+ebx*2+43h]	ECX=00000016                            	
00000220	Stack[000007B0]:0012FE3E	pop     eax                     	ESP=0012FE48                            	
00000220	Stack[000007B0]:0012FE40	stc                             	EAX=00000000                            	
00000220	Stack[000007B0]:0012FE40	stc                             	EAX=00408EB7 CF=0 PF=1 AF=0 SF=1        	
00000220	Stack[000007B0]:0012FE40	stc                             	EAX=00408EF9 PF=0 AF=0 SF=1 OF=0        	
00000220	Stack[000007B0]:0012FE40	stc                             	EAX=0040EF30                            	
00000220	Stack[000007B0]:0012FE40	stc                             	ECX=00000055                            	
00000220	Stack[000007B0]:0012FE42	enter   1F92h, 5Ch              	ESP=0012FE4C                            	
00000220	Stack[000007B0]:0012FE43	xchg    eax, edx                	ESP=0012FE4C                            	
00000220	Stack[000007B0]:0012FE44	pop     ds                      	EAX=00000000 PF=0                       	
00000220	Stack[000007B0]:0012FE44	pop     ds                      	EAX=00404031                            	
00000220	Stack[000007B0]:0012FE44	pop     ds                      	EAX=0040EF30 CF=0 SF=1                  	
00000220	Stack[000007B0]:0012FE44	pop     ds                      	EAX=0040EFDF CF=0 PF=0 AF=0 SF=1        	
00000220	Stack[000007B0]:0012FE44	pop     ds                      	ECX=00000067                            	
00000220	Stack[000007B0]:0012FE46	retn                            	ESP=0012FE50                            	
00000220	Stack[000007B0]:0012FE47	cwde                            	ESP=0012FE50                            	
00000220	Stack[000007B0]:0012FE48	xbegin  near ptr 8AC30225h      	EAX=00000000 PF=0 AF=0                  	
00000220	Stack[000007B0]:0012FE48	xbegin  near ptr 8AC30225h      	EAX=00401B32                            	
00000220	Stack[000007B0]:0012FE48	xbegin  near ptr 8AC30225h      	EAX=00404071 CF=0                       	
00000220	Stack[000007B0]:0012FE48	xbegin  near ptr 8AC30225h      	EAX=0040409A OF=0                       	
00000220	Stack[000007B0]:0012FE48	xbegin  near ptr 8AC30225h      	ECX=000000B8                            	
00000220	Stack[000007B0]:0012FE4A	xlat                            	ESP=0012FE54                            	
00000220	Stack[000007B0]:0012FE4B	add     esi, [eax+1FE73C8Ah]    	ESP=0012FE54                            	
00000220	Stack[000007B0]:0012FE4C	mov     al, 8Ah                 	EAX=00000000 AF=0                       	
00000220	Stack[000007B0]:0012FE4C	mov     al, 8Ah                 	EAX=00401B29 CF=0                       	
00000220	Stack[000007B0]:0012FE4C	mov     al, 8Ah                 	EAX=00401B77 AF=0 SF=1                  	
00000220	Stack[000007B0]:0012FE4C	mov     al, 8Ah                 	EAX=00407433                            	
00000220	Stack[000007B0]:0012FE4C	mov     al, 8Ah                 	ECX=000000C1                            	
00000220	Stack[000007B0]:0012FE4E	cmp     al, 0E7h                	ESP=0012FE58                            	
00000220	Stack[000007B0]:0012FE4F	out     1Fh, eax                	ESP=0012FE58                            	
00000220	Stack[000007B0]:0012FE50	pop     ds                      	EAX=00000000 PF=0                       	
00000220	Stack[000007B0]:0012FE50	pop     ds                      	EAX=00400D34                            	
00000220	Stack[000007B0]:0012FE50	pop     ds                      	EAX=00407447 CF=0 AF=0                  	
00000220	Stack[000007B0]:0012FE50	pop     ds                      	EAX=00407456 AF=0                       	
00000220	Stack[000007B0]:0012FE50	pop     ds                      	ECX=000000F8                            	
00000220	Stack[000007B0]:0012FE52	int     2                       	ESP=0012FE5C                            	
00000220	Stack[000007B0]:0012FE53	add     dl, [ebx]               	ESP=0012FE5C                            	
00000220	Stack[000007B0]:0012FE54	adc     esi, esi                	EAX=00000000                            	
00000220	Stack[000007B0]:0012FE54	adc     esi, esi                	EAX=00400D39 CF=0 PF=1 AF=0             	
00000220	Stack[000007B0]:0012FE54	adc     esi, esi                	EAX=00400D6B PF=0 AF=1 SF=1             	
00000220	Stack[000007B0]:0012FE54	adc     esi, esi                	EAX=00406035                            	
00000220	Stack[000007B0]:0012FE54	adc     esi, esi                	ECX=000000BC                            	
00000220	Stack[000007B0]:0012FE56	pop     es                      	ESP=0012FE60                            	
00000220	Stack[000007B0]:0012FE57	jnb     short near ptr unk_12FE4B	ESP=0012FE60                            	
00000220	Stack[000007B0]:0012FE58	repne xor ecx, eax              	EAX=00000000 AF=0                       	
00000220	Stack[000007B0]:0012FE58	repne xor ecx, eax              	EAX=00402636                            	
00000220	Stack[000007B0]:0012FE58	repne xor ecx, eax              	EAX=00406055 CF=0 PF=1                  	
00000220	Stack[000007B0]:0012FE58	repne xor ecx, eax              	EAX=004060F0 PF=1 AF=0 OF=0             	
00000220	Stack[000007B0]:0012FE58	repne xor ecx, eax              	ECX=00000011                            	
00000220	Stack[000007B0]:0012FE5A	enter   0FFFFBAF0h, 0C2h        	ESP=0012FE64                            	
00000220	Stack[000007B0]:0012FE5B	lock mov edx, 80B8CCC2h         	ESP=0012FE64                            	
00000220	Stack[000007B0]:0012FE5C	mov     edx, 80B8CCC2h          	EAX=00000000 PF=0 AF=0                  	
00000220	Stack[000007B0]:0012FE5C	mov     edx, 80B8CCC2h          	EAX=00402610 CF=0 PF=0                  	
00000220	Stack[000007B0]:0012FE5C	mov     edx, 80B8CCC2h          	EAX=0040268E CF=1 SF=1 OF=1             	
00000220	Stack[000007B0]:0012FE5C	mov     edx, 80B8CCC2h          	EAX=00404537                            	
00000220	Stack[000007B0]:0012FE5C	mov     edx, 80B8CCC2h          	ECX=000000FA                            	
00000220	Stack[000007B0]:0012FE5E	int     3                       	ESP=0012FE68                            	
00000220	Stack[000007B0]:0012FE5F	mov     eax, 7748F080h          	ESP=0012FE68                            	
00000220	Stack[000007B0]:0012FE60	xor     al, 48h                 	EAX=00000000 PF=0                       	
00000220	Stack[000007B0]:0012FE60	xor     al, 48h                 	EAX=00404572 CF=0 AF=0                  	
00000220	Stack[000007B0]:0012FE60	xor     al, 48h                 	EAX=004045DC SF=1 OF=0                  	
00000220	Stack[000007B0]:0012FE60	xor     al, 48h                 	EAX=0040A838                            	
00000220	Stack[000007B0]:0012FE60	xor     al, 48h                 	ECX=0000009B                            	
00000220	Stack[000007B0]:0012FE62	dec     eax                     	ESP=0012FE6C                            	
00000220	Stack[000007B0]:0012FE63	ja      short near ptr unk_12FE5E	ESP=0012FE6C                            	
00000220	Stack[000007B0]:0012FE64	stc                             	EAX=00000000                            	
00000220	Stack[000007B0]:0012FE64	stc                             	EAX=00404A40                            	
00000220	Stack[000007B0]:0012FE64	stc                             	EAX=0040A82E AF=1                       	
00000220	Stack[000007B0]:0012FE64	stc                             	EAX=0040A890 CF=0 PF=1 AF=0 SF=1        	
00000220	Stack[000007B0]:0012FE64	stc                             	ECX=0000006B                            	
00000220	Stack[000007B0]:0012FE66	push    eax                     	ESP=0012FE70                            	
00000220	Stack[000007B0]:0012FE67	push    ebp                     	ESP=0012FE70                            	
00000220	Stack[000007B0]:0012FE68	fadd    qword ptr [ecx]         	EAX=00404A0A CF=0 PF=1                  	
00000220	Stack[000007B0]:0012FE68	fadd    qword ptr [ecx]         	EAX=00409666                            	
00000220	Stack[000007B0]:0012FE68	fadd    qword ptr [ecx]         	EBX=00000001 PF=1 AF=0 ZF=1             	
00000220	Stack[000007B0]:0012FE68	fadd    qword ptr [ecx]         	EBX=01DC5501 PF=1 AF=0 ZF=1             	
00000220	Stack[000007B0]:0012FE68	fadd    qword ptr [ecx]         	ECX=000000F9                            	
00000220	Stack[000007B0]:0012FE6A	loope   near ptr unk_12FE57     	ESP=0012FE74                            	
00000220	Stack[000007B0]:0012FE6B	jmp     short near ptr unk_12FE83	ESP=0012FE74                            	
00000220	Stack[000007B0]:0012FE6C	push    ss                      	EAX=004096F0 CF=0 SF=1                  	
00000220	Stack[000007B0]:0012FE6C	push    ss                      	EAX=0040C96C                            	
00000220	Stack[000007B0]:0012FE6C	push    ss                      	EBX=00000001 AF=0 ZF=1                  	
00000220	Stack[000007B0]:0012FE6C	push    ss                      	EBX=5A16EB01 CF=0 PF=1 AF=0 ZF=1        	
00000220	Stack[000007B0]:0012FE6C	push    ss                      	ECX=000000D4                            	
00000220	Stack[000007B0]:0012FE6E	imul    eax, esi, -3Dh          	ESP=0012FE78                            	
00000220	Stack[000007B0]:0012FE6F	mov     bl, 0Eh                 	ESP=0012FE78                            	
00000220	Stack[000007B0]:0012FE70	retn                            	EAX=00406561                            	
00000220	Stack[000007B0]:0012FE70	retn                            	EAX=0040C9A5 CF=0 PF=1 AF=0 SF=1        	
00000220	Stack[000007B0]:0012FE70	retn                            	EBX=00000001 PF=1 ZF=1                  	
00000220	Stack[000007B0]:0012FE70	retn                            	EBX=C3C66B01 AF=0 ZF=1 OF=0             	
00000220	Stack[000007B0]:0012FE70	retn                            	ECX=00000075                            	
00000220	Stack[000007B0]:0012FE72	mov     fs, dword ptr [edi]     	ESP=0012FE7C                            	
00000220	Stack[000007B0]:0012FE73	daa                             	ESP=0012FE7C                            	
00000220	Stack[000007B0]:0012FE74	pop     ebp                     	EAX=00406504 CF=0 PF=0 AF=0             	
00000220	Stack[000007B0]:0012FE74	pop     ebp                     	EAX=0040E272                            	
00000220	Stack[000007B0]:0012FE74	pop     ebp                     	EBX=00000001 ZF=1                       	
00000220	Stack[000007B0]:0012FE74	pop     ebp                     	EBX=7748F001 PF=1 ZF=1                  	
00000220	Stack[000007B0]:0012FE74	pop     ebp                     	ECX=00000087                            	
00000220	Stack[000007B0]:0012FE76	hlt                             	ESP=0012FE80                            	
00000220	Stack[000007B0]:0012FE77	dec     esi                     	ESP=0012FE80                            	
00000220	Stack[000007B0]:0012FE78	push    es                      	EAX=00403265                            	
00000220	Stack[000007B0]:0012FE78	push    es                      	EAX=0040E290 CF=0 SF=1                  	
00000220	Stack[000007B0]:0012FE78	push    es                      	EBX=00000001 AF=0 ZF=1                  	
00000220	Stack[000007B0]:0012FE78	push    es                      	EBX=9AF97701 AF=0 ZF=1 OF=0             	
00000220	Stack[000007B0]:0012FE78	push    es                      	ECX=000000CA                            	
00000220	Stack[000007B0]:0012FE7A	mov     esp, 30565DF2h          	ESP=0012FE84                            	
00000220	Stack[000007B0]:0012FE7B	repne pop ebp                   	ESP=0012FE84                            	
00000220	Stack[000007B0]:0012FE7C	pop     ebp                     	EAX=00403257 CF=0                       	
00000220	Stack[000007B0]:0012FE7C	pop     ebp                     	EAX=0040602D                            	
00000220	Stack[000007B0]:0012FE7C	pop     ebp                     	EBX=00000001 PF=1 AF=0 ZF=1             	
00000220	Stack[000007B0]:0012FE7C	pop     ebp                     	EBX=4EF4C301 CF=0 AF=0 ZF=1 OF=0        	
00000220	Stack[000007B0]:0012FE7C	pop     ebp                     	ECX=000000CE                            	
00000220	Stack[000007B0]:0012FE7E	xor     [esi], ch               	ESP=0012FE88                            	
00000220	Stack[000007B0]:0012FE7F	sbb     cs:[ebx+53h], edx       	ESP=0012FE88                            	
00000220	Stack[000007B0]:0012FE80	sbb     [ebx+53h], edx          	EAX=0040604D CF=0 PF=1 AF=0             	
00000220	Stack[000007B0]:0012FE80	sbb     [ebx+53h], edx          	EAX=0040646F                            	
00000220	Stack[000007B0]:0012FE80	sbb     [ebx+53h], edx          	EBX=00000001 PF=1 ZF=1                  	
00000220	Stack[000007B0]:0012FE80	sbb     [ebx+53h], edx          	EBX=F9D26601 CF=0 PF=1 AF=0 ZF=1 OF=0   	
00000220	Stack[000007B0]:0012FE80	sbb     [ebx+53h], edx          	ECX=000000BE                            	
00000220	Stack[000007B0]:0012FE82	push    ebx                     	ESP=0012FE8C                            	
00000220	Stack[000007B0]:0012FE84	sar     cl, cl                  	EAX=0040640B CF=0 PF=0 AF=0             	
00000220	Stack[000007B0]:0012FE84	sar     cl, cl                  	EAX=00408C6E                            	
00000220	Stack[000007B0]:0012FE84	sar     cl, cl                  	EBX=00000001 ZF=1                       	
00000220	Stack[000007B0]:0012FE84	sar     cl, cl                  	EBX=80B8CC01 PF=1 ZF=1                  	
00000220	Stack[000007B0]:0012FE84	sar     cl, cl                  	ECX=0000004E                            	
00000220	Stack[000007B0]:0012FE86	add     ecx, edi                	ESP=0012FE90                            	
00000220	Stack[000007B0]:0012FE87	iret                            	ESP=0012FE90                            	
00000220	Stack[000007B0]:0012FE88	adc     al, [esi]               	EAX=0040652E                            	
00000220	Stack[000007B0]:0012FE88	adc     al, [esi]               	EAX=00408CE2 CF=0 SF=1                  	
00000220	Stack[000007B0]:0012FE88	adc     al, [esi]               	EBX=00000001 AF=0 ZF=1                  	
00000220	Stack[000007B0]:0012FE88	adc     al, [esi]               	EBX=48F08001 AF=0 ZF=1                  	
00000220	Stack[000007B0]:0012FE88	adc     al, [esi]               	ECX=0000006E                            	
00000220	Stack[000007B0]:0012FE8A	pop     ss                      	ESP=0012FE94                            	
00000220	Stack[000007B0]:0012FE8B	sbb     cl, [edx]               	ESP=0012FE94                            	
00000220	Stack[000007B0]:0012FE8C	or      cl, ds:10161E02h        	EAX=0040654B CF=0 PF=1                  	
00000220	Stack[000007B0]:0012FE8C	or      cl, ds:10161E02h        	EAX=0040E363                            	
00000220	Stack[000007B0]:0012FE8C	or      cl, ds:10161E02h        	EBX=00000001 PF=1 AF=0 ZF=1             	
00000220	Stack[000007B0]:0012FE8C	or      cl, ds:10161E02h        	EBX=CF03F901 AF=0 ZF=1 OF=0             	
00000220	Stack[000007B0]:0012FE8C	or      cl, ds:10161E02h        	ECX=000000F1                            	
00000220	Stack[000007B0]:0012FE8E	add     bl, [esi]               	ESP=0012FE98                            	
00000220	Stack[000007B0]:0012FE8F	push    ds                      	ESP=0012FE98                            	
00000220	Stack[000007B0]:0012FE90	push    ss                      	CF=0 PF=1 AF=0 ZF=1 OF=0                	
00000220	Stack[000007B0]:0012FE90	push    ss                      	EAX=00408E6F                            	
00000220	Stack[000007B0]:0012FE90	push    ss                      	EAX=0040E380 CF=0 PF=0 AF=0 SF=1        	
00000220	Stack[000007B0]:0012FE90	push    ss                      	EBX=00000001 ZF=1                       	
00000220	Stack[000007B0]:0012FE90	push    ss                      	ECX=000000B9                            	
00000220	Stack[000007B0]:0012FE92	pop     ds                      	ESP=0012FE9C                            	
00000220	Stack[000007B0]:0012FE93	or      [ebx], esp              	ESP=0012FE9C                            	
00000220	Stack[000007B0]:0012FE94	and     ecx, [edi]              	EAX=00408EE1 CF=0 PF=1 AF=0 SF=1        	
00000220	Stack[000007B0]:0012FE94	and     ecx, [edi]              	EAX=00409F6D                            	
00000220	Stack[000007B0]:0012FE94	and     ecx, [edi]              	EBX=00000001 PF=1 ZF=1                  	
00000220	Stack[000007B0]:0012FE94	and     ecx, [edi]              	EBX=278E0E01 CF=0 ZF=1                  	
00000220	Stack[000007B0]:0012FE94	and     ecx, [edi]              	ECX=0000006E                            	
00000220	Stack[000007B0]:0012FE96	adc     al, 25h                 	ESP=0012FEA0                            	
00000220	Stack[000007B0]:0012FE97	and     eax, 2119031Dh          	ESP=0012FEA0                            	
00000220	Stack[000007B0]:0012FE98	sbb     eax, 0B211903h          	EAX=00409FF2 CF=0 SF=1                  	
00000220	Stack[000007B0]:0012FE98	sbb     eax, 0B211903h          	EBX=00000001 PF=1 AF=0 ZF=1             	
00000220	Stack[000007B0]:0012FE98	sbb     eax, 0B211903h          	EBX=565DF201 PF=1 AF=0 ZF=1             	
00000220	Stack[000007B0]:0012FE9A	sbb     [ecx], esp              	ESP=0012FEA4                            	
00000220	Stack[000007B0]:0012FE9B	and     [ebx], ecx              	ESP=0012FEA4                            	
00000220	Stack[000007B0]:0012FED0	or      bl, dl                  	EBX=7FFDC000                            	
00000220	Stack[000007B0]:0012FED4	add     ecx, eax                	EBX=7FFDC000                            	
00000220	Stack[000007B0]:0012FED7	wait                            	ESP=0012FEE0                            	
00000220	Stack[000007B0]:0012FED8	mov     eax, 6E4CCE61h          	EBX=7FFDC000                            	
00000220	Stack[000007B0]:0012FEDB	dec     esp                     	ESP=0012FEE4                            	
00000220	Stack[000007B0]:0012FEDC	outsb                           	EBX=7FFDC000                            	
00000220	Stack[000007B0]:0012FEDF	or      ah, dh                  	ESP=0012FEE8                            	
00000220	Stack[000007B0]:0012FEE0	hlt                             	EBX=7FFDC000                            	
00000220	Stack[000007B0]:0012FEE3	mov     word ptr [ebp+60h], fs  	ESP=0012FEEC                            	
00000220	Stack[000007B0]:0012FEE4	pusha                           	EBX=7FFDC000                            	
00000220	Stack[000007B0]:0012FEE7	sbb     ecx, [esi+45344A40h]    	ESP=0012FEF0                            	
00000220	Stack[000007B0]:0012FEE8	mov     es, dword ptr [eax+4Ah] 	EBX=7FFDC000                            	
00000220	Stack[000007B0]:0012FEEB	xor     al, 45h                 	ESP=0012FEF4                            	
00000220	Stack[000007B0]:0012FEEC	inc     ebp                     	EBX=7FFDC000                            	
00000220	Stack[000007B0]:0012FEEF	dec     esp                     	ESP=0012FEF8                            	
00000220	Stack[000007B0]:0012FEF0	jmp     short near ptr unk_12FEBB	EBX=7FFDC000                            	
00000220	Stack[000007B0]:0012FEF3	jmp     short near ptr unk_12FE83	ESP=0012FEFC                            	
00000220	Stack[000007B0]:0012FEF4	mov     fs, dword ptr [edi+26h] 	EBX=7FFDC000                            	
00000220	Stack[000007B0]:0012FEF7	out     dx, eax                 	ESP=0012FF00                            	
00000220	Stack[000007B0]:0012FEF8	xor     al, [esi-4Bh]           	EBX=7FFDC000                            	
00000220	Stack[000007B0]:0012FEFB	mov     ebp, 301D8B64h          	ESP=0012FF04                            	
00000220	Stack[000007B0]:0012FEFC	mov     ebx, large fs:30h       	EBX=7FFDC000                            	
00000220	Stack[000007B0]:0012FEFF	xor     [eax], al               	ESP=0012FF08                            	
00000220	Stack[000007B0]:0012FF00	                                	EBX=7FFDC000                            	
00000220	Stack[000007B0]:0012FF03	retn                            	ESP=0012FF0C                            	
00000220	Stack[000007B0]:0012FF04	cld                             	EBX=7FFDC000                            	
00000220	Stack[000007B0]:0012FF07	add     [edx-9FFBFE5h], ah      	ESP=0012FF10                            	
00000220	Stack[000007B0]:0012FF08	mov     ds:0F600401Bh, al       	EBX=7FFDC000                            	
00000220	Stack[000007B0]:0012FF0B	add     dh, dh                  	ESP=0012FF14                            	
00000220	Stack[000007B0]:0012FF0C	test    byte ptr [ecx], 0       	EBX=7FFDC000                            	
00000220	Stack[000007B0]:0012FF0F	add     [esi], dh               	ESP=0012FF18                            	
00000220	Stack[000007B0]:0012FF10	pop     ss                      	EBX=7FFDC000                            	
00000220	Stack[000007B0]:0012FF13	add     [esi], dh               	ESP=0012FF1C                            	
00000220	Stack[000007B0]:0012FF14	pop     ss                      	EBX=7FFDC000                            	
00000220	Stack[000007B0]:0012FF17	add     [esi], dh               	ESP=0012FF20                            	
00000220	Stack[000007B0]:0012FF18	pop     ss                      	EBX=7FFDC000                            	
00000220	Stack[000007B0]:0012FF1B	add     [esi], dh               	ESP=0012FF24                            	
00000220	Stack[000007B0]:0012FF1C	pop     ss                      	EBX=7FFDC000                            	
00000220	Stack[000007B0]:0012FF1F	add     [esi], dh               	ESP=0012FF28                            	
00000220	Stack[000007B0]:0012FF20	pop     ss                      	EBX=7FFDC000                            	
00000220	Stack[000007B0]:0012FF23	add     [esi], dh               	ESP=0012FF2C                            	
00000220	Stack[000007B0]:0012FF24	pop     ss                      	EBX=7FFDC000                            	
00000220	Stack[000007B0]:0012FF27	add     [esi], dh               	ESP=0012FF30                            	
00000220	Stack[000007B0]:0012FF28	pop     ss                      	EBX=7FFDC000                            	
00000220	Stack[000007B0]:0012FF2B	add     [esi], dh               	ESP=0012FF34                            	
00000220	Stack[000007B0]:0012FF2C	pop     ss                      	EBX=7FFDC000                            	
00000220	Stack[000007B0]:0012FF2F	add     [esi], dh               	ESP=0012FF38                            	
00000220	Stack[000007B0]:0012FF30	pop     ss                      	EBX=7FFDC000                            	
00000220	Stack[000007B0]:0012FF33	add     [esi], dh               	ESP=0012FF3C                            	
00000220	Stack[000007B0]:0012FF34	pop     ss                      	EBX=7FFDC000                            	
00000220	Stack[000007B0]:0012FF37	add     [esi], dh               	ESP=0012FF40                            	
00000220	Stack[000007B0]:0012FF38	pop     ss                      	EBX=7FFDC000                            	
00000220	Stack[000007B0]:0012FF3B	add     [esi], dh               	ESP=0012FF44                            	
00000220	Stack[000007B0]:0012FF3C	pop     ss                      	EBX=7FFDC000                            	
00000220	Stack[000007B0]:0012FF3F	add     [esi], dh               	ESP=0012FF48                            	
00000220	Stack[000007B0]:0012FF40	pop     ss                      	EBX=7FFDC000                            	
00000220	Stack[000007B0]:0012FF43	add     [esi], dh               	ESP=0012FF4C                            	
00000220	Stack[000007B0]:0012FF44	pop     ss                      	EBX=7FFDC000                            	
00000220	Stack[000007B0]:0012FF47	add     [esi], dh               	ESP=0012FF50                            	
00000220	Stack[000007B0]:0012FF48	pop     ss                      	EBX=7FFDC000                            	
00000220	Stack[000007B0]:0012FF4B	add     [esi], dh               	ESP=0012FF54                            	
00000220	Stack[000007B0]:0012FF4C	pop     ss                      	EBX=7FFDC000                            	
00000220	Stack[000007B0]:0012FF4F	add     [esi], dh               	ESP=0012FF58                            	
00000220	Stack[000007B0]:0012FF50	pop     ss                      	EBX=7FFDC000                            	
00000220	Stack[000007B0]:0012FF53	add     [esi], dh               	ESP=0012FF5C                            	
00000220	Stack[000007B0]:0012FF54	pop     ss                      	EBX=7FFDC000                            	
00000220	Stack[000007B0]:0012FF57	add     [esi], dh               	ESP=0012FF60                            	
00000220	Stack[000007B0]:0012FF58	pop     ss                      	EBX=7FFDC000                            	
00000220	Stack[000007B0]:0012FF5B	add     [esi], dh               	ESP=0012FF64                            	
00000220	Stack[000007B0]:0012FF5C	pop     ss                      	EBX=7FFDC000                            	
00000220	Stack[000007B0]:0012FF5F	add     [esi], dh               	ESP=0012FF68                            	
00000220	Stack[000007B0]:0012FF60	pop     ss                      	EBX=7FFDC000                            	
00000220	Stack[000007B0]:0012FF63	add     [esi], dh               	ESP=0012FF6C                            	
00000220	Stack[000007B0]:0012FF64	pop     ss                      	EBX=7FFDC000                            	
00000220	Stack[000007B0]:0012FF67	add     [esi], dh               	ESP=0012FF70                            	
00000220	Stack[000007B0]:0012FF68	pop     ss                      	EBX=7FFDC000                            	
00000220	Stack[000007B0]:0012FF6B	add     [esi], dh               	ESP=0012FF74                            	
00000220	Stack[000007B0]:0012FF6C	pop     ss                      	EBX=7FFDC000                            	
00000220	Stack[000007B0]:0012FF6F	add     [esi], dh               	ESP=0012FF78                            	
00000220	Stack[000007B0]:0012FF70	pop     ss                      	EBX=7FFDC000                            	
00000220	Stack[000007B0]:0012FF73	add     [esi], dh               	ESP=0012FF7C                            	
00000220	Stack[000007B0]:0012FF77	add     [esi], dh               	ESP=0012FF80                            	
00000220	Stack[000007B0]:unk_12FE3F	inc     ebx                     	ESP=0012FE48                            	
00000220	Stack[000007B0]:unk_12FE83	sar     cl, cl                  	ESP=0012FE8C                            	
Thread  	Address                 	Instruction                     	Result                                  	
